INFO - 2024-09-22 07:44:22 --> Session: Class initialized using 'CodeIgniter\Session\Handlers\FileHandler' driver.
INFO - 2024-09-22 07:46:49 --> Session: Class initialized using 'CodeIgniter\Session\Handlers\FileHandler' driver.
INFO - 2024-09-22 07:46:52 --> Session: Class initialized using 'CodeIgniter\Session\Handlers\FileHandler' driver.
INFO - 2024-09-22 07:47:06 --> Session: Class initialized using 'CodeIgniter\Session\Handlers\FileHandler' driver.
INFO - 2024-09-22 08:08:15 --> Session: Class initialized using 'CodeIgniter\Session\Handlers\FileHandler' driver.
INFO - 2024-09-22 08:08:30 --> Session: Class initialized using 'CodeIgniter\Session\Handlers\FileHandler' driver.
INFO - 2024-09-22 08:08:33 --> Session: Class initialized using 'CodeIgniter\Session\Handlers\FileHandler' driver.
INFO - 2024-09-22 08:08:33 --> Client ID: 1
INFO - 2024-09-22 08:08:35 --> Session: Class initialized using 'CodeIgniter\Session\Handlers\FileHandler' driver.
INFO - 2024-09-22 08:08:35 --> Client ID: 1
INFO - 2024-09-22 08:08:39 --> Session: Class initialized using 'CodeIgniter\Session\Handlers\FileHandler' driver.
INFO - 2024-09-22 08:08:51 --> Session: Class initialized using 'CodeIgniter\Session\Handlers\FileHandler' driver.
INFO - 2024-09-22 08:08:53 --> Session: Class initialized using 'CodeIgniter\Session\Handlers\FileHandler' driver.
INFO - 2024-09-22 08:08:53 --> Client ID: 1
INFO - 2024-09-22 08:08:54 --> Session: Class initialized using 'CodeIgniter\Session\Handlers\FileHandler' driver.
INFO - 2024-09-22 08:08:54 --> Client ID: 1
INFO - 2024-09-22 08:08:59 --> Session: Class initialized using 'CodeIgniter\Session\Handlers\FileHandler' driver.
INFO - 2024-09-22 08:08:59 --> Client ID: 4
INFO - 2024-09-22 08:09:00 --> Session: Class initialized using 'CodeIgniter\Session\Handlers\FileHandler' driver.
INFO - 2024-09-22 08:09:00 --> Client ID: 4
INFO - 2024-09-22 08:09:04 --> Session: Class initialized using 'CodeIgniter\Session\Handlers\FileHandler' driver.
INFO - 2024-09-22 08:09:09 --> Session: Class initialized using 'CodeIgniter\Session\Handlers\FileHandler' driver.
INFO - 2024-09-22 08:09:11 --> Session: Class initialized using 'CodeIgniter\Session\Handlers\FileHandler' driver.
INFO - 2024-09-22 08:09:11 --> Client ID: 1
INFO - 2024-09-22 08:09:12 --> Session: Class initialized using 'CodeIgniter\Session\Handlers\FileHandler' driver.
INFO - 2024-09-22 08:09:12 --> Client ID: 1
INFO - 2024-09-22 08:09:17 --> Session: Class initialized using 'CodeIgniter\Session\Handlers\FileHandler' driver.
INFO - 2024-09-22 08:09:21 --> Session: Class initialized using 'CodeIgniter\Session\Handlers\FileHandler' driver.
INFO - 2024-09-22 08:09:28 --> Session: Class initialized using 'CodeIgniter\Session\Handlers\FileHandler' driver.
INFO - 2024-09-22 08:09:29 --> Session: Class initialized using 'CodeIgniter\Session\Handlers\FileHandler' driver.
INFO - 2024-09-22 08:09:31 --> Session: Class initialized using 'CodeIgniter\Session\Handlers\FileHandler' driver.
INFO - 2024-09-22 08:09:32 --> Session: Class initialized using 'CodeIgniter\Session\Handlers\FileHandler' driver.
INFO - 2024-09-22 08:09:37 --> Session: Class initialized using 'CodeIgniter\Session\Handlers\FileHandler' driver.
INFO - 2024-09-22 08:09:40 --> Session: Class initialized using 'CodeIgniter\Session\Handlers\FileHandler' driver.
INFO - 2024-09-22 08:09:48 --> Session: Class initialized using 'CodeIgniter\Session\Handlers\FileHandler' driver.
ERROR - 2024-09-22 08:09:48 --> mysqli_sql_exception: Unknown column 'currency.Currency' in 'where clause' in C:\xampp\htdocs\HMS_RegexByte\system\Database\MySQLi\Connection.php:306
Stack trace:
#0 C:\xampp\htdocs\HMS_RegexByte\system\Database\MySQLi\Connection.php(306): mysqli->query('SELECT SUM(`Val...', 0)
#1 C:\xampp\htdocs\HMS_RegexByte\system\Database\BaseConnection.php(693): CodeIgniter\Database\MySQLi\Connection->execute('SELECT SUM(`Val...')
#2 C:\xampp\htdocs\HMS_RegexByte\system\Database\BaseConnection.php(607): CodeIgniter\Database\BaseConnection->simpleQuery('SELECT SUM(`Val...')
#3 C:\xampp\htdocs\HMS_RegexByte\system\Database\BaseBuilder.php(1615): CodeIgniter\Database\BaseConnection->query('SELECT SUM(`Val...', Array, false)
#4 C:\xampp\htdocs\HMS_RegexByte\app\Models\salesModel.php(476): CodeIgniter\Database\BaseBuilder->get()
#5 C:\xampp\htdocs\HMS_RegexByte\app\Controllers\ReportsController.php(297): App\Models\salesModel->gettotalServiceFee('b', '', '', '', '', '')
#6 C:\xampp\htdocs\HMS_RegexByte\system\CodeIgniter.php(942): App\Controllers\ReportsController->services_report()
#7 C:\xampp\htdocs\HMS_RegexByte\system\CodeIgniter.php(502): CodeIgniter\CodeIgniter->runController(Object(App\Controllers\ReportsController))
#8 C:\xampp\htdocs\HMS_RegexByte\system\CodeIgniter.php(361): CodeIgniter\CodeIgniter->handleRequest(NULL, Object(Config\Cache), false)
#9 C:\xampp\htdocs\HMS_RegexByte\index.php(79): CodeIgniter\CodeIgniter->run()
#10 {main}
CRITICAL - 2024-09-22 08:09:49 --> Unknown column 'currency.Currency' in 'where clause'
in SYSTEMPATH\Database\BaseConnection.php on line 647.
 1 SYSTEMPATH\Database\BaseBuilder.php(1615): CodeIgniter\Database\BaseConnection->query('SELECT SUM(`Value`) AS `totalServiceFee`
FROM `invoices`
JOIN `client` ON `client`.`idClient` = `invoices`.`idClient`
JOIN `paymentmethods` ON `paymentmethods`.`idPaymentMethods` = `invoices`.`paymentMethod`
WHERE `invoices`.`idBusiness` = :invoices.idBusiness:
AND `invoices`.`isSummaryInvoice` = :invoices.isSummaryInvoice:
AND   (
`invoices`.`invOrdNum` LIKE :invoices.invOrdNum: ESCAPE \'!\'
OR  `client`.`client` LIKE :client.client: ESCAPE \'!\'
OR  `currency`.`Currency` LIKE :currency.Currency: ESCAPE \'!\'
OR  `paymentmethods`.`Method` LIKE :paymentmethods.Method: ESCAPE \'!\'
 )', [...], false)
 2 APPPATH\Models\salesModel.php(476): CodeIgniter\Database\BaseBuilder->get()
 3 APPPATH\Controllers\ReportsController.php(297): App\Models\salesModel->gettotalServiceFee('b', '', '', '', '', '')
 4 SYSTEMPATH\CodeIgniter.php(942): App\Controllers\ReportsController->services_report()
 5 SYSTEMPATH\CodeIgniter.php(502): CodeIgniter\CodeIgniter->runController(Object(App\Controllers\ReportsController))
 6 SYSTEMPATH\CodeIgniter.php(361): CodeIgniter\CodeIgniter->handleRequest(null, Object(Config\Cache), false)
 7 FCPATH\index.php(79): CodeIgniter\CodeIgniter->run()
INFO - 2024-09-22 08:09:51 --> Session: Class initialized using 'CodeIgniter\Session\Handlers\FileHandler' driver.
INFO - 2024-09-22 08:09:59 --> Session: Class initialized using 'CodeIgniter\Session\Handlers\FileHandler' driver.
ERROR - 2024-09-22 08:09:59 --> mysqli_sql_exception: Unknown column 'currency.Currency' in 'where clause' in C:\xampp\htdocs\HMS_RegexByte\system\Database\MySQLi\Connection.php:306
Stack trace:
#0 C:\xampp\htdocs\HMS_RegexByte\system\Database\MySQLi\Connection.php(306): mysqli->query('SELECT SUM(`Val...', 0)
#1 C:\xampp\htdocs\HMS_RegexByte\system\Database\BaseConnection.php(693): CodeIgniter\Database\MySQLi\Connection->execute('SELECT SUM(`Val...')
#2 C:\xampp\htdocs\HMS_RegexByte\system\Database\BaseConnection.php(607): CodeIgniter\Database\BaseConnection->simpleQuery('SELECT SUM(`Val...')
#3 C:\xampp\htdocs\HMS_RegexByte\system\Database\BaseBuilder.php(1615): CodeIgniter\Database\BaseConnection->query('SELECT SUM(`Val...', Array, false)
#4 C:\xampp\htdocs\HMS_RegexByte\app\Models\salesModel.php(476): CodeIgniter\Database\BaseBuilder->get()
#5 C:\xampp\htdocs\HMS_RegexByte\app\Controllers\ReportsController.php(297): App\Models\salesModel->gettotalServiceFee('J', '', '', '', '', '')
#6 C:\xampp\htdocs\HMS_RegexByte\system\CodeIgniter.php(942): App\Controllers\ReportsController->services_report()
#7 C:\xampp\htdocs\HMS_RegexByte\system\CodeIgniter.php(502): CodeIgniter\CodeIgniter->runController(Object(App\Controllers\ReportsController))
#8 C:\xampp\htdocs\HMS_RegexByte\system\CodeIgniter.php(361): CodeIgniter\CodeIgniter->handleRequest(NULL, Object(Config\Cache), false)
#9 C:\xampp\htdocs\HMS_RegexByte\index.php(79): CodeIgniter\CodeIgniter->run()
#10 {main}
CRITICAL - 2024-09-22 08:09:59 --> Unknown column 'currency.Currency' in 'where clause'
in SYSTEMPATH\Database\BaseConnection.php on line 647.
 1 SYSTEMPATH\Database\BaseBuilder.php(1615): CodeIgniter\Database\BaseConnection->query('SELECT SUM(`Value`) AS `totalServiceFee`
FROM `invoices`
JOIN `client` ON `client`.`idClient` = `invoices`.`idClient`
JOIN `paymentmethods` ON `paymentmethods`.`idPaymentMethods` = `invoices`.`paymentMethod`
WHERE `invoices`.`idBusiness` = :invoices.idBusiness:
AND `invoices`.`isSummaryInvoice` = :invoices.isSummaryInvoice:
AND   (
`invoices`.`invOrdNum` LIKE :invoices.invOrdNum: ESCAPE \'!\'
OR  `client`.`client` LIKE :client.client: ESCAPE \'!\'
OR  `currency`.`Currency` LIKE :currency.Currency: ESCAPE \'!\'
OR  `paymentmethods`.`Method` LIKE :paymentmethods.Method: ESCAPE \'!\'
 )', [...], false)
 2 APPPATH\Models\salesModel.php(476): CodeIgniter\Database\BaseBuilder->get()
 3 APPPATH\Controllers\ReportsController.php(297): App\Models\salesModel->gettotalServiceFee('J', '', '', '', '', '')
 4 SYSTEMPATH\CodeIgniter.php(942): App\Controllers\ReportsController->services_report()
 5 SYSTEMPATH\CodeIgniter.php(502): CodeIgniter\CodeIgniter->runController(Object(App\Controllers\ReportsController))
 6 SYSTEMPATH\CodeIgniter.php(361): CodeIgniter\CodeIgniter->handleRequest(null, Object(Config\Cache), false)
 7 FCPATH\index.php(79): CodeIgniter\CodeIgniter->run()
INFO - 2024-09-22 08:09:59 --> Session: Class initialized using 'CodeIgniter\Session\Handlers\FileHandler' driver.
ERROR - 2024-09-22 08:10:00 --> mysqli_sql_exception: Unknown column 'currency.Currency' in 'where clause' in C:\xampp\htdocs\HMS_RegexByte\system\Database\MySQLi\Connection.php:306
Stack trace:
#0 C:\xampp\htdocs\HMS_RegexByte\system\Database\MySQLi\Connection.php(306): mysqli->query('SELECT SUM(`Val...', 0)
#1 C:\xampp\htdocs\HMS_RegexByte\system\Database\BaseConnection.php(693): CodeIgniter\Database\MySQLi\Connection->execute('SELECT SUM(`Val...')
#2 C:\xampp\htdocs\HMS_RegexByte\system\Database\BaseConnection.php(607): CodeIgniter\Database\BaseConnection->simpleQuery('SELECT SUM(`Val...')
#3 C:\xampp\htdocs\HMS_RegexByte\system\Database\BaseBuilder.php(1615): CodeIgniter\Database\BaseConnection->query('SELECT SUM(`Val...', Array, false)
#4 C:\xampp\htdocs\HMS_RegexByte\app\Models\salesModel.php(476): CodeIgniter\Database\BaseBuilder->get()
#5 C:\xampp\htdocs\HMS_RegexByte\app\Controllers\ReportsController.php(297): App\Models\salesModel->gettotalServiceFee('Jo', '', '', '', '', '')
#6 C:\xampp\htdocs\HMS_RegexByte\system\CodeIgniter.php(942): App\Controllers\ReportsController->services_report()
#7 C:\xampp\htdocs\HMS_RegexByte\system\CodeIgniter.php(502): CodeIgniter\CodeIgniter->runController(Object(App\Controllers\ReportsController))
#8 C:\xampp\htdocs\HMS_RegexByte\system\CodeIgniter.php(361): CodeIgniter\CodeIgniter->handleRequest(NULL, Object(Config\Cache), false)
#9 C:\xampp\htdocs\HMS_RegexByte\index.php(79): CodeIgniter\CodeIgniter->run()
#10 {main}
CRITICAL - 2024-09-22 08:10:00 --> Unknown column 'currency.Currency' in 'where clause'
in SYSTEMPATH\Database\BaseConnection.php on line 647.
 1 SYSTEMPATH\Database\BaseBuilder.php(1615): CodeIgniter\Database\BaseConnection->query('SELECT SUM(`Value`) AS `totalServiceFee`
FROM `invoices`
JOIN `client` ON `client`.`idClient` = `invoices`.`idClient`
JOIN `paymentmethods` ON `paymentmethods`.`idPaymentMethods` = `invoices`.`paymentMethod`
WHERE `invoices`.`idBusiness` = :invoices.idBusiness:
AND `invoices`.`isSummaryInvoice` = :invoices.isSummaryInvoice:
AND   (
`invoices`.`invOrdNum` LIKE :invoices.invOrdNum: ESCAPE \'!\'
OR  `client`.`client` LIKE :client.client: ESCAPE \'!\'
OR  `currency`.`Currency` LIKE :currency.Currency: ESCAPE \'!\'
OR  `paymentmethods`.`Method` LIKE :paymentmethods.Method: ESCAPE \'!\'
 )', [...], false)
 2 APPPATH\Models\salesModel.php(476): CodeIgniter\Database\BaseBuilder->get()
 3 APPPATH\Controllers\ReportsController.php(297): App\Models\salesModel->gettotalServiceFee('Jo', '', '', '', '', '')
 4 SYSTEMPATH\CodeIgniter.php(942): App\Controllers\ReportsController->services_report()
 5 SYSTEMPATH\CodeIgniter.php(502): CodeIgniter\CodeIgniter->runController(Object(App\Controllers\ReportsController))
 6 SYSTEMPATH\CodeIgniter.php(361): CodeIgniter\CodeIgniter->handleRequest(null, Object(Config\Cache), false)
 7 FCPATH\index.php(79): CodeIgniter\CodeIgniter->run()
INFO - 2024-09-22 08:10:00 --> Session: Class initialized using 'CodeIgniter\Session\Handlers\FileHandler' driver.
ERROR - 2024-09-22 08:10:01 --> mysqli_sql_exception: Unknown column 'currency.Currency' in 'where clause' in C:\xampp\htdocs\HMS_RegexByte\system\Database\MySQLi\Connection.php:306
Stack trace:
#0 C:\xampp\htdocs\HMS_RegexByte\system\Database\MySQLi\Connection.php(306): mysqli->query('SELECT SUM(`Val...', 0)
#1 C:\xampp\htdocs\HMS_RegexByte\system\Database\BaseConnection.php(693): CodeIgniter\Database\MySQLi\Connection->execute('SELECT SUM(`Val...')
#2 C:\xampp\htdocs\HMS_RegexByte\system\Database\BaseConnection.php(607): CodeIgniter\Database\BaseConnection->simpleQuery('SELECT SUM(`Val...')
#3 C:\xampp\htdocs\HMS_RegexByte\system\Database\BaseBuilder.php(1615): CodeIgniter\Database\BaseConnection->query('SELECT SUM(`Val...', Array, false)
#4 C:\xampp\htdocs\HMS_RegexByte\app\Models\salesModel.php(476): CodeIgniter\Database\BaseBuilder->get()
#5 C:\xampp\htdocs\HMS_RegexByte\app\Controllers\ReportsController.php(297): App\Models\salesModel->gettotalServiceFee('Joh', '', '', '', '', '')
#6 C:\xampp\htdocs\HMS_RegexByte\system\CodeIgniter.php(942): App\Controllers\ReportsController->services_report()
#7 C:\xampp\htdocs\HMS_RegexByte\system\CodeIgniter.php(502): CodeIgniter\CodeIgniter->runController(Object(App\Controllers\ReportsController))
#8 C:\xampp\htdocs\HMS_RegexByte\system\CodeIgniter.php(361): CodeIgniter\CodeIgniter->handleRequest(NULL, Object(Config\Cache), false)
#9 C:\xampp\htdocs\HMS_RegexByte\index.php(79): CodeIgniter\CodeIgniter->run()
#10 {main}
CRITICAL - 2024-09-22 08:10:01 --> Unknown column 'currency.Currency' in 'where clause'
in SYSTEMPATH\Database\BaseConnection.php on line 647.
 1 SYSTEMPATH\Database\BaseBuilder.php(1615): CodeIgniter\Database\BaseConnection->query('SELECT SUM(`Value`) AS `totalServiceFee`
FROM `invoices`
JOIN `client` ON `client`.`idClient` = `invoices`.`idClient`
JOIN `paymentmethods` ON `paymentmethods`.`idPaymentMethods` = `invoices`.`paymentMethod`
WHERE `invoices`.`idBusiness` = :invoices.idBusiness:
AND `invoices`.`isSummaryInvoice` = :invoices.isSummaryInvoice:
AND   (
`invoices`.`invOrdNum` LIKE :invoices.invOrdNum: ESCAPE \'!\'
OR  `client`.`client` LIKE :client.client: ESCAPE \'!\'
OR  `currency`.`Currency` LIKE :currency.Currency: ESCAPE \'!\'
OR  `paymentmethods`.`Method` LIKE :paymentmethods.Method: ESCAPE \'!\'
 )', [...], false)
 2 APPPATH\Models\salesModel.php(476): CodeIgniter\Database\BaseBuilder->get()
 3 APPPATH\Controllers\ReportsController.php(297): App\Models\salesModel->gettotalServiceFee('Joh', '', '', '', '', '')
 4 SYSTEMPATH\CodeIgniter.php(942): App\Controllers\ReportsController->services_report()
 5 SYSTEMPATH\CodeIgniter.php(502): CodeIgniter\CodeIgniter->runController(Object(App\Controllers\ReportsController))
 6 SYSTEMPATH\CodeIgniter.php(361): CodeIgniter\CodeIgniter->handleRequest(null, Object(Config\Cache), false)
 7 FCPATH\index.php(79): CodeIgniter\CodeIgniter->run()
INFO - 2024-09-22 08:10:01 --> Session: Class initialized using 'CodeIgniter\Session\Handlers\FileHandler' driver.
ERROR - 2024-09-22 08:10:01 --> mysqli_sql_exception: Unknown column 'currency.Currency' in 'where clause' in C:\xampp\htdocs\HMS_RegexByte\system\Database\MySQLi\Connection.php:306
Stack trace:
#0 C:\xampp\htdocs\HMS_RegexByte\system\Database\MySQLi\Connection.php(306): mysqli->query('SELECT SUM(`Val...', 0)
#1 C:\xampp\htdocs\HMS_RegexByte\system\Database\BaseConnection.php(693): CodeIgniter\Database\MySQLi\Connection->execute('SELECT SUM(`Val...')
#2 C:\xampp\htdocs\HMS_RegexByte\system\Database\BaseConnection.php(607): CodeIgniter\Database\BaseConnection->simpleQuery('SELECT SUM(`Val...')
#3 C:\xampp\htdocs\HMS_RegexByte\system\Database\BaseBuilder.php(1615): CodeIgniter\Database\BaseConnection->query('SELECT SUM(`Val...', Array, false)
#4 C:\xampp\htdocs\HMS_RegexByte\app\Models\salesModel.php(476): CodeIgniter\Database\BaseBuilder->get()
#5 C:\xampp\htdocs\HMS_RegexByte\app\Controllers\ReportsController.php(297): App\Models\salesModel->gettotalServiceFee('John', '', '', '', '', '')
#6 C:\xampp\htdocs\HMS_RegexByte\system\CodeIgniter.php(942): App\Controllers\ReportsController->services_report()
#7 C:\xampp\htdocs\HMS_RegexByte\system\CodeIgniter.php(502): CodeIgniter\CodeIgniter->runController(Object(App\Controllers\ReportsController))
#8 C:\xampp\htdocs\HMS_RegexByte\system\CodeIgniter.php(361): CodeIgniter\CodeIgniter->handleRequest(NULL, Object(Config\Cache), false)
#9 C:\xampp\htdocs\HMS_RegexByte\index.php(79): CodeIgniter\CodeIgniter->run()
#10 {main}
CRITICAL - 2024-09-22 08:10:01 --> Unknown column 'currency.Currency' in 'where clause'
in SYSTEMPATH\Database\BaseConnection.php on line 647.
 1 SYSTEMPATH\Database\BaseBuilder.php(1615): CodeIgniter\Database\BaseConnection->query('SELECT SUM(`Value`) AS `totalServiceFee`
FROM `invoices`
JOIN `client` ON `client`.`idClient` = `invoices`.`idClient`
JOIN `paymentmethods` ON `paymentmethods`.`idPaymentMethods` = `invoices`.`paymentMethod`
WHERE `invoices`.`idBusiness` = :invoices.idBusiness:
AND `invoices`.`isSummaryInvoice` = :invoices.isSummaryInvoice:
AND   (
`invoices`.`invOrdNum` LIKE :invoices.invOrdNum: ESCAPE \'!\'
OR  `client`.`client` LIKE :client.client: ESCAPE \'!\'
OR  `currency`.`Currency` LIKE :currency.Currency: ESCAPE \'!\'
OR  `paymentmethods`.`Method` LIKE :paymentmethods.Method: ESCAPE \'!\'
 )', [...], false)
 2 APPPATH\Models\salesModel.php(476): CodeIgniter\Database\BaseBuilder->get()
 3 APPPATH\Controllers\ReportsController.php(297): App\Models\salesModel->gettotalServiceFee('John', '', '', '', '', '')
 4 SYSTEMPATH\CodeIgniter.php(942): App\Controllers\ReportsController->services_report()
 5 SYSTEMPATH\CodeIgniter.php(502): CodeIgniter\CodeIgniter->runController(Object(App\Controllers\ReportsController))
 6 SYSTEMPATH\CodeIgniter.php(361): CodeIgniter\CodeIgniter->handleRequest(null, Object(Config\Cache), false)
 7 FCPATH\index.php(79): CodeIgniter\CodeIgniter->run()
INFO - 2024-09-22 08:10:02 --> Session: Class initialized using 'CodeIgniter\Session\Handlers\FileHandler' driver.
ERROR - 2024-09-22 08:10:02 --> mysqli_sql_exception: Unknown column 'currency.Currency' in 'where clause' in C:\xampp\htdocs\HMS_RegexByte\system\Database\MySQLi\Connection.php:306
Stack trace:
#0 C:\xampp\htdocs\HMS_RegexByte\system\Database\MySQLi\Connection.php(306): mysqli->query('SELECT SUM(`Val...', 0)
#1 C:\xampp\htdocs\HMS_RegexByte\system\Database\BaseConnection.php(693): CodeIgniter\Database\MySQLi\Connection->execute('SELECT SUM(`Val...')
#2 C:\xampp\htdocs\HMS_RegexByte\system\Database\BaseConnection.php(607): CodeIgniter\Database\BaseConnection->simpleQuery('SELECT SUM(`Val...')
#3 C:\xampp\htdocs\HMS_RegexByte\system\Database\BaseBuilder.php(1615): CodeIgniter\Database\BaseConnection->query('SELECT SUM(`Val...', Array, false)
#4 C:\xampp\htdocs\HMS_RegexByte\app\Models\salesModel.php(476): CodeIgniter\Database\BaseBuilder->get()
#5 C:\xampp\htdocs\HMS_RegexByte\app\Controllers\ReportsController.php(297): App\Models\salesModel->gettotalServiceFee('John ', '', '', '', '', '')
#6 C:\xampp\htdocs\HMS_RegexByte\system\CodeIgniter.php(942): App\Controllers\ReportsController->services_report()
#7 C:\xampp\htdocs\HMS_RegexByte\system\CodeIgniter.php(502): CodeIgniter\CodeIgniter->runController(Object(App\Controllers\ReportsController))
#8 C:\xampp\htdocs\HMS_RegexByte\system\CodeIgniter.php(361): CodeIgniter\CodeIgniter->handleRequest(NULL, Object(Config\Cache), false)
#9 C:\xampp\htdocs\HMS_RegexByte\index.php(79): CodeIgniter\CodeIgniter->run()
#10 {main}
CRITICAL - 2024-09-22 08:10:02 --> Unknown column 'currency.Currency' in 'where clause'
in SYSTEMPATH\Database\BaseConnection.php on line 647.
 1 SYSTEMPATH\Database\BaseBuilder.php(1615): CodeIgniter\Database\BaseConnection->query('SELECT SUM(`Value`) AS `totalServiceFee`
FROM `invoices`
JOIN `client` ON `client`.`idClient` = `invoices`.`idClient`
JOIN `paymentmethods` ON `paymentmethods`.`idPaymentMethods` = `invoices`.`paymentMethod`
WHERE `invoices`.`idBusiness` = :invoices.idBusiness:
AND `invoices`.`isSummaryInvoice` = :invoices.isSummaryInvoice:
AND   (
`invoices`.`invOrdNum` LIKE :invoices.invOrdNum: ESCAPE \'!\'
OR  `client`.`client` LIKE :client.client: ESCAPE \'!\'
OR  `currency`.`Currency` LIKE :currency.Currency: ESCAPE \'!\'
OR  `paymentmethods`.`Method` LIKE :paymentmethods.Method: ESCAPE \'!\'
 )', [...], false)
 2 APPPATH\Models\salesModel.php(476): CodeIgniter\Database\BaseBuilder->get()
 3 APPPATH\Controllers\ReportsController.php(297): App\Models\salesModel->gettotalServiceFee('John ', '', '', '', '', '')
 4 SYSTEMPATH\CodeIgniter.php(942): App\Controllers\ReportsController->services_report()
 5 SYSTEMPATH\CodeIgniter.php(502): CodeIgniter\CodeIgniter->runController(Object(App\Controllers\ReportsController))
 6 SYSTEMPATH\CodeIgniter.php(361): CodeIgniter\CodeIgniter->handleRequest(null, Object(Config\Cache), false)
 7 FCPATH\index.php(79): CodeIgniter\CodeIgniter->run()
INFO - 2024-09-22 08:10:02 --> Session: Class initialized using 'CodeIgniter\Session\Handlers\FileHandler' driver.
ERROR - 2024-09-22 08:10:02 --> mysqli_sql_exception: Unknown column 'currency.Currency' in 'where clause' in C:\xampp\htdocs\HMS_RegexByte\system\Database\MySQLi\Connection.php:306
Stack trace:
#0 C:\xampp\htdocs\HMS_RegexByte\system\Database\MySQLi\Connection.php(306): mysqli->query('SELECT SUM(`Val...', 0)
#1 C:\xampp\htdocs\HMS_RegexByte\system\Database\BaseConnection.php(693): CodeIgniter\Database\MySQLi\Connection->execute('SELECT SUM(`Val...')
#2 C:\xampp\htdocs\HMS_RegexByte\system\Database\BaseConnection.php(607): CodeIgniter\Database\BaseConnection->simpleQuery('SELECT SUM(`Val...')
#3 C:\xampp\htdocs\HMS_RegexByte\system\Database\BaseBuilder.php(1615): CodeIgniter\Database\BaseConnection->query('SELECT SUM(`Val...', Array, false)
#4 C:\xampp\htdocs\HMS_RegexByte\app\Models\salesModel.php(476): CodeIgniter\Database\BaseBuilder->get()
#5 C:\xampp\htdocs\HMS_RegexByte\app\Controllers\ReportsController.php(297): App\Models\salesModel->gettotalServiceFee('John D', '', '', '', '', '')
#6 C:\xampp\htdocs\HMS_RegexByte\system\CodeIgniter.php(942): App\Controllers\ReportsController->services_report()
#7 C:\xampp\htdocs\HMS_RegexByte\system\CodeIgniter.php(502): CodeIgniter\CodeIgniter->runController(Object(App\Controllers\ReportsController))
#8 C:\xampp\htdocs\HMS_RegexByte\system\CodeIgniter.php(361): CodeIgniter\CodeIgniter->handleRequest(NULL, Object(Config\Cache), false)
#9 C:\xampp\htdocs\HMS_RegexByte\index.php(79): CodeIgniter\CodeIgniter->run()
#10 {main}
CRITICAL - 2024-09-22 08:10:02 --> Unknown column 'currency.Currency' in 'where clause'
in SYSTEMPATH\Database\BaseConnection.php on line 647.
 1 SYSTEMPATH\Database\BaseBuilder.php(1615): CodeIgniter\Database\BaseConnection->query('SELECT SUM(`Value`) AS `totalServiceFee`
FROM `invoices`
JOIN `client` ON `client`.`idClient` = `invoices`.`idClient`
JOIN `paymentmethods` ON `paymentmethods`.`idPaymentMethods` = `invoices`.`paymentMethod`
WHERE `invoices`.`idBusiness` = :invoices.idBusiness:
AND `invoices`.`isSummaryInvoice` = :invoices.isSummaryInvoice:
AND   (
`invoices`.`invOrdNum` LIKE :invoices.invOrdNum: ESCAPE \'!\'
OR  `client`.`client` LIKE :client.client: ESCAPE \'!\'
OR  `currency`.`Currency` LIKE :currency.Currency: ESCAPE \'!\'
OR  `paymentmethods`.`Method` LIKE :paymentmethods.Method: ESCAPE \'!\'
 )', [...], false)
 2 APPPATH\Models\salesModel.php(476): CodeIgniter\Database\BaseBuilder->get()
 3 APPPATH\Controllers\ReportsController.php(297): App\Models\salesModel->gettotalServiceFee('John D', '', '', '', '', '')
 4 SYSTEMPATH\CodeIgniter.php(942): App\Controllers\ReportsController->services_report()
 5 SYSTEMPATH\CodeIgniter.php(502): CodeIgniter\CodeIgniter->runController(Object(App\Controllers\ReportsController))
 6 SYSTEMPATH\CodeIgniter.php(361): CodeIgniter\CodeIgniter->handleRequest(null, Object(Config\Cache), false)
 7 FCPATH\index.php(79): CodeIgniter\CodeIgniter->run()
INFO - 2024-09-22 08:10:03 --> Session: Class initialized using 'CodeIgniter\Session\Handlers\FileHandler' driver.
ERROR - 2024-09-22 08:10:03 --> mysqli_sql_exception: Unknown column 'currency.Currency' in 'where clause' in C:\xampp\htdocs\HMS_RegexByte\system\Database\MySQLi\Connection.php:306
Stack trace:
#0 C:\xampp\htdocs\HMS_RegexByte\system\Database\MySQLi\Connection.php(306): mysqli->query('SELECT SUM(`Val...', 0)
#1 C:\xampp\htdocs\HMS_RegexByte\system\Database\BaseConnection.php(693): CodeIgniter\Database\MySQLi\Connection->execute('SELECT SUM(`Val...')
#2 C:\xampp\htdocs\HMS_RegexByte\system\Database\BaseConnection.php(607): CodeIgniter\Database\BaseConnection->simpleQuery('SELECT SUM(`Val...')
#3 C:\xampp\htdocs\HMS_RegexByte\system\Database\BaseBuilder.php(1615): CodeIgniter\Database\BaseConnection->query('SELECT SUM(`Val...', Array, false)
#4 C:\xampp\htdocs\HMS_RegexByte\app\Models\salesModel.php(476): CodeIgniter\Database\BaseBuilder->get()
#5 C:\xampp\htdocs\HMS_RegexByte\app\Controllers\ReportsController.php(297): App\Models\salesModel->gettotalServiceFee('John Do', '', '', '', '', '')
#6 C:\xampp\htdocs\HMS_RegexByte\system\CodeIgniter.php(942): App\Controllers\ReportsController->services_report()
#7 C:\xampp\htdocs\HMS_RegexByte\system\CodeIgniter.php(502): CodeIgniter\CodeIgniter->runController(Object(App\Controllers\ReportsController))
#8 C:\xampp\htdocs\HMS_RegexByte\system\CodeIgniter.php(361): CodeIgniter\CodeIgniter->handleRequest(NULL, Object(Config\Cache), false)
#9 C:\xampp\htdocs\HMS_RegexByte\index.php(79): CodeIgniter\CodeIgniter->run()
#10 {main}
CRITICAL - 2024-09-22 08:10:03 --> Unknown column 'currency.Currency' in 'where clause'
in SYSTEMPATH\Database\BaseConnection.php on line 647.
 1 SYSTEMPATH\Database\BaseBuilder.php(1615): CodeIgniter\Database\BaseConnection->query('SELECT SUM(`Value`) AS `totalServiceFee`
FROM `invoices`
JOIN `client` ON `client`.`idClient` = `invoices`.`idClient`
JOIN `paymentmethods` ON `paymentmethods`.`idPaymentMethods` = `invoices`.`paymentMethod`
WHERE `invoices`.`idBusiness` = :invoices.idBusiness:
AND `invoices`.`isSummaryInvoice` = :invoices.isSummaryInvoice:
AND   (
`invoices`.`invOrdNum` LIKE :invoices.invOrdNum: ESCAPE \'!\'
OR  `client`.`client` LIKE :client.client: ESCAPE \'!\'
OR  `currency`.`Currency` LIKE :currency.Currency: ESCAPE \'!\'
OR  `paymentmethods`.`Method` LIKE :paymentmethods.Method: ESCAPE \'!\'
 )', [...], false)
 2 APPPATH\Models\salesModel.php(476): CodeIgniter\Database\BaseBuilder->get()
 3 APPPATH\Controllers\ReportsController.php(297): App\Models\salesModel->gettotalServiceFee('John Do', '', '', '', '', '')
 4 SYSTEMPATH\CodeIgniter.php(942): App\Controllers\ReportsController->services_report()
 5 SYSTEMPATH\CodeIgniter.php(502): CodeIgniter\CodeIgniter->runController(Object(App\Controllers\ReportsController))
 6 SYSTEMPATH\CodeIgniter.php(361): CodeIgniter\CodeIgniter->handleRequest(null, Object(Config\Cache), false)
 7 FCPATH\index.php(79): CodeIgniter\CodeIgniter->run()
INFO - 2024-09-22 08:10:03 --> Session: Class initialized using 'CodeIgniter\Session\Handlers\FileHandler' driver.
ERROR - 2024-09-22 08:10:03 --> mysqli_sql_exception: Unknown column 'currency.Currency' in 'where clause' in C:\xampp\htdocs\HMS_RegexByte\system\Database\MySQLi\Connection.php:306
Stack trace:
#0 C:\xampp\htdocs\HMS_RegexByte\system\Database\MySQLi\Connection.php(306): mysqli->query('SELECT SUM(`Val...', 0)
#1 C:\xampp\htdocs\HMS_RegexByte\system\Database\BaseConnection.php(693): CodeIgniter\Database\MySQLi\Connection->execute('SELECT SUM(`Val...')
#2 C:\xampp\htdocs\HMS_RegexByte\system\Database\BaseConnection.php(607): CodeIgniter\Database\BaseConnection->simpleQuery('SELECT SUM(`Val...')
#3 C:\xampp\htdocs\HMS_RegexByte\system\Database\BaseBuilder.php(1615): CodeIgniter\Database\BaseConnection->query('SELECT SUM(`Val...', Array, false)
#4 C:\xampp\htdocs\HMS_RegexByte\app\Models\salesModel.php(476): CodeIgniter\Database\BaseBuilder->get()
#5 C:\xampp\htdocs\HMS_RegexByte\app\Controllers\ReportsController.php(297): App\Models\salesModel->gettotalServiceFee('John Dow', '', '', '', '', '')
#6 C:\xampp\htdocs\HMS_RegexByte\system\CodeIgniter.php(942): App\Controllers\ReportsController->services_report()
#7 C:\xampp\htdocs\HMS_RegexByte\system\CodeIgniter.php(502): CodeIgniter\CodeIgniter->runController(Object(App\Controllers\ReportsController))
#8 C:\xampp\htdocs\HMS_RegexByte\system\CodeIgniter.php(361): CodeIgniter\CodeIgniter->handleRequest(NULL, Object(Config\Cache), false)
#9 C:\xampp\htdocs\HMS_RegexByte\index.php(79): CodeIgniter\CodeIgniter->run()
#10 {main}
CRITICAL - 2024-09-22 08:10:04 --> Unknown column 'currency.Currency' in 'where clause'
in SYSTEMPATH\Database\BaseConnection.php on line 647.
 1 SYSTEMPATH\Database\BaseBuilder.php(1615): CodeIgniter\Database\BaseConnection->query('SELECT SUM(`Value`) AS `totalServiceFee`
FROM `invoices`
JOIN `client` ON `client`.`idClient` = `invoices`.`idClient`
JOIN `paymentmethods` ON `paymentmethods`.`idPaymentMethods` = `invoices`.`paymentMethod`
WHERE `invoices`.`idBusiness` = :invoices.idBusiness:
AND `invoices`.`isSummaryInvoice` = :invoices.isSummaryInvoice:
AND   (
`invoices`.`invOrdNum` LIKE :invoices.invOrdNum: ESCAPE \'!\'
OR  `client`.`client` LIKE :client.client: ESCAPE \'!\'
OR  `currency`.`Currency` LIKE :currency.Currency: ESCAPE \'!\'
OR  `paymentmethods`.`Method` LIKE :paymentmethods.Method: ESCAPE \'!\'
 )', [...], false)
 2 APPPATH\Models\salesModel.php(476): CodeIgniter\Database\BaseBuilder->get()
 3 APPPATH\Controllers\ReportsController.php(297): App\Models\salesModel->gettotalServiceFee('John Dow', '', '', '', '', '')
 4 SYSTEMPATH\CodeIgniter.php(942): App\Controllers\ReportsController->services_report()
 5 SYSTEMPATH\CodeIgniter.php(502): CodeIgniter\CodeIgniter->runController(Object(App\Controllers\ReportsController))
 6 SYSTEMPATH\CodeIgniter.php(361): CodeIgniter\CodeIgniter->handleRequest(null, Object(Config\Cache), false)
 7 FCPATH\index.php(79): CodeIgniter\CodeIgniter->run()
INFO - 2024-09-22 08:10:04 --> Session: Class initialized using 'CodeIgniter\Session\Handlers\FileHandler' driver.
ERROR - 2024-09-22 08:10:04 --> mysqli_sql_exception: Unknown column 'currency.Currency' in 'where clause' in C:\xampp\htdocs\HMS_RegexByte\system\Database\MySQLi\Connection.php:306
Stack trace:
#0 C:\xampp\htdocs\HMS_RegexByte\system\Database\MySQLi\Connection.php(306): mysqli->query('SELECT SUM(`Val...', 0)
#1 C:\xampp\htdocs\HMS_RegexByte\system\Database\BaseConnection.php(693): CodeIgniter\Database\MySQLi\Connection->execute('SELECT SUM(`Val...')
#2 C:\xampp\htdocs\HMS_RegexByte\system\Database\BaseConnection.php(607): CodeIgniter\Database\BaseConnection->simpleQuery('SELECT SUM(`Val...')
#3 C:\xampp\htdocs\HMS_RegexByte\system\Database\BaseBuilder.php(1615): CodeIgniter\Database\BaseConnection->query('SELECT SUM(`Val...', Array, false)
#4 C:\xampp\htdocs\HMS_RegexByte\app\Models\salesModel.php(476): CodeIgniter\Database\BaseBuilder->get()
#5 C:\xampp\htdocs\HMS_RegexByte\app\Controllers\ReportsController.php(297): App\Models\salesModel->gettotalServiceFee('John Do', '', '', '', '', '')
#6 C:\xampp\htdocs\HMS_RegexByte\system\CodeIgniter.php(942): App\Controllers\ReportsController->services_report()
#7 C:\xampp\htdocs\HMS_RegexByte\system\CodeIgniter.php(502): CodeIgniter\CodeIgniter->runController(Object(App\Controllers\ReportsController))
#8 C:\xampp\htdocs\HMS_RegexByte\system\CodeIgniter.php(361): CodeIgniter\CodeIgniter->handleRequest(NULL, Object(Config\Cache), false)
#9 C:\xampp\htdocs\HMS_RegexByte\index.php(79): CodeIgniter\CodeIgniter->run()
#10 {main}
CRITICAL - 2024-09-22 08:10:04 --> Unknown column 'currency.Currency' in 'where clause'
in SYSTEMPATH\Database\BaseConnection.php on line 647.
 1 SYSTEMPATH\Database\BaseBuilder.php(1615): CodeIgniter\Database\BaseConnection->query('SELECT SUM(`Value`) AS `totalServiceFee`
FROM `invoices`
JOIN `client` ON `client`.`idClient` = `invoices`.`idClient`
JOIN `paymentmethods` ON `paymentmethods`.`idPaymentMethods` = `invoices`.`paymentMethod`
WHERE `invoices`.`idBusiness` = :invoices.idBusiness:
AND `invoices`.`isSummaryInvoice` = :invoices.isSummaryInvoice:
AND   (
`invoices`.`invOrdNum` LIKE :invoices.invOrdNum: ESCAPE \'!\'
OR  `client`.`client` LIKE :client.client: ESCAPE \'!\'
OR  `currency`.`Currency` LIKE :currency.Currency: ESCAPE \'!\'
OR  `paymentmethods`.`Method` LIKE :paymentmethods.Method: ESCAPE \'!\'
 )', [...], false)
 2 APPPATH\Models\salesModel.php(476): CodeIgniter\Database\BaseBuilder->get()
 3 APPPATH\Controllers\ReportsController.php(297): App\Models\salesModel->gettotalServiceFee('John Do', '', '', '', '', '')
 4 SYSTEMPATH\CodeIgniter.php(942): App\Controllers\ReportsController->services_report()
 5 SYSTEMPATH\CodeIgniter.php(502): CodeIgniter\CodeIgniter->runController(Object(App\Controllers\ReportsController))
 6 SYSTEMPATH\CodeIgniter.php(361): CodeIgniter\CodeIgniter->handleRequest(null, Object(Config\Cache), false)
 7 FCPATH\index.php(79): CodeIgniter\CodeIgniter->run()
INFO - 2024-09-22 08:10:04 --> Session: Class initialized using 'CodeIgniter\Session\Handlers\FileHandler' driver.
ERROR - 2024-09-22 08:10:04 --> mysqli_sql_exception: Unknown column 'currency.Currency' in 'where clause' in C:\xampp\htdocs\HMS_RegexByte\system\Database\MySQLi\Connection.php:306
Stack trace:
#0 C:\xampp\htdocs\HMS_RegexByte\system\Database\MySQLi\Connection.php(306): mysqli->query('SELECT SUM(`Val...', 0)
#1 C:\xampp\htdocs\HMS_RegexByte\system\Database\BaseConnection.php(693): CodeIgniter\Database\MySQLi\Connection->execute('SELECT SUM(`Val...')
#2 C:\xampp\htdocs\HMS_RegexByte\system\Database\BaseConnection.php(607): CodeIgniter\Database\BaseConnection->simpleQuery('SELECT SUM(`Val...')
#3 C:\xampp\htdocs\HMS_RegexByte\system\Database\BaseBuilder.php(1615): CodeIgniter\Database\BaseConnection->query('SELECT SUM(`Val...', Array, false)
#4 C:\xampp\htdocs\HMS_RegexByte\app\Models\salesModel.php(476): CodeIgniter\Database\BaseBuilder->get()
#5 C:\xampp\htdocs\HMS_RegexByte\app\Controllers\ReportsController.php(297): App\Models\salesModel->gettotalServiceFee('John Doe', '', '', '', '', '')
#6 C:\xampp\htdocs\HMS_RegexByte\system\CodeIgniter.php(942): App\Controllers\ReportsController->services_report()
#7 C:\xampp\htdocs\HMS_RegexByte\system\CodeIgniter.php(502): CodeIgniter\CodeIgniter->runController(Object(App\Controllers\ReportsController))
#8 C:\xampp\htdocs\HMS_RegexByte\system\CodeIgniter.php(361): CodeIgniter\CodeIgniter->handleRequest(NULL, Object(Config\Cache), false)
#9 C:\xampp\htdocs\HMS_RegexByte\index.php(79): CodeIgniter\CodeIgniter->run()
#10 {main}
CRITICAL - 2024-09-22 08:10:05 --> Unknown column 'currency.Currency' in 'where clause'
in SYSTEMPATH\Database\BaseConnection.php on line 647.
 1 SYSTEMPATH\Database\BaseBuilder.php(1615): CodeIgniter\Database\BaseConnection->query('SELECT SUM(`Value`) AS `totalServiceFee`
FROM `invoices`
JOIN `client` ON `client`.`idClient` = `invoices`.`idClient`
JOIN `paymentmethods` ON `paymentmethods`.`idPaymentMethods` = `invoices`.`paymentMethod`
WHERE `invoices`.`idBusiness` = :invoices.idBusiness:
AND `invoices`.`isSummaryInvoice` = :invoices.isSummaryInvoice:
AND   (
`invoices`.`invOrdNum` LIKE :invoices.invOrdNum: ESCAPE \'!\'
OR  `client`.`client` LIKE :client.client: ESCAPE \'!\'
OR  `currency`.`Currency` LIKE :currency.Currency: ESCAPE \'!\'
OR  `paymentmethods`.`Method` LIKE :paymentmethods.Method: ESCAPE \'!\'
 )', [...], false)
 2 APPPATH\Models\salesModel.php(476): CodeIgniter\Database\BaseBuilder->get()
 3 APPPATH\Controllers\ReportsController.php(297): App\Models\salesModel->gettotalServiceFee('John Doe', '', '', '', '', '')
 4 SYSTEMPATH\CodeIgniter.php(942): App\Controllers\ReportsController->services_report()
 5 SYSTEMPATH\CodeIgniter.php(502): CodeIgniter\CodeIgniter->runController(Object(App\Controllers\ReportsController))
 6 SYSTEMPATH\CodeIgniter.php(361): CodeIgniter\CodeIgniter->handleRequest(null, Object(Config\Cache), false)
 7 FCPATH\index.php(79): CodeIgniter\CodeIgniter->run()
INFO - 2024-09-22 08:10:08 --> Session: Class initialized using 'CodeIgniter\Session\Handlers\FileHandler' driver.
ERROR - 2024-09-22 08:10:08 --> mysqli_sql_exception: Unknown column 'currency.Currency' in 'where clause' in C:\xampp\htdocs\HMS_RegexByte\system\Database\MySQLi\Connection.php:306
Stack trace:
#0 C:\xampp\htdocs\HMS_RegexByte\system\Database\MySQLi\Connection.php(306): mysqli->query('SELECT SUM(`Val...', 0)
#1 C:\xampp\htdocs\HMS_RegexByte\system\Database\BaseConnection.php(693): CodeIgniter\Database\MySQLi\Connection->execute('SELECT SUM(`Val...')
#2 C:\xampp\htdocs\HMS_RegexByte\system\Database\BaseConnection.php(607): CodeIgniter\Database\BaseConnection->simpleQuery('SELECT SUM(`Val...')
#3 C:\xampp\htdocs\HMS_RegexByte\system\Database\BaseBuilder.php(1615): CodeIgniter\Database\BaseConnection->query('SELECT SUM(`Val...', Array, false)
#4 C:\xampp\htdocs\HMS_RegexByte\app\Models\salesModel.php(476): CodeIgniter\Database\BaseBuilder->get()
#5 C:\xampp\htdocs\HMS_RegexByte\app\Controllers\ReportsController.php(297): App\Models\salesModel->gettotalServiceFee('John Doe', '', '', '', '', '')
#6 C:\xampp\htdocs\HMS_RegexByte\system\CodeIgniter.php(942): App\Controllers\ReportsController->services_report()
#7 C:\xampp\htdocs\HMS_RegexByte\system\CodeIgniter.php(502): CodeIgniter\CodeIgniter->runController(Object(App\Controllers\ReportsController))
#8 C:\xampp\htdocs\HMS_RegexByte\system\CodeIgniter.php(361): CodeIgniter\CodeIgniter->handleRequest(NULL, Object(Config\Cache), false)
#9 C:\xampp\htdocs\HMS_RegexByte\index.php(79): CodeIgniter\CodeIgniter->run()
#10 {main}
CRITICAL - 2024-09-22 08:10:08 --> Unknown column 'currency.Currency' in 'where clause'
in SYSTEMPATH\Database\BaseConnection.php on line 647.
 1 SYSTEMPATH\Database\BaseBuilder.php(1615): CodeIgniter\Database\BaseConnection->query('SELECT SUM(`Value`) AS `totalServiceFee`
FROM `invoices`
JOIN `client` ON `client`.`idClient` = `invoices`.`idClient`
JOIN `paymentmethods` ON `paymentmethods`.`idPaymentMethods` = `invoices`.`paymentMethod`
WHERE `invoices`.`idBusiness` = :invoices.idBusiness:
AND `invoices`.`isSummaryInvoice` = :invoices.isSummaryInvoice:
AND   (
`invoices`.`invOrdNum` LIKE :invoices.invOrdNum: ESCAPE \'!\'
OR  `client`.`client` LIKE :client.client: ESCAPE \'!\'
OR  `currency`.`Currency` LIKE :currency.Currency: ESCAPE \'!\'
OR  `paymentmethods`.`Method` LIKE :paymentmethods.Method: ESCAPE \'!\'
 )', [...], false)
 2 APPPATH\Models\salesModel.php(476): CodeIgniter\Database\BaseBuilder->get()
 3 APPPATH\Controllers\ReportsController.php(297): App\Models\salesModel->gettotalServiceFee('John Doe', '', '', '', '', '')
 4 SYSTEMPATH\CodeIgniter.php(942): App\Controllers\ReportsController->services_report()
 5 SYSTEMPATH\CodeIgniter.php(502): CodeIgniter\CodeIgniter->runController(Object(App\Controllers\ReportsController))
 6 SYSTEMPATH\CodeIgniter.php(361): CodeIgniter\CodeIgniter->handleRequest(null, Object(Config\Cache), false)
 7 FCPATH\index.php(79): CodeIgniter\CodeIgniter->run()
INFO - 2024-09-22 08:28:07 --> Session: Class initialized using 'CodeIgniter\Session\Handlers\FileHandler' driver.
INFO - 2024-09-22 08:28:12 --> Session: Class initialized using 'CodeIgniter\Session\Handlers\FileHandler' driver.
CRITICAL - 2024-09-22 08:28:12 --> Call to undefined method App\Models\TestModel::getPurchaseFee
in SYSTEMPATH\Model.php on line 873.
 1 APPPATH\Controllers\ReportsController.php(1189): CodeIgniter\Model->__call('getPurchaseFee', [...])
 2 SYSTEMPATH\CodeIgniter.php(942): App\Controllers\ReportsController->purchase_report()
 3 SYSTEMPATH\CodeIgniter.php(502): CodeIgniter\CodeIgniter->runController(Object(App\Controllers\ReportsController))
 4 SYSTEMPATH\CodeIgniter.php(361): CodeIgniter\CodeIgniter->handleRequest(null, Object(Config\Cache), false)
 5 FCPATH\index.php(79): CodeIgniter\CodeIgniter->run()
INFO - 2024-09-22 08:28:45 --> Session: Class initialized using 'CodeIgniter\Session\Handlers\FileHandler' driver.
CRITICAL - 2024-09-22 08:28:45 --> Class "App\Controllers\purchaseInvoiceModel" not found
in APPPATH\Controllers\ReportsController.php on line 1169.
 1 SYSTEMPATH\CodeIgniter.php(942): App\Controllers\ReportsController->purchase_report()
 2 SYSTEMPATH\CodeIgniter.php(502): CodeIgniter\CodeIgniter->runController(Object(App\Controllers\ReportsController))
 3 SYSTEMPATH\CodeIgniter.php(361): CodeIgniter\CodeIgniter->handleRequest(null, Object(Config\Cache), false)
 4 FCPATH\index.php(79): CodeIgniter\CodeIgniter->run()
INFO - 2024-09-22 08:29:22 --> Session: Class initialized using 'CodeIgniter\Session\Handlers\FileHandler' driver.
CRITICAL - 2024-09-22 08:29:23 --> Too few arguments to function App\Models\purchaseInvoiceModel::getPurchaseFee(), 7 passed in C:\xampp\htdocs\HMS_RegexByte\app\Controllers\ReportsController.php on line 1190 and exactly 8 expected
in APPPATH\Models\purchaseInvoiceModel.php on line 55.
 1 APPPATH\Controllers\ReportsController.php(1190): App\Models\purchaseInvoiceModel->getPurchaseFee(null, null, null, null, null, 20, 0)
 2 SYSTEMPATH\CodeIgniter.php(942): App\Controllers\ReportsController->purchase_report()
 3 SYSTEMPATH\CodeIgniter.php(502): CodeIgniter\CodeIgniter->runController(Object(App\Controllers\ReportsController))
 4 SYSTEMPATH\CodeIgniter.php(361): CodeIgniter\CodeIgniter->handleRequest(null, Object(Config\Cache), false)
 5 FCPATH\index.php(79): CodeIgniter\CodeIgniter->run()
INFO - 2024-09-22 08:30:39 --> Session: Class initialized using 'CodeIgniter\Session\Handlers\FileHandler' driver.
ERROR - 2024-09-22 08:30:39 --> mysqli_sql_exception: Unknown column 'labtest.CreatedAT' in 'order clause' in C:\xampp\htdocs\HMS_RegexByte\system\Database\MySQLi\Connection.php:306
Stack trace:
#0 C:\xampp\htdocs\HMS_RegexByte\system\Database\MySQLi\Connection.php(306): mysqli->query('SELECT `purchas...', 0)
#1 C:\xampp\htdocs\HMS_RegexByte\system\Database\BaseConnection.php(693): CodeIgniter\Database\MySQLi\Connection->execute('SELECT `purchas...')
#2 C:\xampp\htdocs\HMS_RegexByte\system\Database\BaseConnection.php(607): CodeIgniter\Database\BaseConnection->simpleQuery('SELECT `purchas...')
#3 C:\xampp\htdocs\HMS_RegexByte\system\Database\BaseBuilder.php(1615): CodeIgniter\Database\BaseConnection->query('SELECT `purchas...', Array, false)
#4 C:\xampp\htdocs\HMS_RegexByte\app\Models\purchaseInvoiceModel.php(134): CodeIgniter\Database\BaseBuilder->get()
#5 C:\xampp\htdocs\HMS_RegexByte\app\Controllers\ReportsController.php(1192): App\Models\purchaseInvoiceModel->getPurchaseReport(NULL, NULL, NULL, NULL, NULL, 20, 0)
#6 C:\xampp\htdocs\HMS_RegexByte\system\CodeIgniter.php(942): App\Controllers\ReportsController->purchase_report()
#7 C:\xampp\htdocs\HMS_RegexByte\system\CodeIgniter.php(502): CodeIgniter\CodeIgniter->runController(Object(App\Controllers\ReportsController))
#8 C:\xampp\htdocs\HMS_RegexByte\system\CodeIgniter.php(361): CodeIgniter\CodeIgniter->handleRequest(NULL, Object(Config\Cache), false)
#9 C:\xampp\htdocs\HMS_RegexByte\index.php(79): CodeIgniter\CodeIgniter->run()
#10 {main}
CRITICAL - 2024-09-22 08:30:40 --> Unknown column 'labtest.CreatedAT' in 'order clause'
in SYSTEMPATH\Database\BaseConnection.php on line 647.
 1 SYSTEMPATH\Database\BaseBuilder.php(1615): CodeIgniter\Database\BaseConnection->query('SELECT `purchase_invoices`.*, `supplier`.`supplier` as `clientName`, `currency`.`Currency`, `paymentmethods`.`Method` as `PaymentMethod`
FROM `purchase_invoices`
JOIN `supplier` ON `supplier`.`idSupplier` = `purchase_invoices`.`idSupplier`
JOIN `currency` ON `currency`.`id` = `purchase_invoices`.`idCurrency`
JOIN `paymentmethods` ON `paymentmethods`.`idPaymentMethods` = `purchase_invoices`.`paymentMethod`
WHERE `purchase_invoices`.`idBusiness` = :purchase_invoices.idBusiness:
ORDER BY `labtest`.`CreatedAT` DESC
 LIMIT 20', [...], false)
 2 APPPATH\Models\purchaseInvoiceModel.php(134): CodeIgniter\Database\BaseBuilder->get()
 3 APPPATH\Controllers\ReportsController.php(1192): App\Models\purchaseInvoiceModel->getPurchaseReport(null, null, null, null, null, 20, 0)
 4 SYSTEMPATH\CodeIgniter.php(942): App\Controllers\ReportsController->purchase_report()
 5 SYSTEMPATH\CodeIgniter.php(502): CodeIgniter\CodeIgniter->runController(Object(App\Controllers\ReportsController))
 6 SYSTEMPATH\CodeIgniter.php(361): CodeIgniter\CodeIgniter->handleRequest(null, Object(Config\Cache), false)
 7 FCPATH\index.php(79): CodeIgniter\CodeIgniter->run()
INFO - 2024-09-22 08:31:09 --> Session: Class initialized using 'CodeIgniter\Session\Handlers\FileHandler' driver.
CRITICAL - 2024-09-22 08:31:10 --> foreach() argument must be of type array|object, string given
in APPPATH\Views\lab_report.php on line 144.
 1 APPPATH\Views\lab_report.php(144): CodeIgniter\Debug\Exceptions->errorHandler(2, 'foreach() argument must be of type array|object, string given', 'C:\\xampp\\htdocs\\HMS_RegexByte\\app\\Views\\lab_report.php', 144)
 2 SYSTEMPATH\View\View.php(228): include('C:\\xampp\\htdocs\\HMS_RegexByte\\app\\Views\\lab_report.php')
 3 SYSTEMPATH\View\View.php(231): CodeIgniter\View\View->CodeIgniter\View\{closure}()
 4 SYSTEMPATH\Common.php(1190): CodeIgniter\View\View->render('lab_report', [], true)
 5 APPPATH\Controllers\ReportsController.php(1209): view('lab_report', [...])
 6 SYSTEMPATH\CodeIgniter.php(942): App\Controllers\ReportsController->purchase_report()
 7 SYSTEMPATH\CodeIgniter.php(502): CodeIgniter\CodeIgniter->runController(Object(App\Controllers\ReportsController))
 8 SYSTEMPATH\CodeIgniter.php(361): CodeIgniter\CodeIgniter->handleRequest(null, Object(Config\Cache), false)
 9 FCPATH\index.php(79): CodeIgniter\CodeIgniter->run()
INFO - 2024-09-22 08:31:57 --> Session: Class initialized using 'CodeIgniter\Session\Handlers\FileHandler' driver.
CRITICAL - 2024-09-22 08:31:58 --> Cannot access offset of type string on string
in APPPATH\Views\lab_report.php on line 145.
 1 SYSTEMPATH\View\View.php(228): include()
 2 SYSTEMPATH\View\View.php(231): CodeIgniter\View\View->CodeIgniter\View\{closure}()
 3 SYSTEMPATH\Common.php(1190): CodeIgniter\View\View->render('lab_report', [], true)
 4 APPPATH\Controllers\ReportsController.php(1209): view('lab_report', [...])
 5 SYSTEMPATH\CodeIgniter.php(942): App\Controllers\ReportsController->purchase_report()
 6 SYSTEMPATH\CodeIgniter.php(502): CodeIgniter\CodeIgniter->runController(Object(App\Controllers\ReportsController))
 7 SYSTEMPATH\CodeIgniter.php(361): CodeIgniter\CodeIgniter->handleRequest(null, Object(Config\Cache), false)
 8 FCPATH\index.php(79): CodeIgniter\CodeIgniter->run()
INFO - 2024-09-22 09:06:47 --> Session: Class initialized using 'CodeIgniter\Session\Handlers\FileHandler' driver.
CRITICAL - 2024-09-22 09:06:48 --> Call to undefined method App\Models\ClientModel::getSupplierNames
in SYSTEMPATH\Model.php on line 873.
 1 APPPATH\Controllers\ReportsController.php(1175): CodeIgniter\Model->__call('getSupplierNames', [])
 2 SYSTEMPATH\CodeIgniter.php(942): App\Controllers\ReportsController->purchase_report()
 3 SYSTEMPATH\CodeIgniter.php(502): CodeIgniter\CodeIgniter->runController(Object(App\Controllers\ReportsController))
 4 SYSTEMPATH\CodeIgniter.php(361): CodeIgniter\CodeIgniter->handleRequest(null, Object(Config\Cache), false)
 5 FCPATH\index.php(79): CodeIgniter\CodeIgniter->run()
INFO - 2024-09-22 09:07:29 --> Session: Class initialized using 'CodeIgniter\Session\Handlers\FileHandler' driver.
CRITICAL - 2024-09-22 09:07:29 --> Undefined variable $client_names
in APPPATH\Views\lab_report.php on line 144.
 1 APPPATH\Views\lab_report.php(144): CodeIgniter\Debug\Exceptions->errorHandler(2, 'Undefined variable $client_names', 'C:\\xampp\\htdocs\\HMS_RegexByte\\app\\Views\\lab_report.php', 144)
 2 SYSTEMPATH\View\View.php(228): include('C:\\xampp\\htdocs\\HMS_RegexByte\\app\\Views\\lab_report.php')
 3 SYSTEMPATH\View\View.php(231): CodeIgniter\View\View->CodeIgniter\View\{closure}()
 4 SYSTEMPATH\Common.php(1190): CodeIgniter\View\View->render('lab_report', [], true)
 5 APPPATH\Controllers\ReportsController.php(1210): view('lab_report', [...])
 6 SYSTEMPATH\CodeIgniter.php(942): App\Controllers\ReportsController->purchase_report()
 7 SYSTEMPATH\CodeIgniter.php(502): CodeIgniter\CodeIgniter->runController(Object(App\Controllers\ReportsController))
 8 SYSTEMPATH\CodeIgniter.php(361): CodeIgniter\CodeIgniter->handleRequest(null, Object(Config\Cache), false)
 9 FCPATH\index.php(79): CodeIgniter\CodeIgniter->run()
INFO - 2024-09-22 09:07:33 --> Session: Class initialized using 'CodeIgniter\Session\Handlers\FileHandler' driver.
CRITICAL - 2024-09-22 09:07:34 --> Undefined variable $client_names
in APPPATH\Views\lab_report.php on line 144.
 1 APPPATH\Views\lab_report.php(144): CodeIgniter\Debug\Exceptions->errorHandler(2, 'Undefined variable $client_names', 'C:\\xampp\\htdocs\\HMS_RegexByte\\app\\Views\\lab_report.php', 144)
 2 SYSTEMPATH\View\View.php(228): include('C:\\xampp\\htdocs\\HMS_RegexByte\\app\\Views\\lab_report.php')
 3 SYSTEMPATH\View\View.php(231): CodeIgniter\View\View->CodeIgniter\View\{closure}()
 4 SYSTEMPATH\Common.php(1190): CodeIgniter\View\View->render('lab_report', [], true)
 5 APPPATH\Controllers\ReportsController.php(1210): view('lab_report', [...])
 6 SYSTEMPATH\CodeIgniter.php(942): App\Controllers\ReportsController->purchase_report()
 7 SYSTEMPATH\CodeIgniter.php(502): CodeIgniter\CodeIgniter->runController(Object(App\Controllers\ReportsController))
 8 SYSTEMPATH\CodeIgniter.php(361): CodeIgniter\CodeIgniter->handleRequest(null, Object(Config\Cache), false)
 9 FCPATH\index.php(79): CodeIgniter\CodeIgniter->run()
INFO - 2024-09-22 09:08:00 --> Session: Class initialized using 'CodeIgniter\Session\Handlers\FileHandler' driver.
INFO - 2024-09-22 09:08:04 --> Session: Class initialized using 'CodeIgniter\Session\Handlers\FileHandler' driver.
CRITICAL - 2024-09-22 09:08:04 --> Undefined variable $client_names
in APPPATH\Views\lab_report.php on line 144.
 1 APPPATH\Views\lab_report.php(144): CodeIgniter\Debug\Exceptions->errorHandler(2, 'Undefined variable $client_names', 'C:\\xampp\\htdocs\\HMS_RegexByte\\app\\Views\\lab_report.php', 144)
 2 SYSTEMPATH\View\View.php(228): include('C:\\xampp\\htdocs\\HMS_RegexByte\\app\\Views\\lab_report.php')
 3 SYSTEMPATH\View\View.php(231): CodeIgniter\View\View->CodeIgniter\View\{closure}()
 4 SYSTEMPATH\Common.php(1190): CodeIgniter\View\View->render('lab_report', [], true)
 5 APPPATH\Controllers\ReportsController.php(1210): view('lab_report', [...])
 6 SYSTEMPATH\CodeIgniter.php(942): App\Controllers\ReportsController->purchase_report()
 7 SYSTEMPATH\CodeIgniter.php(502): CodeIgniter\CodeIgniter->runController(Object(App\Controllers\ReportsController))
 8 SYSTEMPATH\CodeIgniter.php(361): CodeIgniter\CodeIgniter->handleRequest(null, Object(Config\Cache), false)
 9 FCPATH\index.php(79): CodeIgniter\CodeIgniter->run()
INFO - 2024-09-22 09:09:03 --> Session: Class initialized using 'CodeIgniter\Session\Handlers\FileHandler' driver.
INFO - 2024-09-22 09:10:01 --> Session: Class initialized using 'CodeIgniter\Session\Handlers\FileHandler' driver.
INFO - 2024-09-22 09:10:05 --> Session: Class initialized using 'CodeIgniter\Session\Handlers\FileHandler' driver.
INFO - 2024-09-22 09:13:56 --> Session: Class initialized using 'CodeIgniter\Session\Handlers\FileHandler' driver.
CRITICAL - 2024-09-22 09:13:56 --> Undefined variable $payments
in APPPATH\Views\purchase_report.php on line 157.
 1 APPPATH\Views\purchase_report.php(157): CodeIgniter\Debug\Exceptions->errorHandler(2, 'Undefined variable $payments', 'C:\\xampp\\htdocs\\HMS_RegexByte\\app\\Views\\purchase_report.php', 157)
 2 SYSTEMPATH\View\View.php(228): include('C:\\xampp\\htdocs\\HMS_RegexByte\\app\\Views\\purchase_report.php')
 3 SYSTEMPATH\View\View.php(231): CodeIgniter\View\View->CodeIgniter\View\{closure}()
 4 SYSTEMPATH\Common.php(1190): CodeIgniter\View\View->render('purchase_report', [], true)
 5 APPPATH\Controllers\ReportsController.php(1210): view('purchase_report', [...])
 6 SYSTEMPATH\CodeIgniter.php(942): App\Controllers\ReportsController->purchase_report()
 7 SYSTEMPATH\CodeIgniter.php(502): CodeIgniter\CodeIgniter->runController(Object(App\Controllers\ReportsController))
 8 SYSTEMPATH\CodeIgniter.php(361): CodeIgniter\CodeIgniter->handleRequest(null, Object(Config\Cache), false)
 9 FCPATH\index.php(79): CodeIgniter\CodeIgniter->run()
INFO - 2024-09-22 09:14:16 --> Session: Class initialized using 'CodeIgniter\Session\Handlers\FileHandler' driver.
INFO - 2024-09-22 09:18:44 --> Session: Class initialized using 'CodeIgniter\Session\Handlers\FileHandler' driver.
INFO - 2024-09-22 09:24:48 --> Session: Class initialized using 'CodeIgniter\Session\Handlers\FileHandler' driver.
CRITICAL - 2024-09-22 09:24:48 --> Undefined array key "supplier"
in APPPATH\Views\purchase_report.php on line 217.
 1 APPPATH\Views\purchase_report.php(217): CodeIgniter\Debug\Exceptions->errorHandler(2, 'Undefined array key "supplier"', 'C:\\xampp\\htdocs\\HMS_RegexByte\\app\\Views\\purchase_report.php', 217)
 2 SYSTEMPATH\View\View.php(228): include('C:\\xampp\\htdocs\\HMS_RegexByte\\app\\Views\\purchase_report.php')
 3 SYSTEMPATH\View\View.php(231): CodeIgniter\View\View->CodeIgniter\View\{closure}()
 4 SYSTEMPATH\Common.php(1190): CodeIgniter\View\View->render('purchase_report', [], true)
 5 APPPATH\Controllers\ReportsController.php(1212): view('purchase_report', [...])
 6 SYSTEMPATH\CodeIgniter.php(942): App\Controllers\ReportsController->purchase_report()
 7 SYSTEMPATH\CodeIgniter.php(502): CodeIgniter\CodeIgniter->runController(Object(App\Controllers\ReportsController))
 8 SYSTEMPATH\CodeIgniter.php(361): CodeIgniter\CodeIgniter->handleRequest(null, Object(Config\Cache), false)
 9 FCPATH\index.php(79): CodeIgniter\CodeIgniter->run()
INFO - 2024-09-22 09:25:45 --> Session: Class initialized using 'CodeIgniter\Session\Handlers\FileHandler' driver.
INFO - 2024-09-22 09:26:52 --> Session: Class initialized using 'CodeIgniter\Session\Handlers\FileHandler' driver.
CRITICAL - 2024-09-22 09:26:53 --> Undefined variable $Sale
in APPPATH\Views\purchase_report.php on line 223.
 1 APPPATH\Views\purchase_report.php(223): CodeIgniter\Debug\Exceptions->errorHandler(2, 'Undefined variable $Sale', 'C:\\xampp\\htdocs\\HMS_RegexByte\\app\\Views\\purchase_report.php', 223)
 2 SYSTEMPATH\View\View.php(228): include('C:\\xampp\\htdocs\\HMS_RegexByte\\app\\Views\\purchase_report.php')
 3 SYSTEMPATH\View\View.php(231): CodeIgniter\View\View->CodeIgniter\View\{closure}()
 4 SYSTEMPATH\Common.php(1190): CodeIgniter\View\View->render('purchase_report', [], true)
 5 APPPATH\Controllers\ReportsController.php(1212): view('purchase_report', [...])
 6 SYSTEMPATH\CodeIgniter.php(942): App\Controllers\ReportsController->purchase_report()
 7 SYSTEMPATH\CodeIgniter.php(502): CodeIgniter\CodeIgniter->runController(Object(App\Controllers\ReportsController))
 8 SYSTEMPATH\CodeIgniter.php(361): CodeIgniter\CodeIgniter->handleRequest(null, Object(Config\Cache), false)
 9 FCPATH\index.php(79): CodeIgniter\CodeIgniter->run()
INFO - 2024-09-22 09:27:34 --> Session: Class initialized using 'CodeIgniter\Session\Handlers\FileHandler' driver.
CRITICAL - 2024-09-22 09:27:35 --> Undefined variable $Sale
in APPPATH\Views\purchase_report.php on line 223.
 1 APPPATH\Views\purchase_report.php(223): CodeIgniter\Debug\Exceptions->errorHandler(2, 'Undefined variable $Sale', 'C:\\xampp\\htdocs\\HMS_RegexByte\\app\\Views\\purchase_report.php', 223)
 2 SYSTEMPATH\View\View.php(228): include('C:\\xampp\\htdocs\\HMS_RegexByte\\app\\Views\\purchase_report.php')
 3 SYSTEMPATH\View\View.php(231): CodeIgniter\View\View->CodeIgniter\View\{closure}()
 4 SYSTEMPATH\Common.php(1190): CodeIgniter\View\View->render('purchase_report', [], true)
 5 APPPATH\Controllers\ReportsController.php(1212): view('purchase_report', [...])
 6 SYSTEMPATH\CodeIgniter.php(942): App\Controllers\ReportsController->purchase_report()
 7 SYSTEMPATH\CodeIgniter.php(502): CodeIgniter\CodeIgniter->runController(Object(App\Controllers\ReportsController))
 8 SYSTEMPATH\CodeIgniter.php(361): CodeIgniter\CodeIgniter->handleRequest(null, Object(Config\Cache), false)
 9 FCPATH\index.php(79): CodeIgniter\CodeIgniter->run()
INFO - 2024-09-22 09:27:48 --> Session: Class initialized using 'CodeIgniter\Session\Handlers\FileHandler' driver.
INFO - 2024-09-22 09:47:23 --> Session: Class initialized using 'CodeIgniter\Session\Handlers\FileHandler' driver.
INFO - 2024-09-22 09:48:01 --> Session: Class initialized using 'CodeIgniter\Session\Handlers\FileHandler' driver.
INFO - 2024-09-22 09:48:37 --> Session: Class initialized using 'CodeIgniter\Session\Handlers\FileHandler' driver.
DEBUG - 2024-09-22 09:48:37 --> Updating inventory for item: 6643 with quantity: 1
INFO - 2024-09-22 09:48:47 --> Session: Class initialized using 'CodeIgniter\Session\Handlers\FileHandler' driver.
INFO - 2024-09-22 09:48:57 --> Session: Class initialized using 'CodeIgniter\Session\Handlers\FileHandler' driver.
INFO - 2024-09-22 09:48:57 --> Session: Class initialized using 'CodeIgniter\Session\Handlers\FileHandler' driver.
INFO - 2024-09-22 09:48:58 --> Session: Class initialized using 'CodeIgniter\Session\Handlers\FileHandler' driver.
INFO - 2024-09-22 09:48:58 --> Session: Class initialized using 'CodeIgniter\Session\Handlers\FileHandler' driver.
INFO - 2024-09-22 09:49:06 --> Session: Class initialized using 'CodeIgniter\Session\Handlers\FileHandler' driver.
INFO - 2024-09-22 09:49:07 --> Session: Class initialized using 'CodeIgniter\Session\Handlers\FileHandler' driver.
INFO - 2024-09-22 09:49:07 --> Session: Class initialized using 'CodeIgniter\Session\Handlers\FileHandler' driver.
INFO - 2024-09-22 09:49:08 --> Session: Class initialized using 'CodeIgniter\Session\Handlers\FileHandler' driver.
INFO - 2024-09-22 09:49:16 --> Session: Class initialized using 'CodeIgniter\Session\Handlers\FileHandler' driver.
INFO - 2024-09-22 09:49:17 --> Session: Class initialized using 'CodeIgniter\Session\Handlers\FileHandler' driver.
INFO - 2024-09-22 09:49:44 --> Session: Class initialized using 'CodeIgniter\Session\Handlers\FileHandler' driver.
INFO - 2024-09-22 09:50:34 --> Session: Class initialized using 'CodeIgniter\Session\Handlers\FileHandler' driver.
INFO - 2024-09-22 09:50:35 --> Session: Class initialized using 'CodeIgniter\Session\Handlers\FileHandler' driver.
INFO - 2024-09-22 09:51:04 --> Session: Class initialized using 'CodeIgniter\Session\Handlers\FileHandler' driver.
INFO - 2024-09-22 09:51:05 --> Session: Class initialized using 'CodeIgniter\Session\Handlers\FileHandler' driver.
INFO - 2024-09-22 09:51:17 --> Session: Class initialized using 'CodeIgniter\Session\Handlers\FileHandler' driver.
INFO - 2024-09-22 09:51:18 --> Session: Class initialized using 'CodeIgniter\Session\Handlers\FileHandler' driver.
INFO - 2024-09-22 09:52:51 --> Session: Class initialized using 'CodeIgniter\Session\Handlers\FileHandler' driver.
INFO - 2024-09-22 09:53:29 --> Session: Class initialized using 'CodeIgniter\Session\Handlers\FileHandler' driver.
INFO - 2024-09-22 09:53:30 --> Session: Class initialized using 'CodeIgniter\Session\Handlers\FileHandler' driver.
INFO - 2024-09-22 09:55:07 --> Session: Class initialized using 'CodeIgniter\Session\Handlers\FileHandler' driver.
INFO - 2024-09-22 09:55:16 --> Session: Class initialized using 'CodeIgniter\Session\Handlers\FileHandler' driver.
INFO - 2024-09-22 09:55:16 --> Session: Class initialized using 'CodeIgniter\Session\Handlers\FileHandler' driver.
INFO - 2024-09-22 09:56:27 --> Session: Class initialized using 'CodeIgniter\Session\Handlers\FileHandler' driver.
INFO - 2024-09-22 09:56:38 --> Session: Class initialized using 'CodeIgniter\Session\Handlers\FileHandler' driver.
INFO - 2024-09-22 09:56:38 --> Session: Class initialized using 'CodeIgniter\Session\Handlers\FileHandler' driver.
INFO - 2024-09-22 10:19:56 --> Session: Class initialized using 'CodeIgniter\Session\Handlers\FileHandler' driver.
INFO - 2024-09-22 10:20:13 --> Session: Class initialized using 'CodeIgniter\Session\Handlers\FileHandler' driver.
INFO - 2024-09-22 10:20:33 --> Session: Class initialized using 'CodeIgniter\Session\Handlers\FileHandler' driver.
INFO - 2024-09-22 10:20:34 --> Session: Class initialized using 'CodeIgniter\Session\Handlers\FileHandler' driver.
INFO - 2024-09-22 10:22:00 --> Session: Class initialized using 'CodeIgniter\Session\Handlers\FileHandler' driver.
INFO - 2024-09-22 10:22:13 --> Session: Class initialized using 'CodeIgniter\Session\Handlers\FileHandler' driver.
INFO - 2024-09-22 10:22:13 --> Session: Class initialized using 'CodeIgniter\Session\Handlers\FileHandler' driver.
INFO - 2024-09-22 10:36:14 --> Session: Class initialized using 'CodeIgniter\Session\Handlers\FileHandler' driver.
INFO - 2024-09-22 10:36:33 --> Session: Class initialized using 'CodeIgniter\Session\Handlers\FileHandler' driver.
INFO - 2024-09-22 10:36:34 --> Session: Class initialized using 'CodeIgniter\Session\Handlers\FileHandler' driver.
INFO - 2024-09-22 10:36:40 --> Session: Class initialized using 'CodeIgniter\Session\Handlers\FileHandler' driver.
INFO - 2024-09-22 10:36:40 --> Session: Class initialized using 'CodeIgniter\Session\Handlers\FileHandler' driver.
INFO - 2024-09-22 10:39:13 --> Session: Class initialized using 'CodeIgniter\Session\Handlers\FileHandler' driver.
INFO - 2024-09-22 10:40:21 --> Session: Class initialized using 'CodeIgniter\Session\Handlers\FileHandler' driver.
INFO - 2024-09-22 10:40:22 --> Session: Class initialized using 'CodeIgniter\Session\Handlers\FileHandler' driver.
INFO - 2024-09-22 10:40:32 --> Session: Class initialized using 'CodeIgniter\Session\Handlers\FileHandler' driver.
INFO - 2024-09-22 10:40:32 --> Session: Class initialized using 'CodeIgniter\Session\Handlers\FileHandler' driver.
INFO - 2024-09-22 10:40:37 --> Session: Class initialized using 'CodeIgniter\Session\Handlers\FileHandler' driver.
INFO - 2024-09-22 10:40:38 --> Session: Class initialized using 'CodeIgniter\Session\Handlers\FileHandler' driver.
INFO - 2024-09-22 10:42:56 --> Session: Class initialized using 'CodeIgniter\Session\Handlers\FileHandler' driver.
INFO - 2024-09-22 10:43:06 --> Session: Class initialized using 'CodeIgniter\Session\Handlers\FileHandler' driver.
INFO - 2024-09-22 10:43:07 --> Session: Class initialized using 'CodeIgniter\Session\Handlers\FileHandler' driver.
