INFO - 2024-09-19 07:58:17 --> Session: Class initialized using 'CodeIgniter\Session\Handlers\FileHandler' driver.
INFO - 2024-09-19 08:00:18 --> Session: Class initialized using 'CodeIgniter\Session\Handlers\FileHandler' driver.
INFO - 2024-09-19 08:00:22 --> Session: Class initialized using 'CodeIgniter\Session\Handlers\FileHandler' driver.
INFO - 2024-09-19 08:00:40 --> Session: Class initialized using 'CodeIgniter\Session\Handlers\FileHandler' driver.
INFO - 2024-09-19 08:10:08 --> Session: Class initialized using 'CodeIgniter\Session\Handlers\FileHandler' driver.
INFO - 2024-09-19 08:11:16 --> Session: Class initialized using 'CodeIgniter\Session\Handlers\FileHandler' driver.
INFO - 2024-09-19 08:12:03 --> Session: Class initialized using 'CodeIgniter\Session\Handlers\FileHandler' driver.
ERROR - 2024-09-19 08:12:03 --> mysqli_sql_exception: Unknown column 'serial_number' in 'field list' in C:\xampp\htdocs\HMS_RegexByte\system\Database\MySQLi\Connection.php:306
Stack trace:
#0 C:\xampp\htdocs\HMS_RegexByte\system\Database\MySQLi\Connection.php(306): mysqli->query('INSERT INTO `pu...', 0)
#1 C:\xampp\htdocs\HMS_RegexByte\system\Database\BaseConnection.php(693): CodeIgniter\Database\MySQLi\Connection->execute('INSERT INTO `pu...')
#2 C:\xampp\htdocs\HMS_RegexByte\system\Database\BaseConnection.php(607): CodeIgniter\Database\BaseConnection->simpleQuery('INSERT INTO `pu...')
#3 C:\xampp\htdocs\HMS_RegexByte\system\Database\BaseBuilder.php(2308): CodeIgniter\Database\BaseConnection->query('INSERT INTO `pu...', Array, false)
#4 C:\xampp\htdocs\HMS_RegexByte\app\Models\PurchaseModel.php(102): CodeIgniter\Database\BaseBuilder->insert(Array)
#5 C:\xampp\htdocs\HMS_RegexByte\app\Controllers\PurchaseController.php(194): App\Models\PurchaseModel->insertPurchaseInvoice(Array)
#6 C:\xampp\htdocs\HMS_RegexByte\system\CodeIgniter.php(942): App\Controllers\PurchaseController->submitPurchaseInvoice()
#7 C:\xampp\htdocs\HMS_RegexByte\system\CodeIgniter.php(502): CodeIgniter\CodeIgniter->runController(Object(App\Controllers\PurchaseController))
#8 C:\xampp\htdocs\HMS_RegexByte\system\CodeIgniter.php(361): CodeIgniter\CodeIgniter->handleRequest(NULL, Object(Config\Cache), false)
#9 C:\xampp\htdocs\HMS_RegexByte\index.php(79): CodeIgniter\CodeIgniter->run()
#10 {main}
CRITICAL - 2024-09-19 08:12:03 --> Unknown column 'serial_number' in 'field list'
in SYSTEMPATH\Database\BaseConnection.php on line 647.
 1 SYSTEMPATH\Database\BaseBuilder.php(2308): CodeIgniter\Database\BaseConnection->query('INSERT INTO `purchase_invoices` (`idSupplier`, `Value`, `actual_Value`, `idUser`, `Status`, `serial_number`, `idBusiness`, `idCancellation`, `invOrdNum`, `idWarehouse`, `FIC`, `ValueTVSH`, `idCurrency`, `rate`, `paymentMethod`, `closeShift`, `isSummaryInvoice`, `isImport`, `idPoint_of_sale`, `transporterId`, `invoiceType`, `isReverseCharge`, `Contract`, `invoice_period_start_date`, `invoice_period_end_date`, `filename`, `dokumenti`, `lloji_fatures_id`, `InvoiceNotes`) VALUES (:idSupplier:, :Value:, :actual_Value:, :idUser:, :Status:, :serial_number:, :idBusiness:, :idCancellation:, :invOrdNum:, :idWarehouse:, :FIC:, :ValueTVSH:, :idCurrency:, :rate:, :paymentMethod:, :closeShift:, :isSummaryInvoice:, :isImport:, :idPoint_of_sale:, :transporterId:, :invoiceType:, :isReverseCharge:, :Contract:, :invoice_period_start_date:, :invoice_period_end_date:, :filename:, :dokumenti:, :lloji_fatures_id:, :InvoiceNotes:)', [...], false)
 2 APPPATH\Models\PurchaseModel.php(102): CodeIgniter\Database\BaseBuilder->insert([...])
 3 APPPATH\Controllers\PurchaseController.php(194): App\Models\PurchaseModel->insertPurchaseInvoice([...])
 4 SYSTEMPATH\CodeIgniter.php(942): App\Controllers\PurchaseController->submitPurchaseInvoice()
 5 SYSTEMPATH\CodeIgniter.php(502): CodeIgniter\CodeIgniter->runController(Object(App\Controllers\PurchaseController))
 6 SYSTEMPATH\CodeIgniter.php(361): CodeIgniter\CodeIgniter->handleRequest(null, Object(Config\Cache), false)
 7 FCPATH\index.php(79): CodeIgniter\CodeIgniter->run()
INFO - 2024-09-19 08:22:26 --> Session: Class initialized using 'CodeIgniter\Session\Handlers\FileHandler' driver.
INFO - 2024-09-19 08:23:16 --> Session: Class initialized using 'CodeIgniter\Session\Handlers\FileHandler' driver.
ERROR - 2024-09-19 08:23:16 --> mysqli_sql_exception: Unknown column 'serial_number' in 'field list' in C:\xampp\htdocs\HMS_RegexByte\system\Database\MySQLi\Connection.php:306
Stack trace:
#0 C:\xampp\htdocs\HMS_RegexByte\system\Database\MySQLi\Connection.php(306): mysqli->query('INSERT INTO `pu...', 0)
#1 C:\xampp\htdocs\HMS_RegexByte\system\Database\BaseConnection.php(693): CodeIgniter\Database\MySQLi\Connection->execute('INSERT INTO `pu...')
#2 C:\xampp\htdocs\HMS_RegexByte\system\Database\BaseConnection.php(607): CodeIgniter\Database\BaseConnection->simpleQuery('INSERT INTO `pu...')
#3 C:\xampp\htdocs\HMS_RegexByte\system\Database\BaseBuilder.php(2308): CodeIgniter\Database\BaseConnection->query('INSERT INTO `pu...', Array, false)
#4 C:\xampp\htdocs\HMS_RegexByte\app\Models\PurchaseModel.php(102): CodeIgniter\Database\BaseBuilder->insert(Array)
#5 C:\xampp\htdocs\HMS_RegexByte\app\Controllers\PurchaseController.php(194): App\Models\PurchaseModel->insertPurchaseInvoice(Array)
#6 C:\xampp\htdocs\HMS_RegexByte\system\CodeIgniter.php(942): App\Controllers\PurchaseController->submitPurchaseInvoice()
#7 C:\xampp\htdocs\HMS_RegexByte\system\CodeIgniter.php(502): CodeIgniter\CodeIgniter->runController(Object(App\Controllers\PurchaseController))
#8 C:\xampp\htdocs\HMS_RegexByte\system\CodeIgniter.php(361): CodeIgniter\CodeIgniter->handleRequest(NULL, Object(Config\Cache), false)
#9 C:\xampp\htdocs\HMS_RegexByte\index.php(79): CodeIgniter\CodeIgniter->run()
#10 {main}
CRITICAL - 2024-09-19 08:23:17 --> Unknown column 'serial_number' in 'field list'
in SYSTEMPATH\Database\BaseConnection.php on line 647.
 1 SYSTEMPATH\Database\BaseBuilder.php(2308): CodeIgniter\Database\BaseConnection->query('INSERT INTO `purchase_invoices` (`idSupplier`, `Value`, `actual_Value`, `idUser`, `Status`, `serial_number`, `idBusiness`, `idCancellation`, `invOrdNum`, `idWarehouse`, `FIC`, `ValueTVSH`, `idCurrency`, `rate`, `paymentMethod`, `closeShift`, `isSummaryInvoice`, `isImport`, `idPoint_of_sale`, `transporterId`, `invoiceType`, `isReverseCharge`, `Contract`, `invoice_period_start_date`, `invoice_period_end_date`, `filename`, `dokumenti`, `lloji_fatures_id`, `InvoiceNotes`) VALUES (:idSupplier:, :Value:, :actual_Value:, :idUser:, :Status:, :serial_number:, :idBusiness:, :idCancellation:, :invOrdNum:, :idWarehouse:, :FIC:, :ValueTVSH:, :idCurrency:, :rate:, :paymentMethod:, :closeShift:, :isSummaryInvoice:, :isImport:, :idPoint_of_sale:, :transporterId:, :invoiceType:, :isReverseCharge:, :Contract:, :invoice_period_start_date:, :invoice_period_end_date:, :filename:, :dokumenti:, :lloji_fatures_id:, :InvoiceNotes:)', [...], false)
 2 APPPATH\Models\PurchaseModel.php(102): CodeIgniter\Database\BaseBuilder->insert([...])
 3 APPPATH\Controllers\PurchaseController.php(194): App\Models\PurchaseModel->insertPurchaseInvoice([...])
 4 SYSTEMPATH\CodeIgniter.php(942): App\Controllers\PurchaseController->submitPurchaseInvoice()
 5 SYSTEMPATH\CodeIgniter.php(502): CodeIgniter\CodeIgniter->runController(Object(App\Controllers\PurchaseController))
 6 SYSTEMPATH\CodeIgniter.php(361): CodeIgniter\CodeIgniter->handleRequest(null, Object(Config\Cache), false)
 7 FCPATH\index.php(79): CodeIgniter\CodeIgniter->run()
INFO - 2024-09-19 08:26:11 --> Session: Class initialized using 'CodeIgniter\Session\Handlers\FileHandler' driver.
INFO - 2024-09-19 08:26:34 --> Session: Class initialized using 'CodeIgniter\Session\Handlers\FileHandler' driver.
ERROR - 2024-09-19 08:26:34 --> mysqli_sql_exception: Unknown column 'serial_number' in 'field list' in C:\xampp\htdocs\HMS_RegexByte\system\Database\MySQLi\Connection.php:306
Stack trace:
#0 C:\xampp\htdocs\HMS_RegexByte\system\Database\MySQLi\Connection.php(306): mysqli->query('INSERT INTO `pu...', 0)
#1 C:\xampp\htdocs\HMS_RegexByte\system\Database\BaseConnection.php(693): CodeIgniter\Database\MySQLi\Connection->execute('INSERT INTO `pu...')
#2 C:\xampp\htdocs\HMS_RegexByte\system\Database\BaseConnection.php(607): CodeIgniter\Database\BaseConnection->simpleQuery('INSERT INTO `pu...')
#3 C:\xampp\htdocs\HMS_RegexByte\system\Database\BaseBuilder.php(2308): CodeIgniter\Database\BaseConnection->query('INSERT INTO `pu...', Array, false)
#4 C:\xampp\htdocs\HMS_RegexByte\app\Models\PurchaseModel.php(102): CodeIgniter\Database\BaseBuilder->insert(Array)
#5 C:\xampp\htdocs\HMS_RegexByte\app\Controllers\PurchaseController.php(194): App\Models\PurchaseModel->insertPurchaseInvoice(Array)
#6 C:\xampp\htdocs\HMS_RegexByte\system\CodeIgniter.php(942): App\Controllers\PurchaseController->submitPurchaseInvoice()
#7 C:\xampp\htdocs\HMS_RegexByte\system\CodeIgniter.php(502): CodeIgniter\CodeIgniter->runController(Object(App\Controllers\PurchaseController))
#8 C:\xampp\htdocs\HMS_RegexByte\system\CodeIgniter.php(361): CodeIgniter\CodeIgniter->handleRequest(NULL, Object(Config\Cache), false)
#9 C:\xampp\htdocs\HMS_RegexByte\index.php(79): CodeIgniter\CodeIgniter->run()
#10 {main}
CRITICAL - 2024-09-19 08:26:34 --> Unknown column 'serial_number' in 'field list'
in SYSTEMPATH\Database\BaseConnection.php on line 647.
 1 SYSTEMPATH\Database\BaseBuilder.php(2308): CodeIgniter\Database\BaseConnection->query('INSERT INTO `purchase_invoices` (`idSupplier`, `Value`, `actual_Value`, `idUser`, `Status`, `serial_number`, `idBusiness`, `idCancellation`, `invOrdNum`, `idWarehouse`, `FIC`, `ValueTVSH`, `idCurrency`, `rate`, `paymentMethod`, `closeShift`, `isSummaryInvoice`, `isImport`, `idPoint_of_sale`, `transporterId`, `invoiceType`, `isReverseCharge`, `Contract`, `invoice_period_start_date`, `invoice_period_end_date`, `filename`, `dokumenti`, `lloji_fatures_id`, `InvoiceNotes`) VALUES (:idSupplier:, :Value:, :actual_Value:, :idUser:, :Status:, :serial_number:, :idBusiness:, :idCancellation:, :invOrdNum:, :idWarehouse:, :FIC:, :ValueTVSH:, :idCurrency:, :rate:, :paymentMethod:, :closeShift:, :isSummaryInvoice:, :isImport:, :idPoint_of_sale:, :transporterId:, :invoiceType:, :isReverseCharge:, :Contract:, :invoice_period_start_date:, :invoice_period_end_date:, :filename:, :dokumenti:, :lloji_fatures_id:, :InvoiceNotes:)', [...], false)
 2 APPPATH\Models\PurchaseModel.php(102): CodeIgniter\Database\BaseBuilder->insert([...])
 3 APPPATH\Controllers\PurchaseController.php(194): App\Models\PurchaseModel->insertPurchaseInvoice([...])
 4 SYSTEMPATH\CodeIgniter.php(942): App\Controllers\PurchaseController->submitPurchaseInvoice()
 5 SYSTEMPATH\CodeIgniter.php(502): CodeIgniter\CodeIgniter->runController(Object(App\Controllers\PurchaseController))
 6 SYSTEMPATH\CodeIgniter.php(361): CodeIgniter\CodeIgniter->handleRequest(null, Object(Config\Cache), false)
 7 FCPATH\index.php(79): CodeIgniter\CodeIgniter->run()
INFO - 2024-09-19 08:31:54 --> Session: Class initialized using 'CodeIgniter\Session\Handlers\FileHandler' driver.
INFO - 2024-09-19 08:33:19 --> Session: Class initialized using 'CodeIgniter\Session\Handlers\FileHandler' driver.
ERROR - 2024-09-19 08:33:19 --> mysqli_sql_exception: Unknown column 'closeShift' in 'field list' in C:\xampp\htdocs\HMS_RegexByte\system\Database\MySQLi\Connection.php:306
Stack trace:
#0 C:\xampp\htdocs\HMS_RegexByte\system\Database\MySQLi\Connection.php(306): mysqli->query('INSERT INTO `pu...', 0)
#1 C:\xampp\htdocs\HMS_RegexByte\system\Database\BaseConnection.php(693): CodeIgniter\Database\MySQLi\Connection->execute('INSERT INTO `pu...')
#2 C:\xampp\htdocs\HMS_RegexByte\system\Database\BaseConnection.php(607): CodeIgniter\Database\BaseConnection->simpleQuery('INSERT INTO `pu...')
#3 C:\xampp\htdocs\HMS_RegexByte\system\Database\BaseBuilder.php(2308): CodeIgniter\Database\BaseConnection->query('INSERT INTO `pu...', Array, false)
#4 C:\xampp\htdocs\HMS_RegexByte\app\Models\PurchaseModel.php(102): CodeIgniter\Database\BaseBuilder->insert(Array)
#5 C:\xampp\htdocs\HMS_RegexByte\app\Controllers\PurchaseController.php(194): App\Models\PurchaseModel->insertPurchaseInvoice(Array)
#6 C:\xampp\htdocs\HMS_RegexByte\system\CodeIgniter.php(942): App\Controllers\PurchaseController->submitPurchaseInvoice()
#7 C:\xampp\htdocs\HMS_RegexByte\system\CodeIgniter.php(502): CodeIgniter\CodeIgniter->runController(Object(App\Controllers\PurchaseController))
#8 C:\xampp\htdocs\HMS_RegexByte\system\CodeIgniter.php(361): CodeIgniter\CodeIgniter->handleRequest(NULL, Object(Config\Cache), false)
#9 C:\xampp\htdocs\HMS_RegexByte\index.php(79): CodeIgniter\CodeIgniter->run()
#10 {main}
CRITICAL - 2024-09-19 08:33:19 --> Unknown column 'closeShift' in 'field list'
in SYSTEMPATH\Database\BaseConnection.php on line 647.
 1 SYSTEMPATH\Database\BaseBuilder.php(2308): CodeIgniter\Database\BaseConnection->query('INSERT INTO `purchase_invoices` (`idSupplier`, `Value`, `actual_Value`, `idUser`, `Status`, `idBusiness`, `idCancellation`, `invOrdNum`, `idWarehouse`, `FIC`, `ValueTVSH`, `idCurrency`, `rate`, `paymentMethod`, `closeShift`, `isSummaryInvoice`, `isImport`, `idPoint_of_sale`, `transporterId`, `invoiceType`, `isReverseCharge`, `Contract`, `invoice_period_start_date`, `invoice_period_end_date`, `filename`, `dokumenti`, `lloji_fatures_id`, `InvoiceNotes`) VALUES (:idSupplier:, :Value:, :actual_Value:, :idUser:, :Status:, :idBusiness:, :idCancellation:, :invOrdNum:, :idWarehouse:, :FIC:, :ValueTVSH:, :idCurrency:, :rate:, :paymentMethod:, :closeShift:, :isSummaryInvoice:, :isImport:, :idPoint_of_sale:, :transporterId:, :invoiceType:, :isReverseCharge:, :Contract:, :invoice_period_start_date:, :invoice_period_end_date:, :filename:, :dokumenti:, :lloji_fatures_id:, :InvoiceNotes:)', [...], false)
 2 APPPATH\Models\PurchaseModel.php(102): CodeIgniter\Database\BaseBuilder->insert([...])
 3 APPPATH\Controllers\PurchaseController.php(194): App\Models\PurchaseModel->insertPurchaseInvoice([...])
 4 SYSTEMPATH\CodeIgniter.php(942): App\Controllers\PurchaseController->submitPurchaseInvoice()
 5 SYSTEMPATH\CodeIgniter.php(502): CodeIgniter\CodeIgniter->runController(Object(App\Controllers\PurchaseController))
 6 SYSTEMPATH\CodeIgniter.php(361): CodeIgniter\CodeIgniter->handleRequest(null, Object(Config\Cache), false)
 7 FCPATH\index.php(79): CodeIgniter\CodeIgniter->run()
INFO - 2024-09-19 08:34:05 --> Session: Class initialized using 'CodeIgniter\Session\Handlers\FileHandler' driver.
INFO - 2024-09-19 08:35:40 --> Session: Class initialized using 'CodeIgniter\Session\Handlers\FileHandler' driver.
ERROR - 2024-09-19 08:35:40 --> mysqli_sql_exception: Unknown column 'closeShift' in 'field list' in C:\xampp\htdocs\HMS_RegexByte\system\Database\MySQLi\Connection.php:306
Stack trace:
#0 C:\xampp\htdocs\HMS_RegexByte\system\Database\MySQLi\Connection.php(306): mysqli->query('INSERT INTO `pu...', 0)
#1 C:\xampp\htdocs\HMS_RegexByte\system\Database\BaseConnection.php(693): CodeIgniter\Database\MySQLi\Connection->execute('INSERT INTO `pu...')
#2 C:\xampp\htdocs\HMS_RegexByte\system\Database\BaseConnection.php(607): CodeIgniter\Database\BaseConnection->simpleQuery('INSERT INTO `pu...')
#3 C:\xampp\htdocs\HMS_RegexByte\system\Database\BaseBuilder.php(2308): CodeIgniter\Database\BaseConnection->query('INSERT INTO `pu...', Array, false)
#4 C:\xampp\htdocs\HMS_RegexByte\app\Models\PurchaseModel.php(102): CodeIgniter\Database\BaseBuilder->insert(Array)
#5 C:\xampp\htdocs\HMS_RegexByte\app\Controllers\PurchaseController.php(194): App\Models\PurchaseModel->insertPurchaseInvoice(Array)
#6 C:\xampp\htdocs\HMS_RegexByte\system\CodeIgniter.php(942): App\Controllers\PurchaseController->submitPurchaseInvoice()
#7 C:\xampp\htdocs\HMS_RegexByte\system\CodeIgniter.php(502): CodeIgniter\CodeIgniter->runController(Object(App\Controllers\PurchaseController))
#8 C:\xampp\htdocs\HMS_RegexByte\system\CodeIgniter.php(361): CodeIgniter\CodeIgniter->handleRequest(NULL, Object(Config\Cache), false)
#9 C:\xampp\htdocs\HMS_RegexByte\index.php(79): CodeIgniter\CodeIgniter->run()
#10 {main}
CRITICAL - 2024-09-19 08:35:41 --> Unknown column 'closeShift' in 'field list'
in SYSTEMPATH\Database\BaseConnection.php on line 647.
 1 SYSTEMPATH\Database\BaseBuilder.php(2308): CodeIgniter\Database\BaseConnection->query('INSERT INTO `purchase_invoices` (`idSupplier`, `Value`, `actual_Value`, `idUser`, `Status`, `idBusiness`, `idCancellation`, `invOrdNum`, `idWarehouse`, `FIC`, `ValueTVSH`, `idCurrency`, `rate`, `paymentMethod`, `closeShift`, `isSummaryInvoice`, `isImport`, `idPoint_of_sale`, `transporterId`, `invoiceType`, `isReverseCharge`, `Contract`, `invoice_period_start_date`, `invoice_period_end_date`, `filename`, `dokumenti`, `lloji_fatures_id`, `InvoiceNotes`) VALUES (:idSupplier:, :Value:, :actual_Value:, :idUser:, :Status:, :idBusiness:, :idCancellation:, :invOrdNum:, :idWarehouse:, :FIC:, :ValueTVSH:, :idCurrency:, :rate:, :paymentMethod:, :closeShift:, :isSummaryInvoice:, :isImport:, :idPoint_of_sale:, :transporterId:, :invoiceType:, :isReverseCharge:, :Contract:, :invoice_period_start_date:, :invoice_period_end_date:, :filename:, :dokumenti:, :lloji_fatures_id:, :InvoiceNotes:)', [...], false)
 2 APPPATH\Models\PurchaseModel.php(102): CodeIgniter\Database\BaseBuilder->insert([...])
 3 APPPATH\Controllers\PurchaseController.php(194): App\Models\PurchaseModel->insertPurchaseInvoice([...])
 4 SYSTEMPATH\CodeIgniter.php(942): App\Controllers\PurchaseController->submitPurchaseInvoice()
 5 SYSTEMPATH\CodeIgniter.php(502): CodeIgniter\CodeIgniter->runController(Object(App\Controllers\PurchaseController))
 6 SYSTEMPATH\CodeIgniter.php(361): CodeIgniter\CodeIgniter->handleRequest(null, Object(Config\Cache), false)
 7 FCPATH\index.php(79): CodeIgniter\CodeIgniter->run()
INFO - 2024-09-19 08:36:16 --> Session: Class initialized using 'CodeIgniter\Session\Handlers\FileHandler' driver.
INFO - 2024-09-19 08:36:44 --> Session: Class initialized using 'CodeIgniter\Session\Handlers\FileHandler' driver.
ERROR - 2024-09-19 08:36:44 --> mysqli_sql_exception: Unknown column 'isSummaryInvoice' in 'field list' in C:\xampp\htdocs\HMS_RegexByte\system\Database\MySQLi\Connection.php:306
Stack trace:
#0 C:\xampp\htdocs\HMS_RegexByte\system\Database\MySQLi\Connection.php(306): mysqli->query('INSERT INTO `pu...', 0)
#1 C:\xampp\htdocs\HMS_RegexByte\system\Database\BaseConnection.php(693): CodeIgniter\Database\MySQLi\Connection->execute('INSERT INTO `pu...')
#2 C:\xampp\htdocs\HMS_RegexByte\system\Database\BaseConnection.php(607): CodeIgniter\Database\BaseConnection->simpleQuery('INSERT INTO `pu...')
#3 C:\xampp\htdocs\HMS_RegexByte\system\Database\BaseBuilder.php(2308): CodeIgniter\Database\BaseConnection->query('INSERT INTO `pu...', Array, false)
#4 C:\xampp\htdocs\HMS_RegexByte\app\Models\PurchaseModel.php(102): CodeIgniter\Database\BaseBuilder->insert(Array)
#5 C:\xampp\htdocs\HMS_RegexByte\app\Controllers\PurchaseController.php(194): App\Models\PurchaseModel->insertPurchaseInvoice(Array)
#6 C:\xampp\htdocs\HMS_RegexByte\system\CodeIgniter.php(942): App\Controllers\PurchaseController->submitPurchaseInvoice()
#7 C:\xampp\htdocs\HMS_RegexByte\system\CodeIgniter.php(502): CodeIgniter\CodeIgniter->runController(Object(App\Controllers\PurchaseController))
#8 C:\xampp\htdocs\HMS_RegexByte\system\CodeIgniter.php(361): CodeIgniter\CodeIgniter->handleRequest(NULL, Object(Config\Cache), false)
#9 C:\xampp\htdocs\HMS_RegexByte\index.php(79): CodeIgniter\CodeIgniter->run()
#10 {main}
CRITICAL - 2024-09-19 08:36:45 --> Unknown column 'isSummaryInvoice' in 'field list'
in SYSTEMPATH\Database\BaseConnection.php on line 647.
 1 SYSTEMPATH\Database\BaseBuilder.php(2308): CodeIgniter\Database\BaseConnection->query('INSERT INTO `purchase_invoices` (`idSupplier`, `Value`, `actual_Value`, `idUser`, `Status`, `idBusiness`, `idCancellation`, `invOrdNum`, `idWarehouse`, `FIC`, `ValueTVSH`, `idCurrency`, `rate`, `paymentMethod`, `isSummaryInvoice`, `isImport`, `idPoint_of_sale`, `transporterId`, `invoiceType`, `isReverseCharge`, `Contract`, `invoice_period_start_date`, `invoice_period_end_date`, `filename`, `dokumenti`, `lloji_fatures_id`, `InvoiceNotes`) VALUES (:idSupplier:, :Value:, :actual_Value:, :idUser:, :Status:, :idBusiness:, :idCancellation:, :invOrdNum:, :idWarehouse:, :FIC:, :ValueTVSH:, :idCurrency:, :rate:, :paymentMethod:, :isSummaryInvoice:, :isImport:, :idPoint_of_sale:, :transporterId:, :invoiceType:, :isReverseCharge:, :Contract:, :invoice_period_start_date:, :invoice_period_end_date:, :filename:, :dokumenti:, :lloji_fatures_id:, :InvoiceNotes:)', [...], false)
 2 APPPATH\Models\PurchaseModel.php(102): CodeIgniter\Database\BaseBuilder->insert([...])
 3 APPPATH\Controllers\PurchaseController.php(194): App\Models\PurchaseModel->insertPurchaseInvoice([...])
 4 SYSTEMPATH\CodeIgniter.php(942): App\Controllers\PurchaseController->submitPurchaseInvoice()
 5 SYSTEMPATH\CodeIgniter.php(502): CodeIgniter\CodeIgniter->runController(Object(App\Controllers\PurchaseController))
 6 SYSTEMPATH\CodeIgniter.php(361): CodeIgniter\CodeIgniter->handleRequest(null, Object(Config\Cache), false)
 7 FCPATH\index.php(79): CodeIgniter\CodeIgniter->run()
INFO - 2024-09-19 08:37:43 --> Session: Class initialized using 'CodeIgniter\Session\Handlers\FileHandler' driver.
INFO - 2024-09-19 08:38:07 --> Session: Class initialized using 'CodeIgniter\Session\Handlers\FileHandler' driver.
ERROR - 2024-09-19 08:38:07 --> mysqli_sql_exception: Unknown column 'isReverseCharge' in 'field list' in C:\xampp\htdocs\HMS_RegexByte\system\Database\MySQLi\Connection.php:306
Stack trace:
#0 C:\xampp\htdocs\HMS_RegexByte\system\Database\MySQLi\Connection.php(306): mysqli->query('INSERT INTO `pu...', 0)
#1 C:\xampp\htdocs\HMS_RegexByte\system\Database\BaseConnection.php(693): CodeIgniter\Database\MySQLi\Connection->execute('INSERT INTO `pu...')
#2 C:\xampp\htdocs\HMS_RegexByte\system\Database\BaseConnection.php(607): CodeIgniter\Database\BaseConnection->simpleQuery('INSERT INTO `pu...')
#3 C:\xampp\htdocs\HMS_RegexByte\system\Database\BaseBuilder.php(2308): CodeIgniter\Database\BaseConnection->query('INSERT INTO `pu...', Array, false)
#4 C:\xampp\htdocs\HMS_RegexByte\app\Models\PurchaseModel.php(102): CodeIgniter\Database\BaseBuilder->insert(Array)
#5 C:\xampp\htdocs\HMS_RegexByte\app\Controllers\PurchaseController.php(194): App\Models\PurchaseModel->insertPurchaseInvoice(Array)
#6 C:\xampp\htdocs\HMS_RegexByte\system\CodeIgniter.php(942): App\Controllers\PurchaseController->submitPurchaseInvoice()
#7 C:\xampp\htdocs\HMS_RegexByte\system\CodeIgniter.php(502): CodeIgniter\CodeIgniter->runController(Object(App\Controllers\PurchaseController))
#8 C:\xampp\htdocs\HMS_RegexByte\system\CodeIgniter.php(361): CodeIgniter\CodeIgniter->handleRequest(NULL, Object(Config\Cache), false)
#9 C:\xampp\htdocs\HMS_RegexByte\index.php(79): CodeIgniter\CodeIgniter->run()
#10 {main}
CRITICAL - 2024-09-19 08:38:07 --> Unknown column 'isReverseCharge' in 'field list'
in SYSTEMPATH\Database\BaseConnection.php on line 647.
 1 SYSTEMPATH\Database\BaseBuilder.php(2308): CodeIgniter\Database\BaseConnection->query('INSERT INTO `purchase_invoices` (`idSupplier`, `Value`, `actual_Value`, `idUser`, `Status`, `idBusiness`, `idCancellation`, `invOrdNum`, `idWarehouse`, `FIC`, `ValueTVSH`, `idCurrency`, `rate`, `paymentMethod`, `isImport`, `idPoint_of_sale`, `transporterId`, `invoiceType`, `isReverseCharge`, `Contract`, `invoice_period_start_date`, `invoice_period_end_date`, `filename`, `dokumenti`, `lloji_fatures_id`, `InvoiceNotes`) VALUES (:idSupplier:, :Value:, :actual_Value:, :idUser:, :Status:, :idBusiness:, :idCancellation:, :invOrdNum:, :idWarehouse:, :FIC:, :ValueTVSH:, :idCurrency:, :rate:, :paymentMethod:, :isImport:, :idPoint_of_sale:, :transporterId:, :invoiceType:, :isReverseCharge:, :Contract:, :invoice_period_start_date:, :invoice_period_end_date:, :filename:, :dokumenti:, :lloji_fatures_id:, :InvoiceNotes:)', [...], false)
 2 APPPATH\Models\PurchaseModel.php(102): CodeIgniter\Database\BaseBuilder->insert([...])
 3 APPPATH\Controllers\PurchaseController.php(194): App\Models\PurchaseModel->insertPurchaseInvoice([...])
 4 SYSTEMPATH\CodeIgniter.php(942): App\Controllers\PurchaseController->submitPurchaseInvoice()
 5 SYSTEMPATH\CodeIgniter.php(502): CodeIgniter\CodeIgniter->runController(Object(App\Controllers\PurchaseController))
 6 SYSTEMPATH\CodeIgniter.php(361): CodeIgniter\CodeIgniter->handleRequest(null, Object(Config\Cache), false)
 7 FCPATH\index.php(79): CodeIgniter\CodeIgniter->run()
INFO - 2024-09-19 08:38:46 --> Session: Class initialized using 'CodeIgniter\Session\Handlers\FileHandler' driver.
INFO - 2024-09-19 08:39:21 --> Session: Class initialized using 'CodeIgniter\Session\Handlers\FileHandler' driver.
ERROR - 2024-09-19 08:39:21 --> mysqli_sql_exception: Unknown column 'filename' in 'field list' in C:\xampp\htdocs\HMS_RegexByte\system\Database\MySQLi\Connection.php:306
Stack trace:
#0 C:\xampp\htdocs\HMS_RegexByte\system\Database\MySQLi\Connection.php(306): mysqli->query('INSERT INTO `pu...', 0)
#1 C:\xampp\htdocs\HMS_RegexByte\system\Database\BaseConnection.php(693): CodeIgniter\Database\MySQLi\Connection->execute('INSERT INTO `pu...')
#2 C:\xampp\htdocs\HMS_RegexByte\system\Database\BaseConnection.php(607): CodeIgniter\Database\BaseConnection->simpleQuery('INSERT INTO `pu...')
#3 C:\xampp\htdocs\HMS_RegexByte\system\Database\BaseBuilder.php(2308): CodeIgniter\Database\BaseConnection->query('INSERT INTO `pu...', Array, false)
#4 C:\xampp\htdocs\HMS_RegexByte\app\Models\PurchaseModel.php(102): CodeIgniter\Database\BaseBuilder->insert(Array)
#5 C:\xampp\htdocs\HMS_RegexByte\app\Controllers\PurchaseController.php(194): App\Models\PurchaseModel->insertPurchaseInvoice(Array)
#6 C:\xampp\htdocs\HMS_RegexByte\system\CodeIgniter.php(942): App\Controllers\PurchaseController->submitPurchaseInvoice()
#7 C:\xampp\htdocs\HMS_RegexByte\system\CodeIgniter.php(502): CodeIgniter\CodeIgniter->runController(Object(App\Controllers\PurchaseController))
#8 C:\xampp\htdocs\HMS_RegexByte\system\CodeIgniter.php(361): CodeIgniter\CodeIgniter->handleRequest(NULL, Object(Config\Cache), false)
#9 C:\xampp\htdocs\HMS_RegexByte\index.php(79): CodeIgniter\CodeIgniter->run()
#10 {main}
CRITICAL - 2024-09-19 08:39:22 --> Unknown column 'filename' in 'field list'
in SYSTEMPATH\Database\BaseConnection.php on line 647.
 1 SYSTEMPATH\Database\BaseBuilder.php(2308): CodeIgniter\Database\BaseConnection->query('INSERT INTO `purchase_invoices` (`idSupplier`, `Value`, `actual_Value`, `idUser`, `Status`, `idBusiness`, `idCancellation`, `invOrdNum`, `idWarehouse`, `FIC`, `ValueTVSH`, `idCurrency`, `rate`, `paymentMethod`, `isImport`, `idPoint_of_sale`, `transporterId`, `invoiceType`, `Contract`, `invoice_period_start_date`, `invoice_period_end_date`, `filename`, `dokumenti`, `lloji_fatures_id`, `InvoiceNotes`) VALUES (:idSupplier:, :Value:, :actual_Value:, :idUser:, :Status:, :idBusiness:, :idCancellation:, :invOrdNum:, :idWarehouse:, :FIC:, :ValueTVSH:, :idCurrency:, :rate:, :paymentMethod:, :isImport:, :idPoint_of_sale:, :transporterId:, :invoiceType:, :Contract:, :invoice_period_start_date:, :invoice_period_end_date:, :filename:, :dokumenti:, :lloji_fatures_id:, :InvoiceNotes:)', [...], false)
 2 APPPATH\Models\PurchaseModel.php(102): CodeIgniter\Database\BaseBuilder->insert([...])
 3 APPPATH\Controllers\PurchaseController.php(194): App\Models\PurchaseModel->insertPurchaseInvoice([...])
 4 SYSTEMPATH\CodeIgniter.php(942): App\Controllers\PurchaseController->submitPurchaseInvoice()
 5 SYSTEMPATH\CodeIgniter.php(502): CodeIgniter\CodeIgniter->runController(Object(App\Controllers\PurchaseController))
 6 SYSTEMPATH\CodeIgniter.php(361): CodeIgniter\CodeIgniter->handleRequest(null, Object(Config\Cache), false)
 7 FCPATH\index.php(79): CodeIgniter\CodeIgniter->run()
INFO - 2024-09-19 08:39:54 --> Session: Class initialized using 'CodeIgniter\Session\Handlers\FileHandler' driver.
INFO - 2024-09-19 08:40:28 --> Session: Class initialized using 'CodeIgniter\Session\Handlers\FileHandler' driver.
ERROR - 2024-09-19 08:40:28 --> mysqli_sql_exception: Unknown column 'dokumenti' in 'field list' in C:\xampp\htdocs\HMS_RegexByte\system\Database\MySQLi\Connection.php:306
Stack trace:
#0 C:\xampp\htdocs\HMS_RegexByte\system\Database\MySQLi\Connection.php(306): mysqli->query('INSERT INTO `pu...', 0)
#1 C:\xampp\htdocs\HMS_RegexByte\system\Database\BaseConnection.php(693): CodeIgniter\Database\MySQLi\Connection->execute('INSERT INTO `pu...')
#2 C:\xampp\htdocs\HMS_RegexByte\system\Database\BaseConnection.php(607): CodeIgniter\Database\BaseConnection->simpleQuery('INSERT INTO `pu...')
#3 C:\xampp\htdocs\HMS_RegexByte\system\Database\BaseBuilder.php(2308): CodeIgniter\Database\BaseConnection->query('INSERT INTO `pu...', Array, false)
#4 C:\xampp\htdocs\HMS_RegexByte\app\Models\PurchaseModel.php(102): CodeIgniter\Database\BaseBuilder->insert(Array)
#5 C:\xampp\htdocs\HMS_RegexByte\app\Controllers\PurchaseController.php(194): App\Models\PurchaseModel->insertPurchaseInvoice(Array)
#6 C:\xampp\htdocs\HMS_RegexByte\system\CodeIgniter.php(942): App\Controllers\PurchaseController->submitPurchaseInvoice()
#7 C:\xampp\htdocs\HMS_RegexByte\system\CodeIgniter.php(502): CodeIgniter\CodeIgniter->runController(Object(App\Controllers\PurchaseController))
#8 C:\xampp\htdocs\HMS_RegexByte\system\CodeIgniter.php(361): CodeIgniter\CodeIgniter->handleRequest(NULL, Object(Config\Cache), false)
#9 C:\xampp\htdocs\HMS_RegexByte\index.php(79): CodeIgniter\CodeIgniter->run()
#10 {main}
CRITICAL - 2024-09-19 08:40:28 --> Unknown column 'dokumenti' in 'field list'
in SYSTEMPATH\Database\BaseConnection.php on line 647.
 1 SYSTEMPATH\Database\BaseBuilder.php(2308): CodeIgniter\Database\BaseConnection->query('INSERT INTO `purchase_invoices` (`idSupplier`, `Value`, `actual_Value`, `idUser`, `Status`, `idBusiness`, `idCancellation`, `invOrdNum`, `idWarehouse`, `FIC`, `ValueTVSH`, `idCurrency`, `rate`, `paymentMethod`, `isImport`, `idPoint_of_sale`, `transporterId`, `invoiceType`, `Contract`, `invoice_period_start_date`, `invoice_period_end_date`, `dokumenti`, `lloji_fatures_id`, `InvoiceNotes`) VALUES (:idSupplier:, :Value:, :actual_Value:, :idUser:, :Status:, :idBusiness:, :idCancellation:, :invOrdNum:, :idWarehouse:, :FIC:, :ValueTVSH:, :idCurrency:, :rate:, :paymentMethod:, :isImport:, :idPoint_of_sale:, :transporterId:, :invoiceType:, :Contract:, :invoice_period_start_date:, :invoice_period_end_date:, :dokumenti:, :lloji_fatures_id:, :InvoiceNotes:)', [...], false)
 2 APPPATH\Models\PurchaseModel.php(102): CodeIgniter\Database\BaseBuilder->insert([...])
 3 APPPATH\Controllers\PurchaseController.php(194): App\Models\PurchaseModel->insertPurchaseInvoice([...])
 4 SYSTEMPATH\CodeIgniter.php(942): App\Controllers\PurchaseController->submitPurchaseInvoice()
 5 SYSTEMPATH\CodeIgniter.php(502): CodeIgniter\CodeIgniter->runController(Object(App\Controllers\PurchaseController))
 6 SYSTEMPATH\CodeIgniter.php(361): CodeIgniter\CodeIgniter->handleRequest(null, Object(Config\Cache), false)
 7 FCPATH\index.php(79): CodeIgniter\CodeIgniter->run()
INFO - 2024-09-19 08:41:06 --> Session: Class initialized using 'CodeIgniter\Session\Handlers\FileHandler' driver.
INFO - 2024-09-19 08:41:25 --> Session: Class initialized using 'CodeIgniter\Session\Handlers\FileHandler' driver.
INFO - 2024-09-19 09:05:28 --> Session: Class initialized using 'CodeIgniter\Session\Handlers\FileHandler' driver.
INFO - 2024-09-19 09:05:59 --> Session: Class initialized using 'CodeIgniter\Session\Handlers\FileHandler' driver.
INFO - 2024-09-19 09:14:11 --> Session: Class initialized using 'CodeIgniter\Session\Handlers\FileHandler' driver.
INFO - 2024-09-19 09:14:36 --> Session: Class initialized using 'CodeIgniter\Session\Handlers\FileHandler' driver.
CRITICAL - 2024-09-19 09:14:36 --> Constant expression contains invalid operations
in APPPATH\Models\purchaseInvoiceModel.php on line 11.
 1 [internal function]: CodeIgniter\Debug\Exceptions->shutdownHandler()
INFO - 2024-09-19 09:19:13 --> Session: Class initialized using 'CodeIgniter\Session\Handlers\FileHandler' driver.
INFO - 2024-09-19 09:20:31 --> Session: Class initialized using 'CodeIgniter\Session\Handlers\FileHandler' driver.
INFO - 2024-09-19 10:30:50 --> Session: Class initialized using 'CodeIgniter\Session\Handlers\FileHandler' driver.
CRITICAL - 2024-09-19 10:30:51 --> syntax error, unexpected variable "$Gender"
in APPPATH\Controllers\PurchaseController.php on line 245.
 1 SYSTEMPATH\Autoloader\Autoloader.php(291): CodeIgniter\Autoloader\Autoloader->includeFile('C:\\xampp\\htdocs\\HMS_RegexByte\\app\\Controllers\\PurchaseController.php')
 2 SYSTEMPATH\Autoloader\Autoloader.php(269): CodeIgniter\Autoloader\Autoloader->loadInNamespace('App\\Controllers\\PurchaseController')
 3 [internal function]: CodeIgniter\Autoloader\Autoloader->loadClass('App\\Controllers\\PurchaseController')
 4 SYSTEMPATH\CodeIgniter.php(900): class_exists('\\App\\Controllers\\PurchaseController', true)
 5 SYSTEMPATH\CodeIgniter.php(489): CodeIgniter\CodeIgniter->startController()
 6 SYSTEMPATH\CodeIgniter.php(361): CodeIgniter\CodeIgniter->handleRequest(null, Object(Config\Cache), false)
 7 FCPATH\index.php(79): CodeIgniter\CodeIgniter->run()
INFO - 2024-09-19 10:32:37 --> Session: Class initialized using 'CodeIgniter\Session\Handlers\FileHandler' driver.
INFO - 2024-09-19 10:32:57 --> Session: Class initialized using 'CodeIgniter\Session\Handlers\FileHandler' driver.
INFO - 2024-09-19 10:33:14 --> Session: Class initialized using 'CodeIgniter\Session\Handlers\FileHandler' driver.
INFO - 2024-09-19 10:40:01 --> Session: Class initialized using 'CodeIgniter\Session\Handlers\FileHandler' driver.
INFO - 2024-09-19 10:40:07 --> Session: Class initialized using 'CodeIgniter\Session\Handlers\FileHandler' driver.
INFO - 2024-09-19 10:45:02 --> Session: Class initialized using 'CodeIgniter\Session\Handlers\FileHandler' driver.
ERROR - 2024-09-19 10:45:02 --> Error retrieving data: Call to undefined method App\Models\ClientModel::getsupplierContact
INFO - 2024-09-19 10:45:04 --> Session: Class initialized using 'CodeIgniter\Session\Handlers\FileHandler' driver.
INFO - 2024-09-19 10:45:32 --> Session: Class initialized using 'CodeIgniter\Session\Handlers\FileHandler' driver.
ERROR - 2024-09-19 10:45:33 --> Error retrieving data: Call to undefined method App\Models\ClientModel::getsupplierContact
INFO - 2024-09-19 10:45:34 --> Session: Class initialized using 'CodeIgniter\Session\Handlers\FileHandler' driver.
INFO - 2024-09-19 10:46:04 --> Session: Class initialized using 'CodeIgniter\Session\Handlers\FileHandler' driver.
ERROR - 2024-09-19 10:46:05 --> Error retrieving data: Call to undefined method App\Models\ClientModel::getsupplierContact
INFO - 2024-09-19 10:46:07 --> Session: Class initialized using 'CodeIgniter\Session\Handlers\FileHandler' driver.
INFO - 2024-09-19 10:47:47 --> Session: Class initialized using 'CodeIgniter\Session\Handlers\FileHandler' driver.
ERROR - 2024-09-19 10:47:47 --> mysqli_sql_exception: Unknown column 'age' in 'field list' in C:\xampp\htdocs\HMS_RegexByte\system\Database\MySQLi\Connection.php:306
Stack trace:
#0 C:\xampp\htdocs\HMS_RegexByte\system\Database\MySQLi\Connection.php(306): mysqli->query('SELECT `age`\nFR...', 0)
#1 C:\xampp\htdocs\HMS_RegexByte\system\Database\BaseConnection.php(693): CodeIgniter\Database\MySQLi\Connection->execute('SELECT `age`\nFR...')
#2 C:\xampp\htdocs\HMS_RegexByte\system\Database\BaseConnection.php(607): CodeIgniter\Database\BaseConnection->simpleQuery('SELECT `age`\nFR...')
#3 C:\xampp\htdocs\HMS_RegexByte\system\Database\BaseBuilder.php(1615): CodeIgniter\Database\BaseConnection->query('SELECT `age`\nFR...', Array, false)
#4 C:\xampp\htdocs\HMS_RegexByte\app\Models\SupplierModel.php(67): CodeIgniter\Database\BaseBuilder->get()
#5 C:\xampp\htdocs\HMS_RegexByte\app\Controllers\PurchaseController.php(247): App\Models\SupplierModel->getsupplierContact('39', '2')
#6 C:\xampp\htdocs\HMS_RegexByte\system\CodeIgniter.php(942): App\Controllers\PurchaseController->submitPurchaseInvoice()
#7 C:\xampp\htdocs\HMS_RegexByte\system\CodeIgniter.php(502): CodeIgniter\CodeIgniter->runController(Object(App\Controllers\PurchaseController))
#8 C:\xampp\htdocs\HMS_RegexByte\system\CodeIgniter.php(361): CodeIgniter\CodeIgniter->handleRequest(NULL, Object(Config\Cache), false)
#9 C:\xampp\htdocs\HMS_RegexByte\index.php(79): CodeIgniter\CodeIgniter->run()
#10 {main}
CRITICAL - 2024-09-19 10:47:48 --> Unknown column 'age' in 'field list'
in SYSTEMPATH\Database\BaseConnection.php on line 647.
 1 SYSTEMPATH\Database\BaseBuilder.php(1615): CodeIgniter\Database\BaseConnection->query('SELECT `age`
FROM `supplier`
WHERE `idBusiness` = :idBusiness:
AND `idClient` = :idClient:', [...], false)
 2 APPPATH\Models\SupplierModel.php(67): CodeIgniter\Database\BaseBuilder->get()
 3 APPPATH\Controllers\PurchaseController.php(247): App\Models\SupplierModel->getsupplierContact('39', '2')
 4 SYSTEMPATH\CodeIgniter.php(942): App\Controllers\PurchaseController->submitPurchaseInvoice()
 5 SYSTEMPATH\CodeIgniter.php(502): CodeIgniter\CodeIgniter->runController(Object(App\Controllers\PurchaseController))
 6 SYSTEMPATH\CodeIgniter.php(361): CodeIgniter\CodeIgniter->handleRequest(null, Object(Config\Cache), false)
 7 FCPATH\index.php(79): CodeIgniter\CodeIgniter->run()
INFO - 2024-09-19 10:48:26 --> Session: Class initialized using 'CodeIgniter\Session\Handlers\FileHandler' driver.
INFO - 2024-09-19 10:48:54 --> Session: Class initialized using 'CodeIgniter\Session\Handlers\FileHandler' driver.
ERROR - 2024-09-19 10:48:55 --> mysqli_sql_exception: Unknown column 'age' in 'field list' in C:\xampp\htdocs\HMS_RegexByte\system\Database\MySQLi\Connection.php:306
Stack trace:
#0 C:\xampp\htdocs\HMS_RegexByte\system\Database\MySQLi\Connection.php(306): mysqli->query('SELECT `age`\nFR...', 0)
#1 C:\xampp\htdocs\HMS_RegexByte\system\Database\BaseConnection.php(693): CodeIgniter\Database\MySQLi\Connection->execute('SELECT `age`\nFR...')
#2 C:\xampp\htdocs\HMS_RegexByte\system\Database\BaseConnection.php(607): CodeIgniter\Database\BaseConnection->simpleQuery('SELECT `age`\nFR...')
#3 C:\xampp\htdocs\HMS_RegexByte\system\Database\BaseBuilder.php(1615): CodeIgniter\Database\BaseConnection->query('SELECT `age`\nFR...', Array, false)
#4 C:\xampp\htdocs\HMS_RegexByte\app\Models\SupplierModel.php(67): CodeIgniter\Database\BaseBuilder->get()
#5 C:\xampp\htdocs\HMS_RegexByte\app\Controllers\PurchaseController.php(247): App\Models\SupplierModel->getsupplierContact('39', '2')
#6 C:\xampp\htdocs\HMS_RegexByte\system\CodeIgniter.php(942): App\Controllers\PurchaseController->submitPurchaseInvoice()
#7 C:\xampp\htdocs\HMS_RegexByte\system\CodeIgniter.php(502): CodeIgniter\CodeIgniter->runController(Object(App\Controllers\PurchaseController))
#8 C:\xampp\htdocs\HMS_RegexByte\system\CodeIgniter.php(361): CodeIgniter\CodeIgniter->handleRequest(NULL, Object(Config\Cache), false)
#9 C:\xampp\htdocs\HMS_RegexByte\index.php(79): CodeIgniter\CodeIgniter->run()
#10 {main}
CRITICAL - 2024-09-19 10:48:55 --> Unknown column 'age' in 'field list'
in SYSTEMPATH\Database\BaseConnection.php on line 647.
 1 SYSTEMPATH\Database\BaseBuilder.php(1615): CodeIgniter\Database\BaseConnection->query('SELECT `age`
FROM `supplier`
WHERE `idBusiness` = :idBusiness:
AND `idClient` = :idClient:', [...], false)
 2 APPPATH\Models\SupplierModel.php(67): CodeIgniter\Database\BaseBuilder->get()
 3 APPPATH\Controllers\PurchaseController.php(247): App\Models\SupplierModel->getsupplierContact('39', '2')
 4 SYSTEMPATH\CodeIgniter.php(942): App\Controllers\PurchaseController->submitPurchaseInvoice()
 5 SYSTEMPATH\CodeIgniter.php(502): CodeIgniter\CodeIgniter->runController(Object(App\Controllers\PurchaseController))
 6 SYSTEMPATH\CodeIgniter.php(361): CodeIgniter\CodeIgniter->handleRequest(null, Object(Config\Cache), false)
 7 FCPATH\index.php(79): CodeIgniter\CodeIgniter->run()
INFO - 2024-09-19 10:51:27 --> Session: Class initialized using 'CodeIgniter\Session\Handlers\FileHandler' driver.
INFO - 2024-09-19 10:51:44 --> Session: Class initialized using 'CodeIgniter\Session\Handlers\FileHandler' driver.
ERROR - 2024-09-19 10:51:44 --> mysqli_sql_exception: Unknown column 'idClient' in 'where clause' in C:\xampp\htdocs\HMS_RegexByte\system\Database\MySQLi\Connection.php:306
Stack trace:
#0 C:\xampp\htdocs\HMS_RegexByte\system\Database\MySQLi\Connection.php(306): mysqli->query('SELECT `contact...', 0)
#1 C:\xampp\htdocs\HMS_RegexByte\system\Database\BaseConnection.php(693): CodeIgniter\Database\MySQLi\Connection->execute('SELECT `contact...')
#2 C:\xampp\htdocs\HMS_RegexByte\system\Database\BaseConnection.php(607): CodeIgniter\Database\BaseConnection->simpleQuery('SELECT `contact...')
#3 C:\xampp\htdocs\HMS_RegexByte\system\Database\BaseBuilder.php(1615): CodeIgniter\Database\BaseConnection->query('SELECT `contact...', Array, false)
#4 C:\xampp\htdocs\HMS_RegexByte\app\Models\SupplierModel.php(67): CodeIgniter\Database\BaseBuilder->get()
#5 C:\xampp\htdocs\HMS_RegexByte\app\Controllers\PurchaseController.php(247): App\Models\SupplierModel->getsupplierContact('39', '2')
#6 C:\xampp\htdocs\HMS_RegexByte\system\CodeIgniter.php(942): App\Controllers\PurchaseController->submitPurchaseInvoice()
#7 C:\xampp\htdocs\HMS_RegexByte\system\CodeIgniter.php(502): CodeIgniter\CodeIgniter->runController(Object(App\Controllers\PurchaseController))
#8 C:\xampp\htdocs\HMS_RegexByte\system\CodeIgniter.php(361): CodeIgniter\CodeIgniter->handleRequest(NULL, Object(Config\Cache), false)
#9 C:\xampp\htdocs\HMS_RegexByte\index.php(79): CodeIgniter\CodeIgniter->run()
#10 {main}
CRITICAL - 2024-09-19 10:51:44 --> Unknown column 'idClient' in 'where clause'
in SYSTEMPATH\Database\BaseConnection.php on line 647.
 1 SYSTEMPATH\Database\BaseBuilder.php(1615): CodeIgniter\Database\BaseConnection->query('SELECT `contact`
FROM `supplier`
WHERE `idBusiness` = :idBusiness:
AND `idClient` = :idClient:', [...], false)
 2 APPPATH\Models\SupplierModel.php(67): CodeIgniter\Database\BaseBuilder->get()
 3 APPPATH\Controllers\PurchaseController.php(247): App\Models\SupplierModel->getsupplierContact('39', '2')
 4 SYSTEMPATH\CodeIgniter.php(942): App\Controllers\PurchaseController->submitPurchaseInvoice()
 5 SYSTEMPATH\CodeIgniter.php(502): CodeIgniter\CodeIgniter->runController(Object(App\Controllers\PurchaseController))
 6 SYSTEMPATH\CodeIgniter.php(361): CodeIgniter\CodeIgniter->handleRequest(null, Object(Config\Cache), false)
 7 FCPATH\index.php(79): CodeIgniter\CodeIgniter->run()
INFO - 2024-09-19 10:53:06 --> Session: Class initialized using 'CodeIgniter\Session\Handlers\FileHandler' driver.
INFO - 2024-09-19 10:55:41 --> Session: Class initialized using 'CodeIgniter\Session\Handlers\FileHandler' driver.
INFO - 2024-09-19 10:55:45 --> Session: Class initialized using 'CodeIgniter\Session\Handlers\FileHandler' driver.
INFO - 2024-09-19 11:01:20 --> Session: Class initialized using 'CodeIgniter\Session\Handlers\FileHandler' driver.
INFO - 2024-09-19 11:01:24 --> Session: Class initialized using 'CodeIgniter\Session\Handlers\FileHandler' driver.
INFO - 2024-09-19 12:00:20 --> Session: Class initialized using 'CodeIgniter\Session\Handlers\FileHandler' driver.
INFO - 2024-09-19 12:03:39 --> Session: Class initialized using 'CodeIgniter\Session\Handlers\FileHandler' driver.
INFO - 2024-09-19 12:04:27 --> Session: Class initialized using 'CodeIgniter\Session\Handlers\FileHandler' driver.
INFO - 2024-09-19 12:04:42 --> Session: Class initialized using 'CodeIgniter\Session\Handlers\FileHandler' driver.
INFO - 2024-09-19 12:07:44 --> Session: Class initialized using 'CodeIgniter\Session\Handlers\FileHandler' driver.
INFO - 2024-09-19 12:07:52 --> Session: Class initialized using 'CodeIgniter\Session\Handlers\FileHandler' driver.
