INFO - 2024-05-24 04:57:22 --> Session: Class initialized using 'CodeIgniter\Session\Handlers\FileHandler' driver.
INFO - 2024-05-24 04:58:24 --> Session: Class initialized using 'CodeIgniter\Session\Handlers\FileHandler' driver.
INFO - 2024-05-24 04:58:25 --> Session: Class initialized using 'CodeIgniter\Session\Handlers\FileHandler' driver.
INFO - 2024-05-24 05:52:41 --> Session: Class initialized using 'CodeIgniter\Session\Handlers\FileHandler' driver.
INFO - 2024-05-24 05:52:41 --> Session: Class initialized using 'CodeIgniter\Session\Handlers\FileHandler' driver.
INFO - 2024-05-24 05:52:46 --> Session: Class initialized using 'CodeIgniter\Session\Handlers\FileHandler' driver.
CRITICAL - 2024-05-24 05:52:50 --> file_get_contents(C:\xampp\htdocs\HMS_RegexByte\writable\debugbar/debugbar_1716472086.798487.json): Failed to open stream: No such file or directory
in SYSTEMPATH\Debug\Toolbar\Collectors\History.php on line 86.
 1 [internal function]: CodeIgniter\Debug\Exceptions->errorHandler(2, 'file_get_contents(C:\\xampp\\htdocs\\HMS_RegexByte\\writable\\debugbar/debugbar_1716472086.798487.json): Failed to open stream: No such file or directory', 'C:\\xampp\\htdocs\\HMS_RegexByte\\system\\Debug\\Toolbar\\Collectors\\History.php', 86)
 2 SYSTEMPATH\Debug\Toolbar\Collectors\History.php(86): file_get_contents('C:\\xampp\\htdocs\\HMS_RegexByte\\writable\\debugbar/debugbar_1716472086.798487.json')
 3 SYSTEMPATH\Debug\Toolbar.php(497): CodeIgniter\Debug\Toolbar\Collectors\History->setFiles('1716529961.968173', 20)
 4 SYSTEMPATH\Debug\Toolbar.php(476): CodeIgniter\Debug\Toolbar->format([...], 'html')
 5 APPPATH\Config\Events.php(47): CodeIgniter\Debug\Toolbar->respond()
 6 SYSTEMPATH\Events\Events.php(154): CodeIgniter\Events\Events::Config\{closure}()
 7 SYSTEMPATH\CodeIgniter.php(442): CodeIgniter\Events\Events::trigger('pre_system')
 8 SYSTEMPATH\CodeIgniter.php(361): CodeIgniter\CodeIgniter->handleRequest(null, Object(Config\Cache), false)
 9 FCPATH\index.php(79): CodeIgniter\CodeIgniter->run()
INFO - 2024-05-24 05:53:37 --> Session: Class initialized using 'CodeIgniter\Session\Handlers\FileHandler' driver.
INFO - 2024-05-24 05:55:20 --> Session: Class initialized using 'CodeIgniter\Session\Handlers\FileHandler' driver.
INFO - 2024-05-24 05:55:50 --> Session: Class initialized using 'CodeIgniter\Session\Handlers\FileHandler' driver.
INFO - 2024-05-24 06:06:21 --> Session: Class initialized using 'CodeIgniter\Session\Handlers\FileHandler' driver.
INFO - 2024-05-24 06:06:26 --> Session: Class initialized using 'CodeIgniter\Session\Handlers\FileHandler' driver.
INFO - 2024-05-24 06:06:32 --> Session: Class initialized using 'CodeIgniter\Session\Handlers\FileHandler' driver.
INFO - 2024-05-24 06:06:35 --> Session: Class initialized using 'CodeIgniter\Session\Handlers\FileHandler' driver.
INFO - 2024-05-24 06:06:41 --> Session: Class initialized using 'CodeIgniter\Session\Handlers\FileHandler' driver.
CRITICAL - 2024-05-24 06:06:41 --> Undefined variable $isExpiry
in APPPATH\Views\edit_item_form.php on line 241.
 1 APPPATH\Views\edit_item_form.php(241): CodeIgniter\Debug\Exceptions->errorHandler(2, 'Undefined variable $isExpiry', 'C:\\xampp\\htdocs\\HMS_RegexByte\\app\\Views\\edit_item_form.php', 241)
 2 SYSTEMPATH\View\View.php(228): include('C:\\xampp\\htdocs\\HMS_RegexByte\\app\\Views\\edit_item_form.php')
 3 SYSTEMPATH\View\View.php(231): CodeIgniter\View\View->CodeIgniter\View\{closure}()
 4 SYSTEMPATH\Common.php(1190): CodeIgniter\View\View->render('edit_item_form.php', [], true)
 5 APPPATH\Controllers\itemsController.php(143): view('edit_item_form.php', [...])
 6 SYSTEMPATH\CodeIgniter.php(942): App\Controllers\itemsController->edititem('2415')
 7 SYSTEMPATH\CodeIgniter.php(502): CodeIgniter\CodeIgniter->runController(Object(App\Controllers\itemsController))
 8 SYSTEMPATH\CodeIgniter.php(361): CodeIgniter\CodeIgniter->handleRequest(null, Object(Config\Cache), false)
 9 FCPATH\index.php(79): CodeIgniter\CodeIgniter->run()
INFO - 2024-05-24 06:16:03 --> Session: Class initialized using 'CodeIgniter\Session\Handlers\FileHandler' driver.
INFO - 2024-05-24 06:16:21 --> Session: Class initialized using 'CodeIgniter\Session\Handlers\FileHandler' driver.
INFO - 2024-05-24 06:20:10 --> Session: Class initialized using 'CodeIgniter\Session\Handlers\FileHandler' driver.
INFO - 2024-05-24 06:20:16 --> Session: Class initialized using 'CodeIgniter\Session\Handlers\FileHandler' driver.
INFO - 2024-05-24 06:20:22 --> Session: Class initialized using 'CodeIgniter\Session\Handlers\FileHandler' driver.
INFO - 2024-05-24 06:25:46 --> Session: Class initialized using 'CodeIgniter\Session\Handlers\FileHandler' driver.
INFO - 2024-05-24 06:27:44 --> Session: Class initialized using 'CodeIgniter\Session\Handlers\FileHandler' driver.
INFO - 2024-05-24 06:27:53 --> Session: Class initialized using 'CodeIgniter\Session\Handlers\FileHandler' driver.
INFO - 2024-05-24 06:27:59 --> Session: Class initialized using 'CodeIgniter\Session\Handlers\FileHandler' driver.
INFO - 2024-05-24 06:30:08 --> Session: Class initialized using 'CodeIgniter\Session\Handlers\FileHandler' driver.
INFO - 2024-05-24 06:30:17 --> Session: Class initialized using 'CodeIgniter\Session\Handlers\FileHandler' driver.
INFO - 2024-05-24 06:30:26 --> Session: Class initialized using 'CodeIgniter\Session\Handlers\FileHandler' driver.
INFO - 2024-05-24 06:31:21 --> Session: Class initialized using 'CodeIgniter\Session\Handlers\FileHandler' driver.
INFO - 2024-05-24 06:32:38 --> Session: Class initialized using 'CodeIgniter\Session\Handlers\FileHandler' driver.
INFO - 2024-05-24 06:35:39 --> Session: Class initialized using 'CodeIgniter\Session\Handlers\FileHandler' driver.
INFO - 2024-05-24 06:36:41 --> Session: Class initialized using 'CodeIgniter\Session\Handlers\FileHandler' driver.
INFO - 2024-05-24 06:40:28 --> Session: Class initialized using 'CodeIgniter\Session\Handlers\FileHandler' driver.
INFO - 2024-05-24 06:40:33 --> Session: Class initialized using 'CodeIgniter\Session\Handlers\FileHandler' driver.
CRITICAL - 2024-05-24 06:40:38 --> unlink(C:\xampp\htdocs\HMS_RegexByte\writable\debugbar/debugbar_1716530786.206618.json): No such file or directory
in SYSTEMPATH\Debug\Toolbar\Collectors\History.php on line 80.
 1 [internal function]: CodeIgniter\Debug\Exceptions->errorHandler(2, 'unlink(C:\\xampp\\htdocs\\HMS_RegexByte\\writable\\debugbar/debugbar_1716530786.206618.json): No such file or directory', 'C:\\xampp\\htdocs\\HMS_RegexByte\\system\\Debug\\Toolbar\\Collectors\\History.php', 80)
 2 SYSTEMPATH\Debug\Toolbar\Collectors\History.php(80): unlink('C:\\xampp\\htdocs\\HMS_RegexByte\\writable\\debugbar/debugbar_1716530786.206618.json')
 3 SYSTEMPATH\Debug\Toolbar.php(497): CodeIgniter\Debug\Toolbar\Collectors\History->setFiles('1716532828.995046', 20)
 4 SYSTEMPATH\Debug\Toolbar.php(476): CodeIgniter\Debug\Toolbar->format([...], 'html')
 5 APPPATH\Config\Events.php(47): CodeIgniter\Debug\Toolbar->respond()
 6 SYSTEMPATH\Events\Events.php(154): CodeIgniter\Events\Events::Config\{closure}()
 7 SYSTEMPATH\CodeIgniter.php(442): CodeIgniter\Events\Events::trigger('pre_system')
 8 SYSTEMPATH\CodeIgniter.php(361): CodeIgniter\CodeIgniter->handleRequest(null, Object(Config\Cache), false)
 9 FCPATH\index.php(79): CodeIgniter\CodeIgniter->run()
INFO - 2024-05-24 06:40:44 --> Session: Class initialized using 'CodeIgniter\Session\Handlers\FileHandler' driver.
INFO - 2024-05-24 06:40:51 --> Session: Class initialized using 'CodeIgniter\Session\Handlers\FileHandler' driver.
INFO - 2024-05-24 06:40:54 --> Session: Class initialized using 'CodeIgniter\Session\Handlers\FileHandler' driver.
INFO - 2024-05-24 06:40:59 --> Session: Class initialized using 'CodeIgniter\Session\Handlers\FileHandler' driver.
INFO - 2024-05-24 06:41:49 --> Session: Class initialized using 'CodeIgniter\Session\Handlers\FileHandler' driver.
INFO - 2024-05-24 06:44:53 --> Session: Class initialized using 'CodeIgniter\Session\Handlers\FileHandler' driver.
INFO - 2024-05-24 06:45:31 --> Session: Class initialized using 'CodeIgniter\Session\Handlers\FileHandler' driver.
INFO - 2024-05-24 06:46:16 --> Session: Class initialized using 'CodeIgniter\Session\Handlers\FileHandler' driver.
INFO - 2024-05-24 06:50:01 --> Session: Class initialized using 'CodeIgniter\Session\Handlers\FileHandler' driver.
INFO - 2024-05-24 06:51:37 --> Session: Class initialized using 'CodeIgniter\Session\Handlers\FileHandler' driver.
INFO - 2024-05-24 06:51:38 --> Session: Class initialized using 'CodeIgniter\Session\Handlers\FileHandler' driver.
INFO - 2024-05-24 06:51:53 --> Session: Class initialized using 'CodeIgniter\Session\Handlers\FileHandler' driver.
INFO - 2024-05-24 06:52:00 --> Session: Class initialized using 'CodeIgniter\Session\Handlers\FileHandler' driver.
INFO - 2024-05-24 06:52:01 --> Session: Class initialized using 'CodeIgniter\Session\Handlers\FileHandler' driver.
INFO - 2024-05-24 06:52:50 --> Session: Class initialized using 'CodeIgniter\Session\Handlers\FileHandler' driver.
INFO - 2024-05-24 07:07:29 --> Session: Class initialized using 'CodeIgniter\Session\Handlers\FileHandler' driver.
INFO - 2024-05-24 07:07:30 --> Session: Class initialized using 'CodeIgniter\Session\Handlers\FileHandler' driver.
INFO - 2024-05-24 07:08:49 --> Session: Class initialized using 'CodeIgniter\Session\Handlers\FileHandler' driver.
INFO - 2024-05-24 07:08:54 --> Session: Class initialized using 'CodeIgniter\Session\Handlers\FileHandler' driver.
INFO - 2024-05-24 07:09:03 --> Session: Class initialized using 'CodeIgniter\Session\Handlers\FileHandler' driver.
INFO - 2024-05-24 07:14:01 --> Session: Class initialized using 'CodeIgniter\Session\Handlers\FileHandler' driver.
INFO - 2024-05-24 07:14:04 --> Session: Class initialized using 'CodeIgniter\Session\Handlers\FileHandler' driver.
INFO - 2024-05-24 07:14:06 --> Session: Class initialized using 'CodeIgniter\Session\Handlers\FileHandler' driver.
INFO - 2024-05-24 07:14:14 --> Session: Class initialized using 'CodeIgniter\Session\Handlers\FileHandler' driver.
INFO - 2024-05-24 07:14:35 --> Session: Class initialized using 'CodeIgniter\Session\Handlers\FileHandler' driver.
INFO - 2024-05-24 07:15:16 --> Session: Class initialized using 'CodeIgniter\Session\Handlers\FileHandler' driver.
INFO - 2024-05-24 07:41:49 --> Session: Class initialized using 'CodeIgniter\Session\Handlers\FileHandler' driver.
CRITICAL - 2024-05-24 07:41:49 --> Undefined array key "isExpiry"
in APPPATH\Views\sales_form.php on line 442.
 1 APPPATH\Views\sales_form.php(442): CodeIgniter\Debug\Exceptions->errorHandler(2, 'Undefined array key "isExpiry"', 'C:\\xampp\\htdocs\\HMS_RegexByte\\app\\Views\\sales_form.php', 442)
 2 SYSTEMPATH\View\View.php(228): include('C:\\xampp\\htdocs\\HMS_RegexByte\\app\\Views\\sales_form.php')
 3 SYSTEMPATH\View\View.php(231): CodeIgniter\View\View->CodeIgniter\View\{closure}()
 4 SYSTEMPATH\Common.php(1190): CodeIgniter\View\View->render('sales_form.php', [], true)
 5 APPPATH\Controllers\SalesController.php(37): view('sales_form.php', [...])
 6 SYSTEMPATH\CodeIgniter.php(942): App\Controllers\SalesController->sales_form()
 7 SYSTEMPATH\CodeIgniter.php(502): CodeIgniter\CodeIgniter->runController(Object(App\Controllers\SalesController))
 8 SYSTEMPATH\CodeIgniter.php(361): CodeIgniter\CodeIgniter->handleRequest(null, Object(Config\Cache), false)
 9 FCPATH\index.php(79): CodeIgniter\CodeIgniter->run()
INFO - 2024-05-24 07:43:04 --> Session: Class initialized using 'CodeIgniter\Session\Handlers\FileHandler' driver.
CRITICAL - 2024-05-24 07:43:04 --> Undefined array key "isExpiry"
in APPPATH\Views\sales_form.php on line 442.
 1 APPPATH\Views\sales_form.php(442): CodeIgniter\Debug\Exceptions->errorHandler(2, 'Undefined array key "isExpiry"', 'C:\\xampp\\htdocs\\HMS_RegexByte\\app\\Views\\sales_form.php', 442)
 2 SYSTEMPATH\View\View.php(228): include('C:\\xampp\\htdocs\\HMS_RegexByte\\app\\Views\\sales_form.php')
 3 SYSTEMPATH\View\View.php(231): CodeIgniter\View\View->CodeIgniter\View\{closure}()
 4 SYSTEMPATH\Common.php(1190): CodeIgniter\View\View->render('sales_form.php', [], true)
 5 APPPATH\Controllers\SalesController.php(43): view('sales_form.php', [...])
 6 SYSTEMPATH\CodeIgniter.php(942): App\Controllers\SalesController->sales_form()
 7 SYSTEMPATH\CodeIgniter.php(502): CodeIgniter\CodeIgniter->runController(Object(App\Controllers\SalesController))
 8 SYSTEMPATH\CodeIgniter.php(361): CodeIgniter\CodeIgniter->handleRequest(null, Object(Config\Cache), false)
 9 FCPATH\index.php(79): CodeIgniter\CodeIgniter->run()
INFO - 2024-05-24 07:46:10 --> Session: Class initialized using 'CodeIgniter\Session\Handlers\FileHandler' driver.
CRITICAL - 2024-05-24 07:46:10 --> Undefined array key "isExpiry"
in APPPATH\Views\sales_form.php on line 442.
 1 APPPATH\Views\sales_form.php(442): CodeIgniter\Debug\Exceptions->errorHandler(2, 'Undefined array key "isExpiry"', 'C:\\xampp\\htdocs\\HMS_RegexByte\\app\\Views\\sales_form.php', 442)
 2 SYSTEMPATH\View\View.php(228): include('C:\\xampp\\htdocs\\HMS_RegexByte\\app\\Views\\sales_form.php')
 3 SYSTEMPATH\View\View.php(231): CodeIgniter\View\View->CodeIgniter\View\{closure}()
 4 SYSTEMPATH\Common.php(1190): CodeIgniter\View\View->render('sales_form.php', [], true)
 5 APPPATH\Controllers\SalesController.php(43): view('sales_form.php', [...])
 6 SYSTEMPATH\CodeIgniter.php(942): App\Controllers\SalesController->sales_form()
 7 SYSTEMPATH\CodeIgniter.php(502): CodeIgniter\CodeIgniter->runController(Object(App\Controllers\SalesController))
 8 SYSTEMPATH\CodeIgniter.php(361): CodeIgniter\CodeIgniter->handleRequest(null, Object(Config\Cache), false)
 9 FCPATH\index.php(79): CodeIgniter\CodeIgniter->run()
INFO - 2024-05-24 07:46:16 --> Session: Class initialized using 'CodeIgniter\Session\Handlers\FileHandler' driver.
INFO - 2024-05-24 11:00:41 --> Session: Class initialized using 'CodeIgniter\Session\Handlers\FileHandler' driver.
INFO - 2024-05-24 11:00:41 --> Session: Class initialized using 'CodeIgniter\Session\Handlers\FileHandler' driver.
INFO - 2024-05-24 11:00:54 --> Session: Class initialized using 'CodeIgniter\Session\Handlers\FileHandler' driver.
INFO - 2024-05-24 11:01:05 --> Session: Class initialized using 'CodeIgniter\Session\Handlers\FileHandler' driver.
INFO - 2024-05-24 11:01:05 --> Session: Class initialized using 'CodeIgniter\Session\Handlers\FileHandler' driver.
INFO - 2024-05-24 11:01:14 --> Session: Class initialized using 'CodeIgniter\Session\Handlers\FileHandler' driver.
INFO - 2024-05-24 11:01:18 --> Session: Class initialized using 'CodeIgniter\Session\Handlers\FileHandler' driver.
CRITICAL - 2024-05-24 11:02:03 --> unlink(C:\xampp\htdocs\HMS_RegexByte\writable\debugbar/debugbar_1716533521.516216.json): No such file or directory
in SYSTEMPATH\Debug\Toolbar\Collectors\History.php on line 80.
 1 [internal function]: CodeIgniter\Debug\Exceptions->errorHandler(2, 'unlink(C:\\xampp\\htdocs\\HMS_RegexByte\\writable\\debugbar/debugbar_1716533521.516216.json): No such file or directory', 'C:\\xampp\\htdocs\\HMS_RegexByte\\system\\Debug\\Toolbar\\Collectors\\History.php', 80)
 2 SYSTEMPATH\Debug\Toolbar\Collectors\History.php(80): unlink('C:\\xampp\\htdocs\\HMS_RegexByte\\writable\\debugbar/debugbar_1716533521.516216.json')
 3 SYSTEMPATH\Debug\Toolbar.php(497): CodeIgniter\Debug\Toolbar\Collectors\History->setFiles('1716548474.571674', 20)
 4 SYSTEMPATH\Debug\Toolbar.php(476): CodeIgniter\Debug\Toolbar->format([...], 'html')
 5 APPPATH\Config\Events.php(47): CodeIgniter\Debug\Toolbar->respond()
 6 SYSTEMPATH\Events\Events.php(154): CodeIgniter\Events\Events::Config\{closure}()
 7 SYSTEMPATH\CodeIgniter.php(442): CodeIgniter\Events\Events::trigger('pre_system')
 8 SYSTEMPATH\CodeIgniter.php(361): CodeIgniter\CodeIgniter->handleRequest(null, Object(Config\Cache), false)
 9 FCPATH\index.php(79): CodeIgniter\CodeIgniter->run()
INFO - 2024-05-24 11:02:58 --> Session: Class initialized using 'CodeIgniter\Session\Handlers\FileHandler' driver.
INFO - 2024-05-24 11:03:04 --> Session: Class initialized using 'CodeIgniter\Session\Handlers\FileHandler' driver.
INFO - 2024-05-24 11:03:11 --> Session: Class initialized using 'CodeIgniter\Session\Handlers\FileHandler' driver.
INFO - 2024-05-24 11:03:17 --> Session: Class initialized using 'CodeIgniter\Session\Handlers\FileHandler' driver.
INFO - 2024-05-24 11:03:20 --> Session: Class initialized using 'CodeIgniter\Session\Handlers\FileHandler' driver.
INFO - 2024-05-24 11:03:26 --> Session: Class initialized using 'CodeIgniter\Session\Handlers\FileHandler' driver.
INFO - 2024-05-24 11:03:30 --> Session: Class initialized using 'CodeIgniter\Session\Handlers\FileHandler' driver.
INFO - 2024-05-24 11:03:38 --> Session: Class initialized using 'CodeIgniter\Session\Handlers\FileHandler' driver.
INFO - 2024-05-24 11:04:20 --> Session: Class initialized using 'CodeIgniter\Session\Handlers\FileHandler' driver.
INFO - 2024-05-24 11:04:22 --> Session: Class initialized using 'CodeIgniter\Session\Handlers\FileHandler' driver.
INFO - 2024-05-24 11:05:25 --> Session: Class initialized using 'CodeIgniter\Session\Handlers\FileHandler' driver.
CRITICAL - 2024-05-24 11:05:31 --> file_get_contents(C:\xampp\htdocs\HMS_RegexByte\writable\debugbar/debugbar_1716534876.254043.json): Failed to open stream: No such file or directory
in SYSTEMPATH\Debug\Toolbar\Collectors\History.php on line 86.
 1 [internal function]: CodeIgniter\Debug\Exceptions->errorHandler(2, 'file_get_contents(C:\\xampp\\htdocs\\HMS_RegexByte\\writable\\debugbar/debugbar_1716534876.254043.json): Failed to open stream: No such file or directory', 'C:\\xampp\\htdocs\\HMS_RegexByte\\system\\Debug\\Toolbar\\Collectors\\History.php', 86)
 2 SYSTEMPATH\Debug\Toolbar\Collectors\History.php(86): file_get_contents('C:\\xampp\\htdocs\\HMS_RegexByte\\writable\\debugbar/debugbar_1716534876.254043.json')
 3 SYSTEMPATH\Debug\Toolbar.php(497): CodeIgniter\Debug\Toolbar\Collectors\History->setFiles('1716548663.604707', 20)
 4 SYSTEMPATH\Debug\Toolbar.php(476): CodeIgniter\Debug\Toolbar->format([...], 'html')
 5 APPPATH\Config\Events.php(47): CodeIgniter\Debug\Toolbar->respond()
 6 SYSTEMPATH\Events\Events.php(154): CodeIgniter\Events\Events::Config\{closure}()
 7 SYSTEMPATH\CodeIgniter.php(442): CodeIgniter\Events\Events::trigger('pre_system')
 8 SYSTEMPATH\CodeIgniter.php(361): CodeIgniter\CodeIgniter->handleRequest(null, Object(Config\Cache), false)
 9 FCPATH\index.php(79): CodeIgniter\CodeIgniter->run()
INFO - 2024-05-24 11:09:35 --> Session: Class initialized using 'CodeIgniter\Session\Handlers\FileHandler' driver.
CRITICAL - 2024-05-24 11:09:35 --> foreach() argument must be of type array|object, null given
in APPPATH\Controllers\itemsController.php on line 463.
 1 APPPATH\Controllers\itemsController.php(463): CodeIgniter\Debug\Exceptions->errorHandler(2, 'foreach() argument must be of type array|object, null given', 'C:\\xampp\\htdocs\\HMS_RegexByte\\app\\Controllers\\itemsController.php', 463)
 2 SYSTEMPATH\CodeIgniter.php(942): App\Controllers\itemsController->updateitem('2416')
 3 SYSTEMPATH\CodeIgniter.php(502): CodeIgniter\CodeIgniter->runController(Object(App\Controllers\itemsController))
 4 SYSTEMPATH\CodeIgniter.php(361): CodeIgniter\CodeIgniter->handleRequest(null, Object(Config\Cache), false)
 5 FCPATH\index.php(79): CodeIgniter\CodeIgniter->run()
INFO - 2024-05-24 11:10:29 --> Session: Class initialized using 'CodeIgniter\Session\Handlers\FileHandler' driver.
INFO - 2024-05-24 11:10:48 --> Session: Class initialized using 'CodeIgniter\Session\Handlers\FileHandler' driver.
CRITICAL - 2024-05-24 11:10:48 --> foreach() argument must be of type array|object, null given
in APPPATH\Controllers\itemsController.php on line 463.
 1 APPPATH\Controllers\itemsController.php(463): CodeIgniter\Debug\Exceptions->errorHandler(2, 'foreach() argument must be of type array|object, null given', 'C:\\xampp\\htdocs\\HMS_RegexByte\\app\\Controllers\\itemsController.php', 463)
 2 SYSTEMPATH\CodeIgniter.php(942): App\Controllers\itemsController->updateitem('2416')
 3 SYSTEMPATH\CodeIgniter.php(502): CodeIgniter\CodeIgniter->runController(Object(App\Controllers\itemsController))
 4 SYSTEMPATH\CodeIgniter.php(361): CodeIgniter\CodeIgniter->handleRequest(null, Object(Config\Cache), false)
 5 FCPATH\index.php(79): CodeIgniter\CodeIgniter->run()
INFO - 2024-05-24 11:13:25 --> Session: Class initialized using 'CodeIgniter\Session\Handlers\FileHandler' driver.
INFO - 2024-05-24 11:13:33 --> Session: Class initialized using 'CodeIgniter\Session\Handlers\FileHandler' driver.
ERROR - 2024-05-24 11:13:33 --> mysqli_sql_exception: Operand should contain 1 column(s) in C:\xampp\htdocs\HMS_RegexByte\system\Database\MySQLi\Connection.php:306
Stack trace:
#0 C:\xampp\htdocs\HMS_RegexByte\system\Database\MySQLi\Connection.php(306): mysqli->query('UPDATE `itemsin...', 0)
#1 C:\xampp\htdocs\HMS_RegexByte\system\Database\BaseConnection.php(693): CodeIgniter\Database\MySQLi\Connection->execute('UPDATE `itemsin...')
#2 C:\xampp\htdocs\HMS_RegexByte\system\Database\BaseConnection.php(607): CodeIgniter\Database\BaseConnection->simpleQuery('UPDATE `itemsin...')
#3 C:\xampp\htdocs\HMS_RegexByte\system\Database\BaseBuilder.php(2475): CodeIgniter\Database\BaseConnection->query('UPDATE `itemsin...', Array, false)
#4 C:\xampp\htdocs\HMS_RegexByte\system\Model.php(385): CodeIgniter\Database\BaseBuilder->update()
#5 C:\xampp\htdocs\HMS_RegexByte\system\BaseModel.php(949): CodeIgniter\Model->doUpdate(NULL, Array)
#6 C:\xampp\htdocs\HMS_RegexByte\system\Model.php(776): CodeIgniter\BaseModel->update(NULL, Array)
#7 C:\xampp\htdocs\HMS_RegexByte\app\Models\ItemsInventoryModel.php(17): CodeIgniter\Model->update()
#8 C:\xampp\htdocs\HMS_RegexByte\app\Controllers\itemsController.php(457): App\Models\ItemsInventoryModel->updateInventory('2416', Array)
#9 C:\xampp\htdocs\HMS_RegexByte\system\CodeIgniter.php(942): App\Controllers\itemsController->updateitem('2416')
#10 C:\xampp\htdocs\HMS_RegexByte\system\CodeIgniter.php(502): CodeIgniter\CodeIgniter->runController(Object(App\Controllers\itemsController))
#11 C:\xampp\htdocs\HMS_RegexByte\system\CodeIgniter.php(361): CodeIgniter\CodeIgniter->handleRequest(NULL, Object(Config\Cache), false)
#12 C:\xampp\htdocs\HMS_RegexByte\index.php(79): CodeIgniter\CodeIgniter->run()
#13 {main}
CRITICAL - 2024-05-24 11:13:33 --> Operand should contain 1 column(s)
in SYSTEMPATH\Database\BaseConnection.php on line 647.
 1 SYSTEMPATH\Database\BaseBuilder.php(2475): CodeIgniter\Database\BaseConnection->query('UPDATE `itemsinventory` SET `inventory` = :inventory:
WHERE `idInventory` = :idInventory:', [...], false)
 2 SYSTEMPATH\Model.php(385): CodeIgniter\Database\BaseBuilder->update()
 3 SYSTEMPATH\BaseModel.php(949): CodeIgniter\Model->doUpdate(null, [...])
 4 SYSTEMPATH\Model.php(776): CodeIgniter\BaseModel->update(null, [...])
 5 APPPATH\Models\ItemsInventoryModel.php(17): CodeIgniter\Model->update()
 6 APPPATH\Controllers\itemsController.php(457): App\Models\ItemsInventoryModel->updateInventory('2416', [...])
 7 SYSTEMPATH\CodeIgniter.php(942): App\Controllers\itemsController->updateitem('2416')
 8 SYSTEMPATH\CodeIgniter.php(502): CodeIgniter\CodeIgniter->runController(Object(App\Controllers\itemsController))
 9 SYSTEMPATH\CodeIgniter.php(361): CodeIgniter\CodeIgniter->handleRequest(null, Object(Config\Cache), false)
10 FCPATH\index.php(79): CodeIgniter\CodeIgniter->run()
INFO - 2024-05-24 11:13:44 --> Session: Class initialized using 'CodeIgniter\Session\Handlers\FileHandler' driver.
INFO - 2024-05-24 11:16:13 --> Session: Class initialized using 'CodeIgniter\Session\Handlers\FileHandler' driver.
ERROR - 2024-05-24 11:16:13 --> mysqli_sql_exception: Operand should contain 1 column(s) in C:\xampp\htdocs\HMS_RegexByte\system\Database\MySQLi\Connection.php:306
Stack trace:
#0 C:\xampp\htdocs\HMS_RegexByte\system\Database\MySQLi\Connection.php(306): mysqli->query('UPDATE `itemsin...', 0)
#1 C:\xampp\htdocs\HMS_RegexByte\system\Database\BaseConnection.php(693): CodeIgniter\Database\MySQLi\Connection->execute('UPDATE `itemsin...')
#2 C:\xampp\htdocs\HMS_RegexByte\system\Database\BaseConnection.php(607): CodeIgniter\Database\BaseConnection->simpleQuery('UPDATE `itemsin...')
#3 C:\xampp\htdocs\HMS_RegexByte\system\Database\BaseBuilder.php(2475): CodeIgniter\Database\BaseConnection->query('UPDATE `itemsin...', Array, false)
#4 C:\xampp\htdocs\HMS_RegexByte\system\Model.php(385): CodeIgniter\Database\BaseBuilder->update()
#5 C:\xampp\htdocs\HMS_RegexByte\system\BaseModel.php(949): CodeIgniter\Model->doUpdate(NULL, Array)
#6 C:\xampp\htdocs\HMS_RegexByte\system\Model.php(776): CodeIgniter\BaseModel->update(NULL, Array)
#7 C:\xampp\htdocs\HMS_RegexByte\app\Models\ItemsInventoryModel.php(17): CodeIgniter\Model->update()
#8 C:\xampp\htdocs\HMS_RegexByte\app\Controllers\itemsController.php(457): App\Models\ItemsInventoryModel->updateInventory('2416', Array)
#9 C:\xampp\htdocs\HMS_RegexByte\system\CodeIgniter.php(942): App\Controllers\itemsController->updateitem('2416')
#10 C:\xampp\htdocs\HMS_RegexByte\system\CodeIgniter.php(502): CodeIgniter\CodeIgniter->runController(Object(App\Controllers\itemsController))
#11 C:\xampp\htdocs\HMS_RegexByte\system\CodeIgniter.php(361): CodeIgniter\CodeIgniter->handleRequest(NULL, Object(Config\Cache), false)
#12 C:\xampp\htdocs\HMS_RegexByte\index.php(79): CodeIgniter\CodeIgniter->run()
#13 {main}
CRITICAL - 2024-05-24 11:16:13 --> Operand should contain 1 column(s)
in SYSTEMPATH\Database\BaseConnection.php on line 647.
 1 SYSTEMPATH\Database\BaseBuilder.php(2475): CodeIgniter\Database\BaseConnection->query('UPDATE `itemsinventory` SET `inventory` = :inventory:
WHERE `idInventory` = :idInventory:', [...], false)
 2 SYSTEMPATH\Model.php(385): CodeIgniter\Database\BaseBuilder->update()
 3 SYSTEMPATH\BaseModel.php(949): CodeIgniter\Model->doUpdate(null, [...])
 4 SYSTEMPATH\Model.php(776): CodeIgniter\BaseModel->update(null, [...])
 5 APPPATH\Models\ItemsInventoryModel.php(17): CodeIgniter\Model->update()
 6 APPPATH\Controllers\itemsController.php(457): App\Models\ItemsInventoryModel->updateInventory('2416', [...])
 7 SYSTEMPATH\CodeIgniter.php(942): App\Controllers\itemsController->updateitem('2416')
 8 SYSTEMPATH\CodeIgniter.php(502): CodeIgniter\CodeIgniter->runController(Object(App\Controllers\itemsController))
 9 SYSTEMPATH\CodeIgniter.php(361): CodeIgniter\CodeIgniter->handleRequest(null, Object(Config\Cache), false)
10 FCPATH\index.php(79): CodeIgniter\CodeIgniter->run()
INFO - 2024-05-24 11:19:07 --> Session: Class initialized using 'CodeIgniter\Session\Handlers\FileHandler' driver.
CRITICAL - 2024-05-24 11:19:07 --> Cannot redeclare App\Models\ItemsInventoryModel::getInventoryByItemId()
in APPPATH\Models\ItemsInventoryModel.php on line 49.
 1 [internal function]: CodeIgniter\Debug\Exceptions->shutdownHandler()
INFO - 2024-05-24 11:19:42 --> Session: Class initialized using 'CodeIgniter\Session\Handlers\FileHandler' driver.
INFO - 2024-05-24 11:19:52 --> Session: Class initialized using 'CodeIgniter\Session\Handlers\FileHandler' driver.
CRITICAL - 2024-05-24 11:19:53 --> Undefined variable $formDataInventory
in APPPATH\Controllers\itemsController.php on line 455.
 1 APPPATH\Controllers\itemsController.php(455): CodeIgniter\Debug\Exceptions->errorHandler(2, 'Undefined variable $formDataInventory', 'C:\\xampp\\htdocs\\HMS_RegexByte\\app\\Controllers\\itemsController.php', 455)
 2 SYSTEMPATH\CodeIgniter.php(942): App\Controllers\itemsController->updateitem('2416')
 3 SYSTEMPATH\CodeIgniter.php(502): CodeIgniter\CodeIgniter->runController(Object(App\Controllers\itemsController))
 4 SYSTEMPATH\CodeIgniter.php(361): CodeIgniter\CodeIgniter->handleRequest(null, Object(Config\Cache), false)
 5 FCPATH\index.php(79): CodeIgniter\CodeIgniter->run()
INFO - 2024-05-24 11:20:51 --> Session: Class initialized using 'CodeIgniter\Session\Handlers\FileHandler' driver.
INFO - 2024-05-24 11:20:58 --> Session: Class initialized using 'CodeIgniter\Session\Handlers\FileHandler' driver.
CRITICAL - 2024-05-24 11:20:59 --> foreach() argument must be of type array|object, null given
in APPPATH\Controllers\itemsController.php on line 473.
 1 APPPATH\Controllers\itemsController.php(473): CodeIgniter\Debug\Exceptions->errorHandler(2, 'foreach() argument must be of type array|object, null given', 'C:\\xampp\\htdocs\\HMS_RegexByte\\app\\Controllers\\itemsController.php', 473)
 2 SYSTEMPATH\CodeIgniter.php(942): App\Controllers\itemsController->updateitem('2416')
 3 SYSTEMPATH\CodeIgniter.php(502): CodeIgniter\CodeIgniter->runController(Object(App\Controllers\itemsController))
 4 SYSTEMPATH\CodeIgniter.php(361): CodeIgniter\CodeIgniter->handleRequest(null, Object(Config\Cache), false)
 5 FCPATH\index.php(79): CodeIgniter\CodeIgniter->run()
INFO - 2024-05-24 11:24:05 --> Session: Class initialized using 'CodeIgniter\Session\Handlers\FileHandler' driver.
INFO - 2024-05-24 11:24:13 --> Session: Class initialized using 'CodeIgniter\Session\Handlers\FileHandler' driver.
ERROR - 2024-05-24 11:24:13 --> mysqli_sql_exception: Operand should contain 1 column(s) in C:\xampp\htdocs\HMS_RegexByte\system\Database\MySQLi\Connection.php:306
Stack trace:
#0 C:\xampp\htdocs\HMS_RegexByte\system\Database\MySQLi\Connection.php(306): mysqli->query('UPDATE `itemsin...', 0)
#1 C:\xampp\htdocs\HMS_RegexByte\system\Database\BaseConnection.php(693): CodeIgniter\Database\MySQLi\Connection->execute('UPDATE `itemsin...')
#2 C:\xampp\htdocs\HMS_RegexByte\system\Database\BaseConnection.php(607): CodeIgniter\Database\BaseConnection->simpleQuery('UPDATE `itemsin...')
#3 C:\xampp\htdocs\HMS_RegexByte\system\Database\BaseBuilder.php(2475): CodeIgniter\Database\BaseConnection->query('UPDATE `itemsin...', Array, false)
#4 C:\xampp\htdocs\HMS_RegexByte\system\Model.php(385): CodeIgniter\Database\BaseBuilder->update()
#5 C:\xampp\htdocs\HMS_RegexByte\system\BaseModel.php(949): CodeIgniter\Model->doUpdate(NULL, Array)
#6 C:\xampp\htdocs\HMS_RegexByte\system\Model.php(776): CodeIgniter\BaseModel->update(NULL, Array)
#7 C:\xampp\htdocs\HMS_RegexByte\app\Models\ItemsInventoryModel.php(17): CodeIgniter\Model->update()
#8 C:\xampp\htdocs\HMS_RegexByte\app\Controllers\itemsController.php(457): App\Models\ItemsInventoryModel->updateInventory('2416', Array)
#9 C:\xampp\htdocs\HMS_RegexByte\system\CodeIgniter.php(942): App\Controllers\itemsController->updateitem('2416')
#10 C:\xampp\htdocs\HMS_RegexByte\system\CodeIgniter.php(502): CodeIgniter\CodeIgniter->runController(Object(App\Controllers\itemsController))
#11 C:\xampp\htdocs\HMS_RegexByte\system\CodeIgniter.php(361): CodeIgniter\CodeIgniter->handleRequest(NULL, Object(Config\Cache), false)
#12 C:\xampp\htdocs\HMS_RegexByte\index.php(79): CodeIgniter\CodeIgniter->run()
#13 {main}
CRITICAL - 2024-05-24 11:24:13 --> Operand should contain 1 column(s)
in SYSTEMPATH\Database\BaseConnection.php on line 647.
 1 SYSTEMPATH\Database\BaseBuilder.php(2475): CodeIgniter\Database\BaseConnection->query('UPDATE `itemsinventory` SET `inventory` = :inventory:
WHERE `idInventory` = :idInventory:', [...], false)
 2 SYSTEMPATH\Model.php(385): CodeIgniter\Database\BaseBuilder->update()
 3 SYSTEMPATH\BaseModel.php(949): CodeIgniter\Model->doUpdate(null, [...])
 4 SYSTEMPATH\Model.php(776): CodeIgniter\BaseModel->update(null, [...])
 5 APPPATH\Models\ItemsInventoryModel.php(17): CodeIgniter\Model->update()
 6 APPPATH\Controllers\itemsController.php(457): App\Models\ItemsInventoryModel->updateInventory('2416', [...])
 7 SYSTEMPATH\CodeIgniter.php(942): App\Controllers\itemsController->updateitem('2416')
 8 SYSTEMPATH\CodeIgniter.php(502): CodeIgniter\CodeIgniter->runController(Object(App\Controllers\itemsController))
 9 SYSTEMPATH\CodeIgniter.php(361): CodeIgniter\CodeIgniter->handleRequest(null, Object(Config\Cache), false)
10 FCPATH\index.php(79): CodeIgniter\CodeIgniter->run()
INFO - 2024-05-24 11:32:13 --> Session: Class initialized using 'CodeIgniter\Session\Handlers\FileHandler' driver.
INFO - 2024-05-24 11:32:22 --> Session: Class initialized using 'CodeIgniter\Session\Handlers\FileHandler' driver.
INFO - 2024-05-24 11:32:23 --> Session: Class initialized using 'CodeIgniter\Session\Handlers\FileHandler' driver.
INFO - 2024-05-24 11:32:29 --> Session: Class initialized using 'CodeIgniter\Session\Handlers\FileHandler' driver.
INFO - 2024-05-24 11:33:40 --> Session: Class initialized using 'CodeIgniter\Session\Handlers\FileHandler' driver.
INFO - 2024-05-24 11:34:18 --> Session: Class initialized using 'CodeIgniter\Session\Handlers\FileHandler' driver.
INFO - 2024-05-24 11:35:21 --> Session: Class initialized using 'CodeIgniter\Session\Handlers\FileHandler' driver.
ERROR - 2024-05-24 11:35:21 --> mysqli_sql_exception: Unknown column 'businessID' in 'where clause' in C:\xampp\htdocs\HMS_RegexByte\system\Database\MySQLi\Connection.php:306
Stack trace:
#0 C:\xampp\htdocs\HMS_RegexByte\system\Database\MySQLi\Connection.php(306): mysqli->query('SELECT *\nFROM `...', 0)
#1 C:\xampp\htdocs\HMS_RegexByte\system\Database\BaseConnection.php(693): CodeIgniter\Database\MySQLi\Connection->execute('SELECT *\nFROM `...')
#2 C:\xampp\htdocs\HMS_RegexByte\system\Database\BaseConnection.php(607): CodeIgniter\Database\BaseConnection->simpleQuery('SELECT *\nFROM `...')
#3 C:\xampp\htdocs\HMS_RegexByte\system\Database\BaseBuilder.php(1615): CodeIgniter\Database\BaseConnection->query('SELECT *\nFROM `...', Array, false)
#4 C:\xampp\htdocs\HMS_RegexByte\app\Models\salesModel.php(631): CodeIgniter\Database\BaseBuilder->get()
#5 C:\xampp\htdocs\HMS_RegexByte\app\Controllers\SalesController.php(46): App\Models\salesModel->getExpiryData('172', '39')
#6 C:\xampp\htdocs\HMS_RegexByte\system\CodeIgniter.php(942): App\Controllers\SalesController->sales_form()
#7 C:\xampp\htdocs\HMS_RegexByte\system\CodeIgniter.php(502): CodeIgniter\CodeIgniter->runController(Object(App\Controllers\SalesController))
#8 C:\xampp\htdocs\HMS_RegexByte\system\CodeIgniter.php(361): CodeIgniter\CodeIgniter->handleRequest(NULL, Object(Config\Cache), false)
#9 C:\xampp\htdocs\HMS_RegexByte\index.php(79): CodeIgniter\CodeIgniter->run()
#10 {main}
CRITICAL - 2024-05-24 11:35:21 --> Unknown column 'businessID' in 'where clause'
in SYSTEMPATH\Database\BaseConnection.php on line 647.
 1 SYSTEMPATH\Database\BaseBuilder.php(1615): CodeIgniter\Database\BaseConnection->query('SELECT *
FROM `itemsExpiry`
WHERE `idInventory` = :idInventory:
AND `businessID` = :businessID:', [...], false)
 2 APPPATH\Models\salesModel.php(631): CodeIgniter\Database\BaseBuilder->get()
 3 APPPATH\Controllers\SalesController.php(46): App\Models\salesModel->getExpiryData('172', '39')
 4 SYSTEMPATH\CodeIgniter.php(942): App\Controllers\SalesController->sales_form()
 5 SYSTEMPATH\CodeIgniter.php(502): CodeIgniter\CodeIgniter->runController(Object(App\Controllers\SalesController))
 6 SYSTEMPATH\CodeIgniter.php(361): CodeIgniter\CodeIgniter->handleRequest(null, Object(Config\Cache), false)
 7 FCPATH\index.php(79): CodeIgniter\CodeIgniter->run()
INFO - 2024-05-24 11:35:34 --> Session: Class initialized using 'CodeIgniter\Session\Handlers\FileHandler' driver.
INFO - 2024-05-24 11:35:45 --> Session: Class initialized using 'CodeIgniter\Session\Handlers\FileHandler' driver.
ERROR - 2024-05-24 11:35:45 --> mysqli_sql_exception: Unknown column 'businessID' in 'where clause' in C:\xampp\htdocs\HMS_RegexByte\system\Database\MySQLi\Connection.php:306
Stack trace:
#0 C:\xampp\htdocs\HMS_RegexByte\system\Database\MySQLi\Connection.php(306): mysqli->query('SELECT *\nFROM `...', 0)
#1 C:\xampp\htdocs\HMS_RegexByte\system\Database\BaseConnection.php(693): CodeIgniter\Database\MySQLi\Connection->execute('SELECT *\nFROM `...')
#2 C:\xampp\htdocs\HMS_RegexByte\system\Database\BaseConnection.php(607): CodeIgniter\Database\BaseConnection->simpleQuery('SELECT *\nFROM `...')
#3 C:\xampp\htdocs\HMS_RegexByte\system\Database\BaseBuilder.php(1615): CodeIgniter\Database\BaseConnection->query('SELECT *\nFROM `...', Array, false)
#4 C:\xampp\htdocs\HMS_RegexByte\app\Models\salesModel.php(631): CodeIgniter\Database\BaseBuilder->get()
#5 C:\xampp\htdocs\HMS_RegexByte\app\Controllers\SalesController.php(46): App\Models\salesModel->getExpiryData('172', '39')
#6 C:\xampp\htdocs\HMS_RegexByte\system\CodeIgniter.php(942): App\Controllers\SalesController->sales_form()
#7 C:\xampp\htdocs\HMS_RegexByte\system\CodeIgniter.php(502): CodeIgniter\CodeIgniter->runController(Object(App\Controllers\SalesController))
#8 C:\xampp\htdocs\HMS_RegexByte\system\CodeIgniter.php(361): CodeIgniter\CodeIgniter->handleRequest(NULL, Object(Config\Cache), false)
#9 C:\xampp\htdocs\HMS_RegexByte\index.php(79): CodeIgniter\CodeIgniter->run()
#10 {main}
CRITICAL - 2024-05-24 11:35:45 --> Unknown column 'businessID' in 'where clause'
in SYSTEMPATH\Database\BaseConnection.php on line 647.
 1 SYSTEMPATH\Database\BaseBuilder.php(1615): CodeIgniter\Database\BaseConnection->query('SELECT *
FROM `itemsExpiry`
WHERE `idInventory` = :idInventory:
AND `businessID` = :businessID:', [...], false)
 2 APPPATH\Models\salesModel.php(631): CodeIgniter\Database\BaseBuilder->get()
 3 APPPATH\Controllers\SalesController.php(46): App\Models\salesModel->getExpiryData('172', '39')
 4 SYSTEMPATH\CodeIgniter.php(942): App\Controllers\SalesController->sales_form()
 5 SYSTEMPATH\CodeIgniter.php(502): CodeIgniter\CodeIgniter->runController(Object(App\Controllers\SalesController))
 6 SYSTEMPATH\CodeIgniter.php(361): CodeIgniter\CodeIgniter->handleRequest(null, Object(Config\Cache), false)
 7 FCPATH\index.php(79): CodeIgniter\CodeIgniter->run()
INFO - 2024-05-24 11:43:58 --> Session: Class initialized using 'CodeIgniter\Session\Handlers\FileHandler' driver.
ERROR - 2024-05-24 11:43:58 --> mysqli_sql_exception: Unknown column 'businessID' in 'where clause' in C:\xampp\htdocs\HMS_RegexByte\system\Database\MySQLi\Connection.php:306
Stack trace:
#0 C:\xampp\htdocs\HMS_RegexByte\system\Database\MySQLi\Connection.php(306): mysqli->query('SELECT *\nFROM `...', 0)
#1 C:\xampp\htdocs\HMS_RegexByte\system\Database\BaseConnection.php(693): CodeIgniter\Database\MySQLi\Connection->execute('SELECT *\nFROM `...')
#2 C:\xampp\htdocs\HMS_RegexByte\system\Database\BaseConnection.php(607): CodeIgniter\Database\BaseConnection->simpleQuery('SELECT *\nFROM `...')
#3 C:\xampp\htdocs\HMS_RegexByte\system\Database\BaseBuilder.php(1615): CodeIgniter\Database\BaseConnection->query('SELECT *\nFROM `...', Array, false)
#4 C:\xampp\htdocs\HMS_RegexByte\app\Models\salesModel.php(631): CodeIgniter\Database\BaseBuilder->get()
#5 C:\xampp\htdocs\HMS_RegexByte\app\Controllers\SalesController.php(46): App\Models\salesModel->getExpiryData('172', '39')
#6 C:\xampp\htdocs\HMS_RegexByte\system\CodeIgniter.php(942): App\Controllers\SalesController->sales_form()
#7 C:\xampp\htdocs\HMS_RegexByte\system\CodeIgniter.php(502): CodeIgniter\CodeIgniter->runController(Object(App\Controllers\SalesController))
#8 C:\xampp\htdocs\HMS_RegexByte\system\CodeIgniter.php(361): CodeIgniter\CodeIgniter->handleRequest(NULL, Object(Config\Cache), false)
#9 C:\xampp\htdocs\HMS_RegexByte\index.php(79): CodeIgniter\CodeIgniter->run()
#10 {main}
CRITICAL - 2024-05-24 11:43:58 --> Unknown column 'businessID' in 'where clause'
in SYSTEMPATH\Database\BaseConnection.php on line 647.
 1 SYSTEMPATH\Database\BaseBuilder.php(1615): CodeIgniter\Database\BaseConnection->query('SELECT *
FROM `itemsExpiry`
WHERE `idInventory` = :idInventory:
AND `businessID` = :businessID:', [...], false)
 2 APPPATH\Models\salesModel.php(631): CodeIgniter\Database\BaseBuilder->get()
 3 APPPATH\Controllers\SalesController.php(46): App\Models\salesModel->getExpiryData('172', '39')
 4 SYSTEMPATH\CodeIgniter.php(942): App\Controllers\SalesController->sales_form()
 5 SYSTEMPATH\CodeIgniter.php(502): CodeIgniter\CodeIgniter->runController(Object(App\Controllers\SalesController))
 6 SYSTEMPATH\CodeIgniter.php(361): CodeIgniter\CodeIgniter->handleRequest(null, Object(Config\Cache), false)
 7 FCPATH\index.php(79): CodeIgniter\CodeIgniter->run()
INFO - 2024-05-24 11:44:13 --> Session: Class initialized using 'CodeIgniter\Session\Handlers\FileHandler' driver.
INFO - 2024-05-24 11:44:38 --> Session: Class initialized using 'CodeIgniter\Session\Handlers\FileHandler' driver.
INFO - 2024-05-24 11:44:43 --> Session: Class initialized using 'CodeIgniter\Session\Handlers\FileHandler' driver.
CRITICAL - 2024-05-24 11:44:52 --> unlink(C:\xampp\htdocs\HMS_RegexByte\writable\debugbar/debugbar_1716548610.878050.json): No such file or directory
in SYSTEMPATH\Debug\Toolbar\Collectors\History.php on line 80.
 1 [internal function]: CodeIgniter\Debug\Exceptions->errorHandler(2, 'unlink(C:\\xampp\\htdocs\\HMS_RegexByte\\writable\\debugbar/debugbar_1716548610.878050.json): No such file or directory', 'C:\\xampp\\htdocs\\HMS_RegexByte\\system\\Debug\\Toolbar\\Collectors\\History.php', 80)
 2 SYSTEMPATH\Debug\Toolbar\Collectors\History.php(80): unlink('C:\\xampp\\htdocs\\HMS_RegexByte\\writable\\debugbar/debugbar_1716548610.878050.json')
 3 SYSTEMPATH\Debug\Toolbar.php(497): CodeIgniter\Debug\Toolbar\Collectors\History->setFiles('1716551079.179783', 20)
 4 SYSTEMPATH\Debug\Toolbar.php(476): CodeIgniter\Debug\Toolbar->format([...], 'html')
 5 APPPATH\Config\Events.php(47): CodeIgniter\Debug\Toolbar->respond()
 6 SYSTEMPATH\Events\Events.php(154): CodeIgniter\Events\Events::Config\{closure}()
 7 SYSTEMPATH\CodeIgniter.php(442): CodeIgniter\Events\Events::trigger('pre_system')
 8 SYSTEMPATH\CodeIgniter.php(361): CodeIgniter\CodeIgniter->handleRequest(null, Object(Config\Cache), false)
 9 FCPATH\index.php(79): CodeIgniter\CodeIgniter->run()
INFO - 2024-05-24 11:44:57 --> Session: Class initialized using 'CodeIgniter\Session\Handlers\FileHandler' driver.
INFO - 2024-05-24 11:44:58 --> Session: Class initialized using 'CodeIgniter\Session\Handlers\FileHandler' driver.
INFO - 2024-05-24 11:45:09 --> Session: Class initialized using 'CodeIgniter\Session\Handlers\FileHandler' driver.
INFO - 2024-05-24 11:45:13 --> Session: Class initialized using 'CodeIgniter\Session\Handlers\FileHandler' driver.
INFO - 2024-05-24 11:45:20 --> Session: Class initialized using 'CodeIgniter\Session\Handlers\FileHandler' driver.
CRITICAL - 2024-05-24 11:45:25 --> file_get_contents(C:\xampp\htdocs\HMS_RegexByte\writable\debugbar/debugbar_1716548725.449281.json): Failed to open stream: No such file or directory
in SYSTEMPATH\Debug\Toolbar\Collectors\History.php on line 86.
 1 [internal function]: CodeIgniter\Debug\Exceptions->errorHandler(2, 'file_get_contents(C:\\xampp\\htdocs\\HMS_RegexByte\\writable\\debugbar/debugbar_1716548725.449281.json): Failed to open stream: No such file or directory', 'C:\\xampp\\htdocs\\HMS_RegexByte\\system\\Debug\\Toolbar\\Collectors\\History.php', 86)
 2 SYSTEMPATH\Debug\Toolbar\Collectors\History.php(86): file_get_contents('C:\\xampp\\htdocs\\HMS_RegexByte\\writable\\debugbar/debugbar_1716548725.449281.json')
 3 SYSTEMPATH\Debug\Toolbar.php(497): CodeIgniter\Debug\Toolbar\Collectors\History->setFiles('1716551109.456077', 20)
 4 SYSTEMPATH\Debug\Toolbar.php(476): CodeIgniter\Debug\Toolbar->format([...], 'html')
 5 APPPATH\Config\Events.php(47): CodeIgniter\Debug\Toolbar->respond()
 6 SYSTEMPATH\Events\Events.php(154): CodeIgniter\Events\Events::Config\{closure}()
 7 SYSTEMPATH\CodeIgniter.php(442): CodeIgniter\Events\Events::trigger('pre_system')
 8 SYSTEMPATH\CodeIgniter.php(361): CodeIgniter\CodeIgniter->handleRequest(null, Object(Config\Cache), false)
 9 FCPATH\index.php(79): CodeIgniter\CodeIgniter->run()
CRITICAL - 2024-05-24 11:45:25 --> unlink(C:\xampp\htdocs\HMS_RegexByte\writable\debugbar/debugbar_1716548725.449281.json): No such file or directory
in SYSTEMPATH\Debug\Toolbar\Collectors\History.php on line 80.
 1 [internal function]: CodeIgniter\Debug\Exceptions->errorHandler(2, 'unlink(C:\\xampp\\htdocs\\HMS_RegexByte\\writable\\debugbar/debugbar_1716548725.449281.json): No such file or directory', 'C:\\xampp\\htdocs\\HMS_RegexByte\\system\\Debug\\Toolbar\\Collectors\\History.php', 80)
 2 SYSTEMPATH\Debug\Toolbar\Collectors\History.php(80): unlink('C:\\xampp\\htdocs\\HMS_RegexByte\\writable\\debugbar/debugbar_1716548725.449281.json')
 3 SYSTEMPATH\Debug\Toolbar.php(497): CodeIgniter\Debug\Toolbar\Collectors\History->setFiles('1716551114.420278', 20)
 4 SYSTEMPATH\Debug\Toolbar.php(476): CodeIgniter\Debug\Toolbar->format([...], 'html')
 5 APPPATH\Config\Events.php(47): CodeIgniter\Debug\Toolbar->respond()
 6 SYSTEMPATH\Events\Events.php(154): CodeIgniter\Events\Events::Config\{closure}()
 7 SYSTEMPATH\CodeIgniter.php(442): CodeIgniter\Events\Events::trigger('pre_system')
 8 SYSTEMPATH\CodeIgniter.php(361): CodeIgniter\CodeIgniter->handleRequest(null, Object(Config\Cache), false)
 9 FCPATH\index.php(79): CodeIgniter\CodeIgniter->run()
INFO - 2024-05-24 11:45:39 --> Session: Class initialized using 'CodeIgniter\Session\Handlers\FileHandler' driver.
INFO - 2024-05-24 11:45:54 --> Session: Class initialized using 'CodeIgniter\Session\Handlers\FileHandler' driver.
INFO - 2024-05-24 11:46:02 --> Session: Class initialized using 'CodeIgniter\Session\Handlers\FileHandler' driver.
CRITICAL - 2024-05-24 11:46:10 --> unlink(C:\xampp\htdocs\HMS_RegexByte\writable\debugbar/debugbar_1716549583.041120.json): No such file or directory
in SYSTEMPATH\Debug\Toolbar\Collectors\History.php on line 80.
 1 [internal function]: CodeIgniter\Debug\Exceptions->errorHandler(2, 'unlink(C:\\xampp\\htdocs\\HMS_RegexByte\\writable\\debugbar/debugbar_1716549583.041120.json): No such file or directory', 'C:\\xampp\\htdocs\\HMS_RegexByte\\system\\Debug\\Toolbar\\Collectors\\History.php', 80)
 2 SYSTEMPATH\Debug\Toolbar\Collectors\History.php(80): unlink('C:\\xampp\\htdocs\\HMS_RegexByte\\writable\\debugbar/debugbar_1716549583.041120.json')
 3 SYSTEMPATH\Debug\Toolbar.php(497): CodeIgniter\Debug\Toolbar\Collectors\History->setFiles('1716551155.624206', 20)
 4 SYSTEMPATH\Debug\Toolbar.php(476): CodeIgniter\Debug\Toolbar->format([...], 'html')
 5 APPPATH\Config\Events.php(47): CodeIgniter\Debug\Toolbar->respond()
 6 SYSTEMPATH\Events\Events.php(154): CodeIgniter\Events\Events::Config\{closure}()
 7 SYSTEMPATH\CodeIgniter.php(442): CodeIgniter\Events\Events::trigger('pre_system')
 8 SYSTEMPATH\CodeIgniter.php(361): CodeIgniter\CodeIgniter->handleRequest(null, Object(Config\Cache), false)
 9 FCPATH\index.php(79): CodeIgniter\CodeIgniter->run()
INFO - 2024-05-24 11:46:55 --> Session: Class initialized using 'CodeIgniter\Session\Handlers\FileHandler' driver.
INFO - 2024-05-24 11:46:56 --> Session: Class initialized using 'CodeIgniter\Session\Handlers\FileHandler' driver.
INFO - 2024-05-24 11:47:41 --> Session: Class initialized using 'CodeIgniter\Session\Handlers\FileHandler' driver.
INFO - 2024-05-24 11:48:02 --> Session: Class initialized using 'CodeIgniter\Session\Handlers\FileHandler' driver.
INFO - 2024-05-24 11:48:05 --> Session: Class initialized using 'CodeIgniter\Session\Handlers\FileHandler' driver.
INFO - 2024-05-24 11:48:52 --> Session: Class initialized using 'CodeIgniter\Session\Handlers\FileHandler' driver.
INFO - 2024-05-24 11:49:23 --> Session: Class initialized using 'CodeIgniter\Session\Handlers\FileHandler' driver.
INFO - 2024-05-24 11:49:25 --> Session: Class initialized using 'CodeIgniter\Session\Handlers\FileHandler' driver.
INFO - 2024-05-24 11:49:45 --> Session: Class initialized using 'CodeIgniter\Session\Handlers\FileHandler' driver.
INFO - 2024-05-24 11:50:44 --> Session: Class initialized using 'CodeIgniter\Session\Handlers\FileHandler' driver.
INFO - 2024-05-24 11:50:45 --> Session: Class initialized using 'CodeIgniter\Session\Handlers\FileHandler' driver.
INFO - 2024-05-24 11:52:40 --> Session: Class initialized using 'CodeIgniter\Session\Handlers\FileHandler' driver.
INFO - 2024-05-24 12:09:15 --> Session: Class initialized using 'CodeIgniter\Session\Handlers\FileHandler' driver.
INFO - 2024-05-24 12:11:57 --> Session: Class initialized using 'CodeIgniter\Session\Handlers\FileHandler' driver.
INFO - 2024-05-24 12:12:34 --> Session: Class initialized using 'CodeIgniter\Session\Handlers\FileHandler' driver.
INFO - 2024-05-24 12:15:05 --> Session: Class initialized using 'CodeIgniter\Session\Handlers\FileHandler' driver.
INFO - 2024-05-24 12:15:49 --> Session: Class initialized using 'CodeIgniter\Session\Handlers\FileHandler' driver.
INFO - 2024-05-24 12:19:24 --> Session: Class initialized using 'CodeIgniter\Session\Handlers\FileHandler' driver.
INFO - 2024-05-24 12:30:09 --> Session: Class initialized using 'CodeIgniter\Session\Handlers\FileHandler' driver.
INFO - 2024-05-24 12:32:55 --> Session: Class initialized using 'CodeIgniter\Session\Handlers\FileHandler' driver.
INFO - 2024-05-24 12:39:08 --> Session: Class initialized using 'CodeIgniter\Session\Handlers\FileHandler' driver.
INFO - 2024-05-24 12:39:16 --> Session: Class initialized using 'CodeIgniter\Session\Handlers\FileHandler' driver.
INFO - 2024-05-24 12:43:09 --> Session: Class initialized using 'CodeIgniter\Session\Handlers\FileHandler' driver.
INFO - 2024-05-24 12:43:18 --> Session: Class initialized using 'CodeIgniter\Session\Handlers\FileHandler' driver.
INFO - 2024-05-24 12:44:04 --> Session: Class initialized using 'CodeIgniter\Session\Handlers\FileHandler' driver.
INFO - 2024-05-24 12:44:13 --> Session: Class initialized using 'CodeIgniter\Session\Handlers\FileHandler' driver.
INFO - 2024-05-24 12:45:27 --> Session: Class initialized using 'CodeIgniter\Session\Handlers\FileHandler' driver.
INFO - 2024-05-24 12:50:31 --> Session: Class initialized using 'CodeIgniter\Session\Handlers\FileHandler' driver.
INFO - 2024-05-24 12:51:23 --> Session: Class initialized using 'CodeIgniter\Session\Handlers\FileHandler' driver.
INFO - 2024-05-24 12:51:29 --> Session: Class initialized using 'CodeIgniter\Session\Handlers\FileHandler' driver.
INFO - 2024-05-24 12:51:48 --> Session: Class initialized using 'CodeIgniter\Session\Handlers\FileHandler' driver.
INFO - 2024-05-24 12:56:01 --> Session: Class initialized using 'CodeIgniter\Session\Handlers\FileHandler' driver.
INFO - 2024-05-24 12:56:57 --> Session: Class initialized using 'CodeIgniter\Session\Handlers\FileHandler' driver.
INFO - 2024-05-24 13:01:58 --> Session: Class initialized using 'CodeIgniter\Session\Handlers\FileHandler' driver.
INFO - 2024-05-24 13:02:24 --> Session: Class initialized using 'CodeIgniter\Session\Handlers\FileHandler' driver.
INFO - 2024-05-24 13:02:25 --> Session: Class initialized using 'CodeIgniter\Session\Handlers\FileHandler' driver.
INFO - 2024-05-24 13:03:58 --> Session: Class initialized using 'CodeIgniter\Session\Handlers\FileHandler' driver.
INFO - 2024-05-24 13:04:31 --> Session: Class initialized using 'CodeIgniter\Session\Handlers\FileHandler' driver.
INFO - 2024-05-24 13:04:33 --> Session: Class initialized using 'CodeIgniter\Session\Handlers\FileHandler' driver.
INFO - 2024-05-24 13:05:27 --> Session: Class initialized using 'CodeIgniter\Session\Handlers\FileHandler' driver.
INFO - 2024-05-24 13:06:38 --> Session: Class initialized using 'CodeIgniter\Session\Handlers\FileHandler' driver.
INFO - 2024-05-24 13:07:06 --> Session: Class initialized using 'CodeIgniter\Session\Handlers\FileHandler' driver.
INFO - 2024-05-24 13:07:07 --> Session: Class initialized using 'CodeIgniter\Session\Handlers\FileHandler' driver.
INFO - 2024-05-24 13:09:54 --> Session: Class initialized using 'CodeIgniter\Session\Handlers\FileHandler' driver.
INFO - 2024-05-24 13:19:04 --> Session: Class initialized using 'CodeIgniter\Session\Handlers\FileHandler' driver.
INFO - 2024-05-24 13:19:05 --> Session: Class initialized using 'CodeIgniter\Session\Handlers\FileHandler' driver.
INFO - 2024-05-24 13:19:48 --> Session: Class initialized using 'CodeIgniter\Session\Handlers\FileHandler' driver.
INFO - 2024-05-24 13:20:19 --> Session: Class initialized using 'CodeIgniter\Session\Handlers\FileHandler' driver.
INFO - 2024-05-24 13:20:27 --> Session: Class initialized using 'CodeIgniter\Session\Handlers\FileHandler' driver.
