INFO - 2024-09-07 07:48:19 --> Session: Class initialized using 'CodeIgniter\Session\Handlers\FileHandler' driver.
INFO - 2024-09-07 07:48:35 --> Session: Class initialized using 'CodeIgniter\Session\Handlers\FileHandler' driver.
INFO - 2024-09-07 07:48:38 --> Session: Class initialized using 'CodeIgniter\Session\Handlers\FileHandler' driver.
INFO - 2024-09-07 07:53:35 --> Session: Class initialized using 'CodeIgniter\Session\Handlers\FileHandler' driver.
INFO - 2024-09-07 07:53:42 --> Session: Class initialized using 'CodeIgniter\Session\Handlers\FileHandler' driver.
INFO - 2024-09-07 07:59:23 --> Session: Class initialized using 'CodeIgniter\Session\Handlers\FileHandler' driver.
INFO - 2024-09-07 07:59:28 --> Session: Class initialized using 'CodeIgniter\Session\Handlers\FileHandler' driver.
INFO - 2024-09-07 07:59:42 --> Session: Class initialized using 'CodeIgniter\Session\Handlers\FileHandler' driver.
INFO - 2024-09-07 07:59:53 --> Session: Class initialized using 'CodeIgniter\Session\Handlers\FileHandler' driver.
INFO - 2024-09-07 08:00:42 --> Session: Class initialized using 'CodeIgniter\Session\Handlers\FileHandler' driver.
INFO - 2024-09-07 08:02:35 --> Session: Class initialized using 'CodeIgniter\Session\Handlers\FileHandler' driver.
INFO - 2024-09-07 08:02:54 --> Session: Class initialized using 'CodeIgniter\Session\Handlers\FileHandler' driver.
INFO - 2024-09-07 08:02:55 --> Session: Class initialized using 'CodeIgniter\Session\Handlers\FileHandler' driver.
INFO - 2024-09-07 08:02:57 --> Session: Class initialized using 'CodeIgniter\Session\Handlers\FileHandler' driver.
INFO - 2024-09-07 08:02:58 --> Session: Class initialized using 'CodeIgniter\Session\Handlers\FileHandler' driver.
INFO - 2024-09-07 08:03:10 --> Session: Class initialized using 'CodeIgniter\Session\Handlers\FileHandler' driver.
INFO - 2024-09-07 08:03:16 --> Session: Class initialized using 'CodeIgniter\Session\Handlers\FileHandler' driver.
INFO - 2024-09-07 08:04:25 --> Session: Class initialized using 'CodeIgniter\Session\Handlers\FileHandler' driver.
INFO - 2024-09-07 08:18:24 --> Session: Class initialized using 'CodeIgniter\Session\Handlers\FileHandler' driver.
INFO - 2024-09-07 08:18:42 --> Session: Class initialized using 'CodeIgniter\Session\Handlers\FileHandler' driver.
INFO - 2024-09-07 08:27:46 --> Session: Class initialized using 'CodeIgniter\Session\Handlers\FileHandler' driver.
INFO - 2024-09-07 08:27:57 --> Session: Class initialized using 'CodeIgniter\Session\Handlers\FileHandler' driver.
CRITICAL - 2024-09-07 08:27:57 --> Undefined array key "tax_value"
in APPPATH\Views\New_service_table_partial.php on line 50.
 1 APPPATH\Views\New_service_table_partial.php(50): CodeIgniter\Debug\Exceptions->errorHandler(2, 'Undefined array key "tax_value"', 'C:\\xampp\\htdocs\\HMS_RegexByte\\app\\Views\\New_service_table_partial.php', 50)
 2 SYSTEMPATH\View\View.php(228): include('C:\\xampp\\htdocs\\HMS_RegexByte\\app\\Views\\New_service_table_partial.php')
 3 SYSTEMPATH\View\View.php(231): CodeIgniter\View\View->CodeIgniter\View\{closure}()
 4 SYSTEMPATH\Common.php(1190): CodeIgniter\View\View->render('New_service_table_partial.php', [], true)
 5 APPPATH\Controllers\newSalesController.php(90): view('New_service_table_partial.php', [...])
 6 SYSTEMPATH\CodeIgniter.php(942): App\Controllers\newSalesController->filterServices()
 7 SYSTEMPATH\CodeIgniter.php(502): CodeIgniter\CodeIgniter->runController(Object(App\Controllers\newSalesController))
 8 SYSTEMPATH\CodeIgniter.php(361): CodeIgniter\CodeIgniter->handleRequest(null, Object(Config\Cache), false)
 9 FCPATH\index.php(79): CodeIgniter\CodeIgniter->run()
INFO - 2024-09-07 08:28:08 --> Session: Class initialized using 'CodeIgniter\Session\Handlers\FileHandler' driver.
CRITICAL - 2024-09-07 08:28:09 --> Undefined array key "tax_value"
in APPPATH\Views\New_service_table_partial.php on line 50.
 1 APPPATH\Views\New_service_table_partial.php(50): CodeIgniter\Debug\Exceptions->errorHandler(2, 'Undefined array key "tax_value"', 'C:\\xampp\\htdocs\\HMS_RegexByte\\app\\Views\\New_service_table_partial.php', 50)
 2 SYSTEMPATH\View\View.php(228): include('C:\\xampp\\htdocs\\HMS_RegexByte\\app\\Views\\New_service_table_partial.php')
 3 SYSTEMPATH\View\View.php(231): CodeIgniter\View\View->CodeIgniter\View\{closure}()
 4 SYSTEMPATH\Common.php(1190): CodeIgniter\View\View->render('New_service_table_partial.php', [], true)
 5 APPPATH\Controllers\newSalesController.php(90): view('New_service_table_partial.php', [...])
 6 SYSTEMPATH\CodeIgniter.php(942): App\Controllers\newSalesController->filterServices()
 7 SYSTEMPATH\CodeIgniter.php(502): CodeIgniter\CodeIgniter->runController(Object(App\Controllers\newSalesController))
 8 SYSTEMPATH\CodeIgniter.php(361): CodeIgniter\CodeIgniter->handleRequest(null, Object(Config\Cache), false)
 9 FCPATH\index.php(79): CodeIgniter\CodeIgniter->run()
INFO - 2024-09-07 08:28:12 --> Session: Class initialized using 'CodeIgniter\Session\Handlers\FileHandler' driver.
CRITICAL - 2024-09-07 08:28:12 --> Undefined array key "tax_value"
in APPPATH\Views\New_service_table_partial.php on line 50.
 1 APPPATH\Views\New_service_table_partial.php(50): CodeIgniter\Debug\Exceptions->errorHandler(2, 'Undefined array key "tax_value"', 'C:\\xampp\\htdocs\\HMS_RegexByte\\app\\Views\\New_service_table_partial.php', 50)
 2 SYSTEMPATH\View\View.php(228): include('C:\\xampp\\htdocs\\HMS_RegexByte\\app\\Views\\New_service_table_partial.php')
 3 SYSTEMPATH\View\View.php(231): CodeIgniter\View\View->CodeIgniter\View\{closure}()
 4 SYSTEMPATH\Common.php(1190): CodeIgniter\View\View->render('New_service_table_partial.php', [], true)
 5 APPPATH\Controllers\newSalesController.php(90): view('New_service_table_partial.php', [...])
 6 SYSTEMPATH\CodeIgniter.php(942): App\Controllers\newSalesController->filterServices()
 7 SYSTEMPATH\CodeIgniter.php(502): CodeIgniter\CodeIgniter->runController(Object(App\Controllers\newSalesController))
 8 SYSTEMPATH\CodeIgniter.php(361): CodeIgniter\CodeIgniter->handleRequest(null, Object(Config\Cache), false)
 9 FCPATH\index.php(79): CodeIgniter\CodeIgniter->run()
INFO - 2024-09-07 08:28:14 --> Session: Class initialized using 'CodeIgniter\Session\Handlers\FileHandler' driver.
CRITICAL - 2024-09-07 08:28:14 --> Undefined array key "tax_value"
in APPPATH\Views\New_service_table_partial.php on line 50.
 1 APPPATH\Views\New_service_table_partial.php(50): CodeIgniter\Debug\Exceptions->errorHandler(2, 'Undefined array key "tax_value"', 'C:\\xampp\\htdocs\\HMS_RegexByte\\app\\Views\\New_service_table_partial.php', 50)
 2 SYSTEMPATH\View\View.php(228): include('C:\\xampp\\htdocs\\HMS_RegexByte\\app\\Views\\New_service_table_partial.php')
 3 SYSTEMPATH\View\View.php(231): CodeIgniter\View\View->CodeIgniter\View\{closure}()
 4 SYSTEMPATH\Common.php(1190): CodeIgniter\View\View->render('New_service_table_partial.php', [], true)
 5 APPPATH\Controllers\newSalesController.php(90): view('New_service_table_partial.php', [...])
 6 SYSTEMPATH\CodeIgniter.php(942): App\Controllers\newSalesController->filterServices()
 7 SYSTEMPATH\CodeIgniter.php(502): CodeIgniter\CodeIgniter->runController(Object(App\Controllers\newSalesController))
 8 SYSTEMPATH\CodeIgniter.php(361): CodeIgniter\CodeIgniter->handleRequest(null, Object(Config\Cache), false)
 9 FCPATH\index.php(79): CodeIgniter\CodeIgniter->run()
INFO - 2024-09-07 08:28:16 --> Session: Class initialized using 'CodeIgniter\Session\Handlers\FileHandler' driver.
CRITICAL - 2024-09-07 08:28:16 --> Undefined array key "tax_value"
in APPPATH\Views\New_service_table_partial.php on line 50.
 1 APPPATH\Views\New_service_table_partial.php(50): CodeIgniter\Debug\Exceptions->errorHandler(2, 'Undefined array key "tax_value"', 'C:\\xampp\\htdocs\\HMS_RegexByte\\app\\Views\\New_service_table_partial.php', 50)
 2 SYSTEMPATH\View\View.php(228): include('C:\\xampp\\htdocs\\HMS_RegexByte\\app\\Views\\New_service_table_partial.php')
 3 SYSTEMPATH\View\View.php(231): CodeIgniter\View\View->CodeIgniter\View\{closure}()
 4 SYSTEMPATH\Common.php(1190): CodeIgniter\View\View->render('New_service_table_partial.php', [], true)
 5 APPPATH\Controllers\newSalesController.php(90): view('New_service_table_partial.php', [...])
 6 SYSTEMPATH\CodeIgniter.php(942): App\Controllers\newSalesController->filterServices()
 7 SYSTEMPATH\CodeIgniter.php(502): CodeIgniter\CodeIgniter->runController(Object(App\Controllers\newSalesController))
 8 SYSTEMPATH\CodeIgniter.php(361): CodeIgniter\CodeIgniter->handleRequest(null, Object(Config\Cache), false)
 9 FCPATH\index.php(79): CodeIgniter\CodeIgniter->run()
INFO - 2024-09-07 08:28:17 --> Session: Class initialized using 'CodeIgniter\Session\Handlers\FileHandler' driver.
CRITICAL - 2024-09-07 08:28:17 --> Undefined variable $service
in APPPATH\Views\New_service_table_partial.php on line 49.
 1 APPPATH\Views\New_service_table_partial.php(49): CodeIgniter\Debug\Exceptions->errorHandler(2, 'Undefined variable $service', 'C:\\xampp\\htdocs\\HMS_RegexByte\\app\\Views\\New_service_table_partial.php', 49)
 2 SYSTEMPATH\View\View.php(228): include('C:\\xampp\\htdocs\\HMS_RegexByte\\app\\Views\\New_service_table_partial.php')
 3 SYSTEMPATH\View\View.php(231): CodeIgniter\View\View->CodeIgniter\View\{closure}()
 4 SYSTEMPATH\Common.php(1190): CodeIgniter\View\View->render('New_service_table_partial.php', [], true)
 5 APPPATH\Controllers\newSalesController.php(90): view('New_service_table_partial.php', [...])
 6 SYSTEMPATH\CodeIgniter.php(942): App\Controllers\newSalesController->filterServices()
 7 SYSTEMPATH\CodeIgniter.php(502): CodeIgniter\CodeIgniter->runController(Object(App\Controllers\newSalesController))
 8 SYSTEMPATH\CodeIgniter.php(361): CodeIgniter\CodeIgniter->handleRequest(null, Object(Config\Cache), false)
 9 FCPATH\index.php(79): CodeIgniter\CodeIgniter->run()
INFO - 2024-09-07 08:28:18 --> Session: Class initialized using 'CodeIgniter\Session\Handlers\FileHandler' driver.
CRITICAL - 2024-09-07 08:28:18 --> Undefined variable $service
in APPPATH\Views\New_service_table_partial.php on line 49.
 1 APPPATH\Views\New_service_table_partial.php(49): CodeIgniter\Debug\Exceptions->errorHandler(2, 'Undefined variable $service', 'C:\\xampp\\htdocs\\HMS_RegexByte\\app\\Views\\New_service_table_partial.php', 49)
 2 SYSTEMPATH\View\View.php(228): include('C:\\xampp\\htdocs\\HMS_RegexByte\\app\\Views\\New_service_table_partial.php')
 3 SYSTEMPATH\View\View.php(231): CodeIgniter\View\View->CodeIgniter\View\{closure}()
 4 SYSTEMPATH\Common.php(1190): CodeIgniter\View\View->render('New_service_table_partial.php', [], true)
 5 APPPATH\Controllers\newSalesController.php(90): view('New_service_table_partial.php', [...])
 6 SYSTEMPATH\CodeIgniter.php(942): App\Controllers\newSalesController->filterServices()
 7 SYSTEMPATH\CodeIgniter.php(502): CodeIgniter\CodeIgniter->runController(Object(App\Controllers\newSalesController))
 8 SYSTEMPATH\CodeIgniter.php(361): CodeIgniter\CodeIgniter->handleRequest(null, Object(Config\Cache), false)
 9 FCPATH\index.php(79): CodeIgniter\CodeIgniter->run()
INFO - 2024-09-07 09:22:02 --> Session: Class initialized using 'CodeIgniter\Session\Handlers\FileHandler' driver.
INFO - 2024-09-07 09:22:22 --> Session: Class initialized using 'CodeIgniter\Session\Handlers\FileHandler' driver.
CRITICAL - 2024-09-07 09:22:23 --> Undefined array key "TVSH_Value"
in APPPATH\Views\New_service_table_partial.php on line 50.
 1 APPPATH\Views\New_service_table_partial.php(50): CodeIgniter\Debug\Exceptions->errorHandler(2, 'Undefined array key "TVSH_Value"', 'C:\\xampp\\htdocs\\HMS_RegexByte\\app\\Views\\New_service_table_partial.php', 50)
 2 SYSTEMPATH\View\View.php(228): include('C:\\xampp\\htdocs\\HMS_RegexByte\\app\\Views\\New_service_table_partial.php')
 3 SYSTEMPATH\View\View.php(231): CodeIgniter\View\View->CodeIgniter\View\{closure}()
 4 SYSTEMPATH\Common.php(1190): CodeIgniter\View\View->render('New_service_table_partial.php', [], true)
 5 APPPATH\Controllers\newSalesController.php(90): view('New_service_table_partial.php', [...])
 6 SYSTEMPATH\CodeIgniter.php(942): App\Controllers\newSalesController->filterServices()
 7 SYSTEMPATH\CodeIgniter.php(502): CodeIgniter\CodeIgniter->runController(Object(App\Controllers\newSalesController))
 8 SYSTEMPATH\CodeIgniter.php(361): CodeIgniter\CodeIgniter->handleRequest(null, Object(Config\Cache), false)
 9 FCPATH\index.php(79): CodeIgniter\CodeIgniter->run()
INFO - 2024-09-07 09:22:27 --> Session: Class initialized using 'CodeIgniter\Session\Handlers\FileHandler' driver.
INFO - 2024-09-07 09:22:41 --> Session: Class initialized using 'CodeIgniter\Session\Handlers\FileHandler' driver.
CRITICAL - 2024-09-07 09:22:41 --> Undefined array key "TVSH_Value"
in APPPATH\Views\New_service_table_partial.php on line 50.
 1 APPPATH\Views\New_service_table_partial.php(50): CodeIgniter\Debug\Exceptions->errorHandler(2, 'Undefined array key "TVSH_Value"', 'C:\\xampp\\htdocs\\HMS_RegexByte\\app\\Views\\New_service_table_partial.php', 50)
 2 SYSTEMPATH\View\View.php(228): include('C:\\xampp\\htdocs\\HMS_RegexByte\\app\\Views\\New_service_table_partial.php')
 3 SYSTEMPATH\View\View.php(231): CodeIgniter\View\View->CodeIgniter\View\{closure}()
 4 SYSTEMPATH\Common.php(1190): CodeIgniter\View\View->render('New_service_table_partial.php', [], true)
 5 APPPATH\Controllers\newSalesController.php(90): view('New_service_table_partial.php', [...])
 6 SYSTEMPATH\CodeIgniter.php(942): App\Controllers\newSalesController->filterServices()
 7 SYSTEMPATH\CodeIgniter.php(502): CodeIgniter\CodeIgniter->runController(Object(App\Controllers\newSalesController))
 8 SYSTEMPATH\CodeIgniter.php(361): CodeIgniter\CodeIgniter->handleRequest(null, Object(Config\Cache), false)
 9 FCPATH\index.php(79): CodeIgniter\CodeIgniter->run()
INFO - 2024-09-07 09:22:43 --> Session: Class initialized using 'CodeIgniter\Session\Handlers\FileHandler' driver.
CRITICAL - 2024-09-07 09:22:43 --> Undefined variable $service
in APPPATH\Views\New_service_table_partial.php on line 49.
 1 APPPATH\Views\New_service_table_partial.php(49): CodeIgniter\Debug\Exceptions->errorHandler(2, 'Undefined variable $service', 'C:\\xampp\\htdocs\\HMS_RegexByte\\app\\Views\\New_service_table_partial.php', 49)
 2 SYSTEMPATH\View\View.php(228): include('C:\\xampp\\htdocs\\HMS_RegexByte\\app\\Views\\New_service_table_partial.php')
 3 SYSTEMPATH\View\View.php(231): CodeIgniter\View\View->CodeIgniter\View\{closure}()
 4 SYSTEMPATH\Common.php(1190): CodeIgniter\View\View->render('New_service_table_partial.php', [], true)
 5 APPPATH\Controllers\newSalesController.php(90): view('New_service_table_partial.php', [...])
 6 SYSTEMPATH\CodeIgniter.php(942): App\Controllers\newSalesController->filterServices()
 7 SYSTEMPATH\CodeIgniter.php(502): CodeIgniter\CodeIgniter->runController(Object(App\Controllers\newSalesController))
 8 SYSTEMPATH\CodeIgniter.php(361): CodeIgniter\CodeIgniter->handleRequest(null, Object(Config\Cache), false)
 9 FCPATH\index.php(79): CodeIgniter\CodeIgniter->run()
INFO - 2024-09-07 09:22:45 --> Session: Class initialized using 'CodeIgniter\Session\Handlers\FileHandler' driver.
CRITICAL - 2024-09-07 09:22:45 --> Undefined array key "TVSH_Value"
in APPPATH\Views\New_service_table_partial.php on line 50.
 1 APPPATH\Views\New_service_table_partial.php(50): CodeIgniter\Debug\Exceptions->errorHandler(2, 'Undefined array key "TVSH_Value"', 'C:\\xampp\\htdocs\\HMS_RegexByte\\app\\Views\\New_service_table_partial.php', 50)
 2 SYSTEMPATH\View\View.php(228): include('C:\\xampp\\htdocs\\HMS_RegexByte\\app\\Views\\New_service_table_partial.php')
 3 SYSTEMPATH\View\View.php(231): CodeIgniter\View\View->CodeIgniter\View\{closure}()
 4 SYSTEMPATH\Common.php(1190): CodeIgniter\View\View->render('New_service_table_partial.php', [], true)
 5 APPPATH\Controllers\newSalesController.php(90): view('New_service_table_partial.php', [...])
 6 SYSTEMPATH\CodeIgniter.php(942): App\Controllers\newSalesController->filterServices()
 7 SYSTEMPATH\CodeIgniter.php(502): CodeIgniter\CodeIgniter->runController(Object(App\Controllers\newSalesController))
 8 SYSTEMPATH\CodeIgniter.php(361): CodeIgniter\CodeIgniter->handleRequest(null, Object(Config\Cache), false)
 9 FCPATH\index.php(79): CodeIgniter\CodeIgniter->run()
INFO - 2024-09-07 09:22:45 --> Session: Class initialized using 'CodeIgniter\Session\Handlers\FileHandler' driver.
CRITICAL - 2024-09-07 09:22:46 --> Undefined array key "TVSH_Value"
in APPPATH\Views\New_service_table_partial.php on line 50.
 1 APPPATH\Views\New_service_table_partial.php(50): CodeIgniter\Debug\Exceptions->errorHandler(2, 'Undefined array key "TVSH_Value"', 'C:\\xampp\\htdocs\\HMS_RegexByte\\app\\Views\\New_service_table_partial.php', 50)
 2 SYSTEMPATH\View\View.php(228): include('C:\\xampp\\htdocs\\HMS_RegexByte\\app\\Views\\New_service_table_partial.php')
 3 SYSTEMPATH\View\View.php(231): CodeIgniter\View\View->CodeIgniter\View\{closure}()
 4 SYSTEMPATH\Common.php(1190): CodeIgniter\View\View->render('New_service_table_partial.php', [], true)
 5 APPPATH\Controllers\newSalesController.php(90): view('New_service_table_partial.php', [...])
 6 SYSTEMPATH\CodeIgniter.php(942): App\Controllers\newSalesController->filterServices()
 7 SYSTEMPATH\CodeIgniter.php(502): CodeIgniter\CodeIgniter->runController(Object(App\Controllers\newSalesController))
 8 SYSTEMPATH\CodeIgniter.php(361): CodeIgniter\CodeIgniter->handleRequest(null, Object(Config\Cache), false)
 9 FCPATH\index.php(79): CodeIgniter\CodeIgniter->run()
INFO - 2024-09-07 09:22:47 --> Session: Class initialized using 'CodeIgniter\Session\Handlers\FileHandler' driver.
CRITICAL - 2024-09-07 09:22:47 --> Undefined array key "TVSH_Value"
in APPPATH\Views\New_service_table_partial.php on line 50.
 1 APPPATH\Views\New_service_table_partial.php(50): CodeIgniter\Debug\Exceptions->errorHandler(2, 'Undefined array key "TVSH_Value"', 'C:\\xampp\\htdocs\\HMS_RegexByte\\app\\Views\\New_service_table_partial.php', 50)
 2 SYSTEMPATH\View\View.php(228): include('C:\\xampp\\htdocs\\HMS_RegexByte\\app\\Views\\New_service_table_partial.php')
 3 SYSTEMPATH\View\View.php(231): CodeIgniter\View\View->CodeIgniter\View\{closure}()
 4 SYSTEMPATH\Common.php(1190): CodeIgniter\View\View->render('New_service_table_partial.php', [], true)
 5 APPPATH\Controllers\newSalesController.php(90): view('New_service_table_partial.php', [...])
 6 SYSTEMPATH\CodeIgniter.php(942): App\Controllers\newSalesController->filterServices()
 7 SYSTEMPATH\CodeIgniter.php(502): CodeIgniter\CodeIgniter->runController(Object(App\Controllers\newSalesController))
 8 SYSTEMPATH\CodeIgniter.php(361): CodeIgniter\CodeIgniter->handleRequest(null, Object(Config\Cache), false)
 9 FCPATH\index.php(79): CodeIgniter\CodeIgniter->run()
INFO - 2024-09-07 09:22:49 --> Session: Class initialized using 'CodeIgniter\Session\Handlers\FileHandler' driver.
CRITICAL - 2024-09-07 09:22:49 --> Undefined array key "TVSH_Value"
in APPPATH\Views\New_service_table_partial.php on line 50.
 1 APPPATH\Views\New_service_table_partial.php(50): CodeIgniter\Debug\Exceptions->errorHandler(2, 'Undefined array key "TVSH_Value"', 'C:\\xampp\\htdocs\\HMS_RegexByte\\app\\Views\\New_service_table_partial.php', 50)
 2 SYSTEMPATH\View\View.php(228): include('C:\\xampp\\htdocs\\HMS_RegexByte\\app\\Views\\New_service_table_partial.php')
 3 SYSTEMPATH\View\View.php(231): CodeIgniter\View\View->CodeIgniter\View\{closure}()
 4 SYSTEMPATH\Common.php(1190): CodeIgniter\View\View->render('New_service_table_partial.php', [], true)
 5 APPPATH\Controllers\newSalesController.php(90): view('New_service_table_partial.php', [...])
 6 SYSTEMPATH\CodeIgniter.php(942): App\Controllers\newSalesController->filterServices()
 7 SYSTEMPATH\CodeIgniter.php(502): CodeIgniter\CodeIgniter->runController(Object(App\Controllers\newSalesController))
 8 SYSTEMPATH\CodeIgniter.php(361): CodeIgniter\CodeIgniter->handleRequest(null, Object(Config\Cache), false)
 9 FCPATH\index.php(79): CodeIgniter\CodeIgniter->run()
INFO - 2024-09-07 09:24:29 --> Session: Class initialized using 'CodeIgniter\Session\Handlers\FileHandler' driver.
INFO - 2024-09-07 09:24:44 --> Session: Class initialized using 'CodeIgniter\Session\Handlers\FileHandler' driver.
INFO - 2024-09-07 09:24:50 --> Session: Class initialized using 'CodeIgniter\Session\Handlers\FileHandler' driver.
INFO - 2024-09-07 09:25:26 --> Session: Class initialized using 'CodeIgniter\Session\Handlers\FileHandler' driver.
INFO - 2024-09-07 09:25:33 --> Session: Class initialized using 'CodeIgniter\Session\Handlers\FileHandler' driver.
INFO - 2024-09-07 09:25:40 --> Session: Class initialized using 'CodeIgniter\Session\Handlers\FileHandler' driver.
INFO - 2024-09-07 09:25:45 --> Session: Class initialized using 'CodeIgniter\Session\Handlers\FileHandler' driver.
INFO - 2024-09-07 09:25:50 --> Session: Class initialized using 'CodeIgniter\Session\Handlers\FileHandler' driver.
INFO - 2024-09-07 09:25:54 --> Session: Class initialized using 'CodeIgniter\Session\Handlers\FileHandler' driver.
INFO - 2024-09-07 09:26:08 --> Session: Class initialized using 'CodeIgniter\Session\Handlers\FileHandler' driver.
INFO - 2024-09-07 09:26:25 --> Session: Class initialized using 'CodeIgniter\Session\Handlers\FileHandler' driver.
CRITICAL - 2024-09-07 09:26:26 --> Undefined array key "TVSH_Value"
in APPPATH\Views\New_service_table_partial.php on line 50.
 1 APPPATH\Views\New_service_table_partial.php(50): CodeIgniter\Debug\Exceptions->errorHandler(2, 'Undefined array key "TVSH_Value"', 'C:\\xampp\\htdocs\\HMS_RegexByte\\app\\Views\\New_service_table_partial.php', 50)
 2 SYSTEMPATH\View\View.php(228): include('C:\\xampp\\htdocs\\HMS_RegexByte\\app\\Views\\New_service_table_partial.php')
 3 SYSTEMPATH\View\View.php(231): CodeIgniter\View\View->CodeIgniter\View\{closure}()
 4 SYSTEMPATH\Common.php(1190): CodeIgniter\View\View->render('New_service_table_partial.php', [], true)
 5 APPPATH\Controllers\newSalesController.php(90): view('New_service_table_partial.php', [...])
 6 SYSTEMPATH\CodeIgniter.php(942): App\Controllers\newSalesController->filterServices()
 7 SYSTEMPATH\CodeIgniter.php(502): CodeIgniter\CodeIgniter->runController(Object(App\Controllers\newSalesController))
 8 SYSTEMPATH\CodeIgniter.php(361): CodeIgniter\CodeIgniter->handleRequest(null, Object(Config\Cache), false)
 9 FCPATH\index.php(79): CodeIgniter\CodeIgniter->run()
INFO - 2024-09-07 09:26:31 --> Session: Class initialized using 'CodeIgniter\Session\Handlers\FileHandler' driver.
CRITICAL - 2024-09-07 09:26:31 --> Undefined array key "TVSH_Value"
in APPPATH\Views\New_service_table_partial.php on line 50.
 1 APPPATH\Views\New_service_table_partial.php(50): CodeIgniter\Debug\Exceptions->errorHandler(2, 'Undefined array key "TVSH_Value"', 'C:\\xampp\\htdocs\\HMS_RegexByte\\app\\Views\\New_service_table_partial.php', 50)
 2 SYSTEMPATH\View\View.php(228): include('C:\\xampp\\htdocs\\HMS_RegexByte\\app\\Views\\New_service_table_partial.php')
 3 SYSTEMPATH\View\View.php(231): CodeIgniter\View\View->CodeIgniter\View\{closure}()
 4 SYSTEMPATH\Common.php(1190): CodeIgniter\View\View->render('New_service_table_partial.php', [], true)
 5 APPPATH\Controllers\newSalesController.php(90): view('New_service_table_partial.php', [...])
 6 SYSTEMPATH\CodeIgniter.php(942): App\Controllers\newSalesController->filterServices()
 7 SYSTEMPATH\CodeIgniter.php(502): CodeIgniter\CodeIgniter->runController(Object(App\Controllers\newSalesController))
 8 SYSTEMPATH\CodeIgniter.php(361): CodeIgniter\CodeIgniter->handleRequest(null, Object(Config\Cache), false)
 9 FCPATH\index.php(79): CodeIgniter\CodeIgniter->run()
INFO - 2024-09-07 09:26:33 --> Session: Class initialized using 'CodeIgniter\Session\Handlers\FileHandler' driver.
CRITICAL - 2024-09-07 09:26:34 --> Undefined array key "TVSH_Value"
in APPPATH\Views\New_service_table_partial.php on line 50.
 1 APPPATH\Views\New_service_table_partial.php(50): CodeIgniter\Debug\Exceptions->errorHandler(2, 'Undefined array key "TVSH_Value"', 'C:\\xampp\\htdocs\\HMS_RegexByte\\app\\Views\\New_service_table_partial.php', 50)
 2 SYSTEMPATH\View\View.php(228): include('C:\\xampp\\htdocs\\HMS_RegexByte\\app\\Views\\New_service_table_partial.php')
 3 SYSTEMPATH\View\View.php(231): CodeIgniter\View\View->CodeIgniter\View\{closure}()
 4 SYSTEMPATH\Common.php(1190): CodeIgniter\View\View->render('New_service_table_partial.php', [], true)
 5 APPPATH\Controllers\newSalesController.php(90): view('New_service_table_partial.php', [...])
 6 SYSTEMPATH\CodeIgniter.php(942): App\Controllers\newSalesController->filterServices()
 7 SYSTEMPATH\CodeIgniter.php(502): CodeIgniter\CodeIgniter->runController(Object(App\Controllers\newSalesController))
 8 SYSTEMPATH\CodeIgniter.php(361): CodeIgniter\CodeIgniter->handleRequest(null, Object(Config\Cache), false)
 9 FCPATH\index.php(79): CodeIgniter\CodeIgniter->run()
INFO - 2024-09-07 09:26:37 --> Session: Class initialized using 'CodeIgniter\Session\Handlers\FileHandler' driver.
CRITICAL - 2024-09-07 09:26:38 --> Undefined variable $service
in APPPATH\Views\New_service_table_partial.php on line 49.
 1 APPPATH\Views\New_service_table_partial.php(49): CodeIgniter\Debug\Exceptions->errorHandler(2, 'Undefined variable $service', 'C:\\xampp\\htdocs\\HMS_RegexByte\\app\\Views\\New_service_table_partial.php', 49)
 2 SYSTEMPATH\View\View.php(228): include('C:\\xampp\\htdocs\\HMS_RegexByte\\app\\Views\\New_service_table_partial.php')
 3 SYSTEMPATH\View\View.php(231): CodeIgniter\View\View->CodeIgniter\View\{closure}()
 4 SYSTEMPATH\Common.php(1190): CodeIgniter\View\View->render('New_service_table_partial.php', [], true)
 5 APPPATH\Controllers\newSalesController.php(90): view('New_service_table_partial.php', [...])
 6 SYSTEMPATH\CodeIgniter.php(942): App\Controllers\newSalesController->filterServices()
 7 SYSTEMPATH\CodeIgniter.php(502): CodeIgniter\CodeIgniter->runController(Object(App\Controllers\newSalesController))
 8 SYSTEMPATH\CodeIgniter.php(361): CodeIgniter\CodeIgniter->handleRequest(null, Object(Config\Cache), false)
 9 FCPATH\index.php(79): CodeIgniter\CodeIgniter->run()
INFO - 2024-09-07 09:26:45 --> Session: Class initialized using 'CodeIgniter\Session\Handlers\FileHandler' driver.
INFO - 2024-09-07 09:27:56 --> Session: Class initialized using 'CodeIgniter\Session\Handlers\FileHandler' driver.
INFO - 2024-09-07 09:28:09 --> Session: Class initialized using 'CodeIgniter\Session\Handlers\FileHandler' driver.
CRITICAL - 2024-09-07 09:28:09 --> Undefined array key "TVSH_Value"
in APPPATH\Views\New_service_table_partial.php on line 50.
 1 APPPATH\Views\New_service_table_partial.php(50): CodeIgniter\Debug\Exceptions->errorHandler(2, 'Undefined array key "TVSH_Value"', 'C:\\xampp\\htdocs\\HMS_RegexByte\\app\\Views\\New_service_table_partial.php', 50)
 2 SYSTEMPATH\View\View.php(228): include('C:\\xampp\\htdocs\\HMS_RegexByte\\app\\Views\\New_service_table_partial.php')
 3 SYSTEMPATH\View\View.php(231): CodeIgniter\View\View->CodeIgniter\View\{closure}()
 4 SYSTEMPATH\Common.php(1190): CodeIgniter\View\View->render('New_service_table_partial.php', [], true)
 5 APPPATH\Controllers\newSalesController.php(90): view('New_service_table_partial.php', [...])
 6 SYSTEMPATH\CodeIgniter.php(942): App\Controllers\newSalesController->filterServices()
 7 SYSTEMPATH\CodeIgniter.php(502): CodeIgniter\CodeIgniter->runController(Object(App\Controllers\newSalesController))
 8 SYSTEMPATH\CodeIgniter.php(361): CodeIgniter\CodeIgniter->handleRequest(null, Object(Config\Cache), false)
 9 FCPATH\index.php(79): CodeIgniter\CodeIgniter->run()
INFO - 2024-09-07 09:28:12 --> Session: Class initialized using 'CodeIgniter\Session\Handlers\FileHandler' driver.
CRITICAL - 2024-09-07 09:28:12 --> Undefined array key "TVSH_Value"
in APPPATH\Views\New_service_table_partial.php on line 50.
 1 APPPATH\Views\New_service_table_partial.php(50): CodeIgniter\Debug\Exceptions->errorHandler(2, 'Undefined array key "TVSH_Value"', 'C:\\xampp\\htdocs\\HMS_RegexByte\\app\\Views\\New_service_table_partial.php', 50)
 2 SYSTEMPATH\View\View.php(228): include('C:\\xampp\\htdocs\\HMS_RegexByte\\app\\Views\\New_service_table_partial.php')
 3 SYSTEMPATH\View\View.php(231): CodeIgniter\View\View->CodeIgniter\View\{closure}()
 4 SYSTEMPATH\Common.php(1190): CodeIgniter\View\View->render('New_service_table_partial.php', [], true)
 5 APPPATH\Controllers\newSalesController.php(90): view('New_service_table_partial.php', [...])
 6 SYSTEMPATH\CodeIgniter.php(942): App\Controllers\newSalesController->filterServices()
 7 SYSTEMPATH\CodeIgniter.php(502): CodeIgniter\CodeIgniter->runController(Object(App\Controllers\newSalesController))
 8 SYSTEMPATH\CodeIgniter.php(361): CodeIgniter\CodeIgniter->handleRequest(null, Object(Config\Cache), false)
 9 FCPATH\index.php(79): CodeIgniter\CodeIgniter->run()
INFO - 2024-09-07 09:28:19 --> Session: Class initialized using 'CodeIgniter\Session\Handlers\FileHandler' driver.
CRITICAL - 2024-09-07 09:28:19 --> Undefined array key "TVSH_Value"
in APPPATH\Views\New_service_table_partial.php on line 50.
 1 APPPATH\Views\New_service_table_partial.php(50): CodeIgniter\Debug\Exceptions->errorHandler(2, 'Undefined array key "TVSH_Value"', 'C:\\xampp\\htdocs\\HMS_RegexByte\\app\\Views\\New_service_table_partial.php', 50)
 2 SYSTEMPATH\View\View.php(228): include('C:\\xampp\\htdocs\\HMS_RegexByte\\app\\Views\\New_service_table_partial.php')
 3 SYSTEMPATH\View\View.php(231): CodeIgniter\View\View->CodeIgniter\View\{closure}()
 4 SYSTEMPATH\Common.php(1190): CodeIgniter\View\View->render('New_service_table_partial.php', [], true)
 5 APPPATH\Controllers\newSalesController.php(90): view('New_service_table_partial.php', [...])
 6 SYSTEMPATH\CodeIgniter.php(942): App\Controllers\newSalesController->filterServices()
 7 SYSTEMPATH\CodeIgniter.php(502): CodeIgniter\CodeIgniter->runController(Object(App\Controllers\newSalesController))
 8 SYSTEMPATH\CodeIgniter.php(361): CodeIgniter\CodeIgniter->handleRequest(null, Object(Config\Cache), false)
 9 FCPATH\index.php(79): CodeIgniter\CodeIgniter->run()
INFO - 2024-09-07 09:28:28 --> Session: Class initialized using 'CodeIgniter\Session\Handlers\FileHandler' driver.
CRITICAL - 2024-09-07 09:28:29 --> Undefined variable $service
in APPPATH\Views\New_service_table_partial.php on line 49.
 1 APPPATH\Views\New_service_table_partial.php(49): CodeIgniter\Debug\Exceptions->errorHandler(2, 'Undefined variable $service', 'C:\\xampp\\htdocs\\HMS_RegexByte\\app\\Views\\New_service_table_partial.php', 49)
 2 SYSTEMPATH\View\View.php(228): include('C:\\xampp\\htdocs\\HMS_RegexByte\\app\\Views\\New_service_table_partial.php')
 3 SYSTEMPATH\View\View.php(231): CodeIgniter\View\View->CodeIgniter\View\{closure}()
 4 SYSTEMPATH\Common.php(1190): CodeIgniter\View\View->render('New_service_table_partial.php', [], true)
 5 APPPATH\Controllers\newSalesController.php(90): view('New_service_table_partial.php', [...])
 6 SYSTEMPATH\CodeIgniter.php(942): App\Controllers\newSalesController->filterServices()
 7 SYSTEMPATH\CodeIgniter.php(502): CodeIgniter\CodeIgniter->runController(Object(App\Controllers\newSalesController))
 8 SYSTEMPATH\CodeIgniter.php(361): CodeIgniter\CodeIgniter->handleRequest(null, Object(Config\Cache), false)
 9 FCPATH\index.php(79): CodeIgniter\CodeIgniter->run()
INFO - 2024-09-07 09:29:55 --> Session: Class initialized using 'CodeIgniter\Session\Handlers\FileHandler' driver.
INFO - 2024-09-07 09:30:08 --> Session: Class initialized using 'CodeIgniter\Session\Handlers\FileHandler' driver.
CRITICAL - 2024-09-07 09:30:09 --> Undefined array key "TVSH_Value"
in APPPATH\Views\New_service_table_partial.php on line 50.
 1 APPPATH\Views\New_service_table_partial.php(50): CodeIgniter\Debug\Exceptions->errorHandler(2, 'Undefined array key "TVSH_Value"', 'C:\\xampp\\htdocs\\HMS_RegexByte\\app\\Views\\New_service_table_partial.php', 50)
 2 SYSTEMPATH\View\View.php(228): include('C:\\xampp\\htdocs\\HMS_RegexByte\\app\\Views\\New_service_table_partial.php')
 3 SYSTEMPATH\View\View.php(231): CodeIgniter\View\View->CodeIgniter\View\{closure}()
 4 SYSTEMPATH\Common.php(1190): CodeIgniter\View\View->render('New_service_table_partial.php', [], true)
 5 APPPATH\Controllers\newSalesController.php(90): view('New_service_table_partial.php', [...])
 6 SYSTEMPATH\CodeIgniter.php(942): App\Controllers\newSalesController->filterServices()
 7 SYSTEMPATH\CodeIgniter.php(502): CodeIgniter\CodeIgniter->runController(Object(App\Controllers\newSalesController))
 8 SYSTEMPATH\CodeIgniter.php(361): CodeIgniter\CodeIgniter->handleRequest(null, Object(Config\Cache), false)
 9 FCPATH\index.php(79): CodeIgniter\CodeIgniter->run()
INFO - 2024-09-07 09:30:51 --> Session: Class initialized using 'CodeIgniter\Session\Handlers\FileHandler' driver.
CRITICAL - 2024-09-07 09:30:51 --> Undefined array key "TVSH_Value"
in APPPATH\Views\New_service_table_partial.php on line 50.
 1 APPPATH\Views\New_service_table_partial.php(50): CodeIgniter\Debug\Exceptions->errorHandler(2, 'Undefined array key "TVSH_Value"', 'C:\\xampp\\htdocs\\HMS_RegexByte\\app\\Views\\New_service_table_partial.php', 50)
 2 SYSTEMPATH\View\View.php(228): include('C:\\xampp\\htdocs\\HMS_RegexByte\\app\\Views\\New_service_table_partial.php')
 3 SYSTEMPATH\View\View.php(231): CodeIgniter\View\View->CodeIgniter\View\{closure}()
 4 SYSTEMPATH\Common.php(1190): CodeIgniter\View\View->render('New_service_table_partial.php', [], true)
 5 APPPATH\Controllers\newSalesController.php(90): view('New_service_table_partial.php', [...])
 6 SYSTEMPATH\CodeIgniter.php(942): App\Controllers\newSalesController->filterServices()
 7 SYSTEMPATH\CodeIgniter.php(502): CodeIgniter\CodeIgniter->runController(Object(App\Controllers\newSalesController))
 8 SYSTEMPATH\CodeIgniter.php(361): CodeIgniter\CodeIgniter->handleRequest(null, Object(Config\Cache), false)
 9 FCPATH\index.php(79): CodeIgniter\CodeIgniter->run()
INFO - 2024-09-07 09:31:55 --> Session: Class initialized using 'CodeIgniter\Session\Handlers\FileHandler' driver.
INFO - 2024-09-07 09:32:09 --> Session: Class initialized using 'CodeIgniter\Session\Handlers\FileHandler' driver.
INFO - 2024-09-07 09:32:45 --> Session: Class initialized using 'CodeIgniter\Session\Handlers\FileHandler' driver.
INFO - 2024-09-07 09:33:16 --> Session: Class initialized using 'CodeIgniter\Session\Handlers\FileHandler' driver.
INFO - 2024-09-07 09:41:02 --> Session: Class initialized using 'CodeIgniter\Session\Handlers\FileHandler' driver.
CRITICAL - 2024-09-07 09:41:02 --> Undefined array key "TVSH_Value"
in APPPATH\Views\New_service_table_partial.php on line 42.
 1 APPPATH\Views\New_service_table_partial.php(42): CodeIgniter\Debug\Exceptions->errorHandler(2, 'Undefined array key "TVSH_Value"', 'C:\\xampp\\htdocs\\HMS_RegexByte\\app\\Views\\New_service_table_partial.php', 42)
 2 SYSTEMPATH\View\View.php(228): include('C:\\xampp\\htdocs\\HMS_RegexByte\\app\\Views\\New_service_table_partial.php')
 3 SYSTEMPATH\View\View.php(231): CodeIgniter\View\View->CodeIgniter\View\{closure}()
 4 SYSTEMPATH\Common.php(1190): CodeIgniter\View\View->render('New_service_table_partial.php', [], true)
 5 APPPATH\Controllers\newSalesController.php(91): view('New_service_table_partial.php', [...])
 6 SYSTEMPATH\CodeIgniter.php(942): App\Controllers\newSalesController->filterServices()
 7 SYSTEMPATH\CodeIgniter.php(502): CodeIgniter\CodeIgniter->runController(Object(App\Controllers\newSalesController))
 8 SYSTEMPATH\CodeIgniter.php(361): CodeIgniter\CodeIgniter->handleRequest(null, Object(Config\Cache), false)
 9 FCPATH\index.php(79): CodeIgniter\CodeIgniter->run()
INFO - 2024-09-07 09:41:30 --> Session: Class initialized using 'CodeIgniter\Session\Handlers\FileHandler' driver.
INFO - 2024-09-07 09:41:45 --> Session: Class initialized using 'CodeIgniter\Session\Handlers\FileHandler' driver.
INFO - 2024-09-07 09:42:00 --> Session: Class initialized using 'CodeIgniter\Session\Handlers\FileHandler' driver.
INFO - 2024-09-07 09:48:04 --> Session: Class initialized using 'CodeIgniter\Session\Handlers\FileHandler' driver.
INFO - 2024-09-07 09:48:17 --> Session: Class initialized using 'CodeIgniter\Session\Handlers\FileHandler' driver.
CRITICAL - 2024-09-07 09:48:17 --> Undefined array key "TVSH_Value"
in APPPATH\Views\New_service_table_partial.php on line 42.
 1 APPPATH\Views\New_service_table_partial.php(42): CodeIgniter\Debug\Exceptions->errorHandler(2, 'Undefined array key "TVSH_Value"', 'C:\\xampp\\htdocs\\HMS_RegexByte\\app\\Views\\New_service_table_partial.php', 42)
 2 SYSTEMPATH\View\View.php(228): include('C:\\xampp\\htdocs\\HMS_RegexByte\\app\\Views\\New_service_table_partial.php')
 3 SYSTEMPATH\View\View.php(231): CodeIgniter\View\View->CodeIgniter\View\{closure}()
 4 SYSTEMPATH\Common.php(1190): CodeIgniter\View\View->render('New_service_table_partial.php', [], true)
 5 APPPATH\Controllers\newSalesController.php(91): view('New_service_table_partial.php', [...])
 6 SYSTEMPATH\CodeIgniter.php(942): App\Controllers\newSalesController->filterServices()
 7 SYSTEMPATH\CodeIgniter.php(502): CodeIgniter\CodeIgniter->runController(Object(App\Controllers\newSalesController))
 8 SYSTEMPATH\CodeIgniter.php(361): CodeIgniter\CodeIgniter->handleRequest(null, Object(Config\Cache), false)
 9 FCPATH\index.php(79): CodeIgniter\CodeIgniter->run()
INFO - 2024-09-07 09:48:24 --> Session: Class initialized using 'CodeIgniter\Session\Handlers\FileHandler' driver.
CRITICAL - 2024-09-07 09:48:25 --> Undefined array key "TVSH_Value"
in APPPATH\Views\New_service_table_partial.php on line 42.
 1 APPPATH\Views\New_service_table_partial.php(42): CodeIgniter\Debug\Exceptions->errorHandler(2, 'Undefined array key "TVSH_Value"', 'C:\\xampp\\htdocs\\HMS_RegexByte\\app\\Views\\New_service_table_partial.php', 42)
 2 SYSTEMPATH\View\View.php(228): include('C:\\xampp\\htdocs\\HMS_RegexByte\\app\\Views\\New_service_table_partial.php')
 3 SYSTEMPATH\View\View.php(231): CodeIgniter\View\View->CodeIgniter\View\{closure}()
 4 SYSTEMPATH\Common.php(1190): CodeIgniter\View\View->render('New_service_table_partial.php', [], true)
 5 APPPATH\Controllers\newSalesController.php(91): view('New_service_table_partial.php', [...])
 6 SYSTEMPATH\CodeIgniter.php(942): App\Controllers\newSalesController->filterServices()
 7 SYSTEMPATH\CodeIgniter.php(502): CodeIgniter\CodeIgniter->runController(Object(App\Controllers\newSalesController))
 8 SYSTEMPATH\CodeIgniter.php(361): CodeIgniter\CodeIgniter->handleRequest(null, Object(Config\Cache), false)
 9 FCPATH\index.php(79): CodeIgniter\CodeIgniter->run()
INFO - 2024-09-07 09:49:03 --> Session: Class initialized using 'CodeIgniter\Session\Handlers\FileHandler' driver.
CRITICAL - 2024-09-07 09:49:04 --> Undefined array key "TVSH_Value"
in APPPATH\Views\New_service_table_partial.php on line 42.
 1 APPPATH\Views\New_service_table_partial.php(42): CodeIgniter\Debug\Exceptions->errorHandler(2, 'Undefined array key "TVSH_Value"', 'C:\\xampp\\htdocs\\HMS_RegexByte\\app\\Views\\New_service_table_partial.php', 42)
 2 SYSTEMPATH\View\View.php(228): include('C:\\xampp\\htdocs\\HMS_RegexByte\\app\\Views\\New_service_table_partial.php')
 3 SYSTEMPATH\View\View.php(231): CodeIgniter\View\View->CodeIgniter\View\{closure}()
 4 SYSTEMPATH\Common.php(1190): CodeIgniter\View\View->render('New_service_table_partial.php', [], true)
 5 APPPATH\Controllers\newSalesController.php(90): view('New_service_table_partial.php', [...])
 6 SYSTEMPATH\CodeIgniter.php(942): App\Controllers\newSalesController->filterServices()
 7 SYSTEMPATH\CodeIgniter.php(502): CodeIgniter\CodeIgniter->runController(Object(App\Controllers\newSalesController))
 8 SYSTEMPATH\CodeIgniter.php(361): CodeIgniter\CodeIgniter->handleRequest(null, Object(Config\Cache), false)
 9 FCPATH\index.php(79): CodeIgniter\CodeIgniter->run()
INFO - 2024-09-07 09:49:46 --> Session: Class initialized using 'CodeIgniter\Session\Handlers\FileHandler' driver.
INFO - 2024-09-07 09:51:19 --> Session: Class initialized using 'CodeIgniter\Session\Handlers\FileHandler' driver.
INFO - 2024-09-07 09:51:40 --> Session: Class initialized using 'CodeIgniter\Session\Handlers\FileHandler' driver.
CRITICAL - 2024-09-07 09:51:41 --> Undefined array key "TVSH_Value"
in APPPATH\Views\New_service_table_partial.php on line 42.
 1 APPPATH\Views\New_service_table_partial.php(42): CodeIgniter\Debug\Exceptions->errorHandler(2, 'Undefined array key "TVSH_Value"', 'C:\\xampp\\htdocs\\HMS_RegexByte\\app\\Views\\New_service_table_partial.php', 42)
 2 SYSTEMPATH\View\View.php(228): include('C:\\xampp\\htdocs\\HMS_RegexByte\\app\\Views\\New_service_table_partial.php')
 3 SYSTEMPATH\View\View.php(231): CodeIgniter\View\View->CodeIgniter\View\{closure}()
 4 SYSTEMPATH\Common.php(1190): CodeIgniter\View\View->render('New_service_table_partial.php', [], true)
 5 APPPATH\Controllers\newSalesController.php(91): view('New_service_table_partial.php', [...])
 6 SYSTEMPATH\CodeIgniter.php(942): App\Controllers\newSalesController->filterServices()
 7 SYSTEMPATH\CodeIgniter.php(502): CodeIgniter\CodeIgniter->runController(Object(App\Controllers\newSalesController))
 8 SYSTEMPATH\CodeIgniter.php(361): CodeIgniter\CodeIgniter->handleRequest(null, Object(Config\Cache), false)
 9 FCPATH\index.php(79): CodeIgniter\CodeIgniter->run()
INFO - 2024-09-07 09:53:25 --> Session: Class initialized using 'CodeIgniter\Session\Handlers\FileHandler' driver.
CRITICAL - 2024-09-07 09:53:26 --> Undefined array key "TVSH_Value"
in APPPATH\Views\New_service_table_partial.php on line 42.
 1 APPPATH\Views\New_service_table_partial.php(42): CodeIgniter\Debug\Exceptions->errorHandler(2, 'Undefined array key "TVSH_Value"', 'C:\\xampp\\htdocs\\HMS_RegexByte\\app\\Views\\New_service_table_partial.php', 42)
 2 SYSTEMPATH\View\View.php(228): include('C:\\xampp\\htdocs\\HMS_RegexByte\\app\\Views\\New_service_table_partial.php')
 3 SYSTEMPATH\View\View.php(231): CodeIgniter\View\View->CodeIgniter\View\{closure}()
 4 SYSTEMPATH\Common.php(1190): CodeIgniter\View\View->render('New_service_table_partial.php', [], true)
 5 APPPATH\Controllers\newSalesController.php(91): view('New_service_table_partial.php', [...])
 6 SYSTEMPATH\CodeIgniter.php(942): App\Controllers\newSalesController->filterServices()
 7 SYSTEMPATH\CodeIgniter.php(502): CodeIgniter\CodeIgniter->runController(Object(App\Controllers\newSalesController))
 8 SYSTEMPATH\CodeIgniter.php(361): CodeIgniter\CodeIgniter->handleRequest(null, Object(Config\Cache), false)
 9 FCPATH\index.php(79): CodeIgniter\CodeIgniter->run()
INFO - 2024-09-07 09:54:06 --> Session: Class initialized using 'CodeIgniter\Session\Handlers\FileHandler' driver.
INFO - 2024-09-07 09:57:36 --> Session: Class initialized using 'CodeIgniter\Session\Handlers\FileHandler' driver.
INFO - 2024-09-07 09:57:50 --> Session: Class initialized using 'CodeIgniter\Session\Handlers\FileHandler' driver.
INFO - 2024-09-07 09:58:05 --> Session: Class initialized using 'CodeIgniter\Session\Handlers\FileHandler' driver.
INFO - 2024-09-07 10:00:19 --> Session: Class initialized using 'CodeIgniter\Session\Handlers\FileHandler' driver.
INFO - 2024-09-07 10:00:44 --> Session: Class initialized using 'CodeIgniter\Session\Handlers\FileHandler' driver.
INFO - 2024-09-07 10:01:22 --> Session: Class initialized using 'CodeIgniter\Session\Handlers\FileHandler' driver.
INFO - 2024-09-07 10:01:39 --> Session: Class initialized using 'CodeIgniter\Session\Handlers\FileHandler' driver.
INFO - 2024-09-07 10:02:00 --> Session: Class initialized using 'CodeIgniter\Session\Handlers\FileHandler' driver.
INFO - 2024-09-07 10:10:12 --> Session: Class initialized using 'CodeIgniter\Session\Handlers\FileHandler' driver.
INFO - 2024-09-07 10:11:27 --> Session: Class initialized using 'CodeIgniter\Session\Handlers\FileHandler' driver.
INFO - 2024-09-07 10:11:39 --> Session: Class initialized using 'CodeIgniter\Session\Handlers\FileHandler' driver.
INFO - 2024-09-07 10:11:45 --> Session: Class initialized using 'CodeIgniter\Session\Handlers\FileHandler' driver.
INFO - 2024-09-07 10:11:53 --> Session: Class initialized using 'CodeIgniter\Session\Handlers\FileHandler' driver.
INFO - 2024-09-07 10:11:55 --> Session: Class initialized using 'CodeIgniter\Session\Handlers\FileHandler' driver.
INFO - 2024-09-07 10:30:55 --> Session: Class initialized using 'CodeIgniter\Session\Handlers\FileHandler' driver.
INFO - 2024-09-07 10:31:17 --> Session: Class initialized using 'CodeIgniter\Session\Handlers\FileHandler' driver.
INFO - 2024-09-07 10:33:33 --> Session: Class initialized using 'CodeIgniter\Session\Handlers\FileHandler' driver.
INFO - 2024-09-07 10:33:34 --> Session: Class initialized using 'CodeIgniter\Session\Handlers\FileHandler' driver.
INFO - 2024-09-07 10:33:44 --> Session: Class initialized using 'CodeIgniter\Session\Handlers\FileHandler' driver.
INFO - 2024-09-07 10:33:46 --> Session: Class initialized using 'CodeIgniter\Session\Handlers\FileHandler' driver.
INFO - 2024-09-07 10:33:59 --> Session: Class initialized using 'CodeIgniter\Session\Handlers\FileHandler' driver.
INFO - 2024-09-07 10:34:16 --> Session: Class initialized using 'CodeIgniter\Session\Handlers\FileHandler' driver.
INFO - 2024-09-07 10:34:17 --> Session: Class initialized using 'CodeIgniter\Session\Handlers\FileHandler' driver.
INFO - 2024-09-07 10:36:09 --> Session: Class initialized using 'CodeIgniter\Session\Handlers\FileHandler' driver.
INFO - 2024-09-07 10:36:16 --> Session: Class initialized using 'CodeIgniter\Session\Handlers\FileHandler' driver.
WARNING - 2024-09-07 10:36:16 --> [DEPRECATED] trim(): Passing null to parameter #1 ($string) of type string is deprecated in APPPATH\Controllers\SalesController.php on line 156.
 1 APPPATH\Controllers\SalesController.php(156): trim(null)
 2 SYSTEMPATH\CodeIgniter.php(942): App\Controllers\SalesController->Sales_table()
 3 SYSTEMPATH\CodeIgniter.php(502): CodeIgniter\CodeIgniter->runController(Object(App\Controllers\SalesController))
 4 SYSTEMPATH\CodeIgniter.php(361): CodeIgniter\CodeIgniter->handleRequest(null, Object(Config\Cache), false)
 5 FCPATH\index.php(79): CodeIgniter\CodeIgniter->run()
INFO - 2024-09-07 10:36:28 --> Session: Class initialized using 'CodeIgniter\Session\Handlers\FileHandler' driver.
CRITICAL - 2024-09-07 10:36:28 --> Undefined array key 0
in APPPATH\Views\Sale_details.php on line 222.
 1 APPPATH\Views\Sale_details.php(222): CodeIgniter\Debug\Exceptions->errorHandler(2, 'Undefined array key 0', 'C:\\xampp\\htdocs\\HMS_RegexByte\\app\\Views\\Sale_details.php', 222)
 2 SYSTEMPATH\View\View.php(228): include('C:\\xampp\\htdocs\\HMS_RegexByte\\app\\Views\\Sale_details.php')
 3 SYSTEMPATH\View\View.php(231): CodeIgniter\View\View->CodeIgniter\View\{closure}()
 4 SYSTEMPATH\Common.php(1190): CodeIgniter\View\View->render('Sale_details', [], true)
 5 APPPATH\Controllers\SalesController.php(131): view('Sale_details', [...])
 6 SYSTEMPATH\CodeIgniter.php(942): App\Controllers\SalesController->viewServiceDetails('822')
 7 SYSTEMPATH\CodeIgniter.php(502): CodeIgniter\CodeIgniter->runController(Object(App\Controllers\SalesController))
 8 SYSTEMPATH\CodeIgniter.php(361): CodeIgniter\CodeIgniter->handleRequest(null, Object(Config\Cache), false)
 9 FCPATH\index.php(79): CodeIgniter\CodeIgniter->run()
INFO - 2024-09-07 10:36:51 --> Session: Class initialized using 'CodeIgniter\Session\Handlers\FileHandler' driver.
WARNING - 2024-09-07 10:36:51 --> [DEPRECATED] trim(): Passing null to parameter #1 ($string) of type string is deprecated in APPPATH\Controllers\SalesController.php on line 156.
 1 APPPATH\Controllers\SalesController.php(156): trim(null)
 2 SYSTEMPATH\CodeIgniter.php(942): App\Controllers\SalesController->Sales_table()
 3 SYSTEMPATH\CodeIgniter.php(502): CodeIgniter\CodeIgniter->runController(Object(App\Controllers\SalesController))
 4 SYSTEMPATH\CodeIgniter.php(361): CodeIgniter\CodeIgniter->handleRequest(null, Object(Config\Cache), false)
 5 FCPATH\index.php(79): CodeIgniter\CodeIgniter->run()
INFO - 2024-09-07 10:45:10 --> Session: Class initialized using 'CodeIgniter\Session\Handlers\FileHandler' driver.
WARNING - 2024-09-07 10:45:10 --> [DEPRECATED] trim(): Passing null to parameter #1 ($string) of type string is deprecated in APPPATH\Controllers\SalesController.php on line 156.
 1 APPPATH\Controllers\SalesController.php(156): trim(null)
 2 SYSTEMPATH\CodeIgniter.php(942): App\Controllers\SalesController->Sales_table()
 3 SYSTEMPATH\CodeIgniter.php(502): CodeIgniter\CodeIgniter->runController(Object(App\Controllers\SalesController))
 4 SYSTEMPATH\CodeIgniter.php(361): CodeIgniter\CodeIgniter->handleRequest(null, Object(Config\Cache), false)
 5 FCPATH\index.php(79): CodeIgniter\CodeIgniter->run()
INFO - 2024-09-07 10:45:15 --> Session: Class initialized using 'CodeIgniter\Session\Handlers\FileHandler' driver.
INFO - 2024-09-07 10:45:38 --> Session: Class initialized using 'CodeIgniter\Session\Handlers\FileHandler' driver.
DEBUG - 2024-09-07 10:45:38 --> Updating inventory for item: 6631 with quantity: 1
INFO - 2024-09-07 10:45:52 --> Session: Class initialized using 'CodeIgniter\Session\Handlers\FileHandler' driver.
INFO - 2024-09-07 10:46:14 --> Session: Class initialized using 'CodeIgniter\Session\Handlers\FileHandler' driver.
INFO - 2024-09-07 10:46:19 --> Session: Class initialized using 'CodeIgniter\Session\Handlers\FileHandler' driver.
WARNING - 2024-09-07 10:46:19 --> [DEPRECATED] trim(): Passing null to parameter #1 ($string) of type string is deprecated in APPPATH\Controllers\SalesController.php on line 156.
 1 APPPATH\Controllers\SalesController.php(156): trim(null)
 2 SYSTEMPATH\CodeIgniter.php(942): App\Controllers\SalesController->Sales_table()
 3 SYSTEMPATH\CodeIgniter.php(502): CodeIgniter\CodeIgniter->runController(Object(App\Controllers\SalesController))
 4 SYSTEMPATH\CodeIgniter.php(361): CodeIgniter\CodeIgniter->handleRequest(null, Object(Config\Cache), false)
 5 FCPATH\index.php(79): CodeIgniter\CodeIgniter->run()
INFO - 2024-09-07 10:46:25 --> Session: Class initialized using 'CodeIgniter\Session\Handlers\FileHandler' driver.
INFO - 2024-09-07 10:48:30 --> Session: Class initialized using 'CodeIgniter\Session\Handlers\FileHandler' driver.
INFO - 2024-09-07 10:50:17 --> Session: Class initialized using 'CodeIgniter\Session\Handlers\FileHandler' driver.
INFO - 2024-09-07 10:52:01 --> Session: Class initialized using 'CodeIgniter\Session\Handlers\FileHandler' driver.
INFO - 2024-09-07 10:52:11 --> Session: Class initialized using 'CodeIgniter\Session\Handlers\FileHandler' driver.
INFO - 2024-09-07 10:56:19 --> Session: Class initialized using 'CodeIgniter\Session\Handlers\FileHandler' driver.
INFO - 2024-09-07 10:57:10 --> Session: Class initialized using 'CodeIgniter\Session\Handlers\FileHandler' driver.
INFO - 2024-09-07 11:00:50 --> Session: Class initialized using 'CodeIgniter\Session\Handlers\FileHandler' driver.
INFO - 2024-09-07 11:00:54 --> Session: Class initialized using 'CodeIgniter\Session\Handlers\FileHandler' driver.
INFO - 2024-09-07 11:00:54 --> Client ID: 1
INFO - 2024-09-07 11:00:56 --> Session: Class initialized using 'CodeIgniter\Session\Handlers\FileHandler' driver.
INFO - 2024-09-07 11:00:56 --> Client ID: 1
INFO - 2024-09-07 11:03:57 --> Session: Class initialized using 'CodeIgniter\Session\Handlers\FileHandler' driver.
INFO - 2024-09-07 11:05:07 --> Session: Class initialized using 'CodeIgniter\Session\Handlers\FileHandler' driver.
INFO - 2024-09-07 11:08:19 --> Session: Class initialized using 'CodeIgniter\Session\Handlers\FileHandler' driver.
CRITICAL - 2024-09-07 11:08:20 --> Undefined variable $totalAfterDiscount
in APPPATH\Views\test_details.php on line 95.
 1 APPPATH\Views\test_details.php(95): CodeIgniter\Debug\Exceptions->errorHandler(2, 'Undefined variable $totalAfterDiscount', 'C:\\xampp\\htdocs\\HMS_RegexByte\\app\\Views\\test_details.php', 95)
 2 SYSTEMPATH\View\View.php(228): include('C:\\xampp\\htdocs\\HMS_RegexByte\\app\\Views\\test_details.php')
 3 SYSTEMPATH\View\View.php(231): CodeIgniter\View\View->CodeIgniter\View\{closure}()
 4 SYSTEMPATH\Common.php(1190): CodeIgniter\View\View->render('test_details', [], true)
 5 APPPATH\Controllers\LabController.php(105): view('test_details', [...])
 6 SYSTEMPATH\CodeIgniter.php(942): App\Controllers\LabController->viewTestDetails('229')
 7 SYSTEMPATH\CodeIgniter.php(502): CodeIgniter\CodeIgniter->runController(Object(App\Controllers\LabController))
 8 SYSTEMPATH\CodeIgniter.php(361): CodeIgniter\CodeIgniter->handleRequest(null, Object(Config\Cache), false)
 9 FCPATH\index.php(79): CodeIgniter\CodeIgniter->run()
INFO - 2024-09-07 11:10:28 --> Session: Class initialized using 'CodeIgniter\Session\Handlers\FileHandler' driver.
INFO - 2024-09-07 11:11:20 --> Session: Class initialized using 'CodeIgniter\Session\Handlers\FileHandler' driver.
INFO - 2024-09-07 11:11:44 --> Session: Class initialized using 'CodeIgniter\Session\Handlers\FileHandler' driver.
