INFO - 2024-06-08 04:42:48 --> Session: Class initialized using 'CodeIgniter\Session\Handlers\FileHandler' driver.
INFO - 2024-06-08 04:43:28 --> Session: Class initialized using 'CodeIgniter\Session\Handlers\FileHandler' driver.
INFO - 2024-06-08 04:43:43 --> Session: Class initialized using 'CodeIgniter\Session\Handlers\FileHandler' driver.
INFO - 2024-06-08 04:50:19 --> Session: Class initialized using 'CodeIgniter\Session\Handlers\FileHandler' driver.
INFO - 2024-06-08 04:51:44 --> Session: Class initialized using 'CodeIgniter\Session\Handlers\FileHandler' driver.
INFO - 2024-06-08 05:06:02 --> Session: Class initialized using 'CodeIgniter\Session\Handlers\FileHandler' driver.
INFO - 2024-06-08 05:18:34 --> Session: Class initialized using 'CodeIgniter\Session\Handlers\FileHandler' driver.
INFO - 2024-06-08 05:18:43 --> Session: Class initialized using 'CodeIgniter\Session\Handlers\FileHandler' driver.
INFO - 2024-06-08 05:21:29 --> Session: Class initialized using 'CodeIgniter\Session\Handlers\FileHandler' driver.
INFO - 2024-06-08 05:21:36 --> Session: Class initialized using 'CodeIgniter\Session\Handlers\FileHandler' driver.
INFO - 2024-06-08 05:22:05 --> Session: Class initialized using 'CodeIgniter\Session\Handlers\FileHandler' driver.
INFO - 2024-06-08 05:22:07 --> Session: Class initialized using 'CodeIgniter\Session\Handlers\FileHandler' driver.
INFO - 2024-06-08 05:23:26 --> Session: Class initialized using 'CodeIgniter\Session\Handlers\FileHandler' driver.
INFO - 2024-06-08 05:23:28 --> Session: Class initialized using 'CodeIgniter\Session\Handlers\FileHandler' driver.
INFO - 2024-06-08 05:41:28 --> Session: Class initialized using 'CodeIgniter\Session\Handlers\FileHandler' driver.
INFO - 2024-06-08 05:41:40 --> Session: Class initialized using 'CodeIgniter\Session\Handlers\FileHandler' driver.
INFO - 2024-06-08 05:42:00 --> Session: Class initialized using 'CodeIgniter\Session\Handlers\FileHandler' driver.
INFO - 2024-06-08 05:44:47 --> Session: Class initialized using 'CodeIgniter\Session\Handlers\FileHandler' driver.
INFO - 2024-06-08 05:44:58 --> Session: Class initialized using 'CodeIgniter\Session\Handlers\FileHandler' driver.
INFO - 2024-06-08 05:45:48 --> Session: Class initialized using 'CodeIgniter\Session\Handlers\FileHandler' driver.
INFO - 2024-06-08 05:45:58 --> Session: Class initialized using 'CodeIgniter\Session\Handlers\FileHandler' driver.
INFO - 2024-06-08 05:46:02 --> Session: Class initialized using 'CodeIgniter\Session\Handlers\FileHandler' driver.
INFO - 2024-06-08 05:46:09 --> Session: Class initialized using 'CodeIgniter\Session\Handlers\FileHandler' driver.
INFO - 2024-06-08 05:46:19 --> Session: Class initialized using 'CodeIgniter\Session\Handlers\FileHandler' driver.
INFO - 2024-06-08 05:46:25 --> Session: Class initialized using 'CodeIgniter\Session\Handlers\FileHandler' driver.
INFO - 2024-06-08 05:53:11 --> Session: Class initialized using 'CodeIgniter\Session\Handlers\FileHandler' driver.
INFO - 2024-06-08 05:53:24 --> Session: Class initialized using 'CodeIgniter\Session\Handlers\FileHandler' driver.
INFO - 2024-06-08 06:06:21 --> Session: Class initialized using 'CodeIgniter\Session\Handlers\FileHandler' driver.
INFO - 2024-06-08 06:06:28 --> Session: Class initialized using 'CodeIgniter\Session\Handlers\FileHandler' driver.
INFO - 2024-06-08 06:06:43 --> Session: Class initialized using 'CodeIgniter\Session\Handlers\FileHandler' driver.
INFO - 2024-06-08 06:08:46 --> Session: Class initialized using 'CodeIgniter\Session\Handlers\FileHandler' driver.
INFO - 2024-06-08 06:15:20 --> Session: Class initialized using 'CodeIgniter\Session\Handlers\FileHandler' driver.
INFO - 2024-06-08 06:17:44 --> Session: Class initialized using 'CodeIgniter\Session\Handlers\FileHandler' driver.
INFO - 2024-06-08 06:18:05 --> Session: Class initialized using 'CodeIgniter\Session\Handlers\FileHandler' driver.
INFO - 2024-06-08 06:18:23 --> Session: Class initialized using 'CodeIgniter\Session\Handlers\FileHandler' driver.
INFO - 2024-06-08 06:24:21 --> Session: Class initialized using 'CodeIgniter\Session\Handlers\FileHandler' driver.
INFO - 2024-06-08 06:24:34 --> Session: Class initialized using 'CodeIgniter\Session\Handlers\FileHandler' driver.
CRITICAL - 2024-06-08 06:24:34 --> Cannot modify header information - headers already sent
in SYSTEMPATH\HTTP\ResponseTrait.php on line 774.
 1 [internal function]: CodeIgniter\Debug\Exceptions->errorHandler(2, 'Cannot modify header information - headers already sent', 'C:\\xampp\\htdocs\\HMS_RegexByte\\system\\HTTP\\ResponseTrait.php', 774)
 2 SYSTEMPATH\HTTP\ResponseTrait.php(774): setcookie('ci_session', 'q2gj0jl4akt7v653cu8146he9p4v2rt4', [...])
 3 SYSTEMPATH\HTTP\ResponseTrait.php(750): CodeIgniter\HTTP\Response->doSetCookie('ci_session', 'q2gj0jl4akt7v653cu8146he9p4v2rt4', [...])
 4 SYSTEMPATH\HTTP\ResponseTrait.php(730): CodeIgniter\HTTP\Response->dispatchCookies()
 5 SYSTEMPATH\HTTP\ResponseTrait.php(447): CodeIgniter\HTTP\Response->sendCookies()
 6 SYSTEMPATH\CodeIgniter.php(1112): CodeIgniter\HTTP\Response->send()
 7 SYSTEMPATH\CodeIgniter.php(381): CodeIgniter\CodeIgniter->sendResponse()
 8 FCPATH\index.php(79): CodeIgniter\CodeIgniter->run()
CRITICAL - 2024-06-08 06:24:34 --> Uncaught ErrorException: Cannot modify header information - headers already sent in C:\xampp\htdocs\HMS_RegexByte\system\HTTP\ResponseTrait.php:774
Stack trace:
#0 [internal function]: CodeIgniter\Debug\Exceptions->errorHandler(2, 'Cannot modify h...', 'C:\\xampp\\htdocs...', 774)
#1 C:\xampp\htdocs\HMS_RegexByte\system\HTTP\ResponseTrait.php(774): setcookie('ci_session', 'q2gj0jl4akt7v65...', Array)
#2 C:\xampp\htdocs\HMS_RegexByte\system\HTTP\ResponseTrait.php(750): CodeIgniter\HTTP\Response->doSetCookie('ci_session', 'q2gj0jl4akt7v65...', Array)
#3 C:\xampp\htdocs\HMS_RegexByte\system\HTTP\ResponseTrait.php(730): CodeIgniter\HTTP\Response->dispatchCookies()
#4 C:\xampp\htdocs\HMS_RegexByte\system\HTTP\ResponseTrait.php(447): CodeIgniter\HTTP\Response->sendCookies()
#5 C:\xampp\htdocs\HMS_RegexByte\system\Debug\ExceptionHandler.php(81): CodeIgniter\HTTP\Response->send()
#6 C:\xampp\htdocs\HMS_RegexByte\system\Debug\Exceptions.php(148): CodeIgniter\Debug\ExceptionHandler->handle(Object(ErrorException), Object(CodeIgniter\HTTP\IncomingRequest), Object(CodeIgniter\HTTP\Response), 500, 1)
#7 [internal function]: CodeIgniter\Debug\Exceptions->exceptionHandler(Object(ErrorException))
#8 {main}
  thrown
【Previous Exception】
ErrorException
Cannot modify header information - headers already sent
#0 [internal function]: CodeIgniter\Debug\Exceptions->errorHandler(2, 'Cannot modify h...', 'C:\\xampp\\htdocs...', 774)
#1 C:\xampp\htdocs\HMS_RegexByte\system\HTTP\ResponseTrait.php(774): setcookie('ci_session', 'q2gj0jl4akt7v65...', Array)
#2 C:\xampp\htdocs\HMS_RegexByte\system\HTTP\ResponseTrait.php(750): CodeIgniter\HTTP\Response->doSetCookie('ci_session', 'q2gj0jl4akt7v65...', Array)
#3 C:\xampp\htdocs\HMS_RegexByte\system\HTTP\ResponseTrait.php(730): CodeIgniter\HTTP\Response->dispatchCookies()
#4 C:\xampp\htdocs\HMS_RegexByte\system\HTTP\ResponseTrait.php(447): CodeIgniter\HTTP\Response->sendCookies()
#5 C:\xampp\htdocs\HMS_RegexByte\system\CodeIgniter.php(1112): CodeIgniter\HTTP\Response->send()
#6 C:\xampp\htdocs\HMS_RegexByte\system\CodeIgniter.php(381): CodeIgniter\CodeIgniter->sendResponse()
#7 C:\xampp\htdocs\HMS_RegexByte\index.php(79): CodeIgniter\CodeIgniter->run()
#8 {main}
in SYSTEMPATH\HTTP\ResponseTrait.php on line 774.
 1 [internal function]: CodeIgniter\Debug\Exceptions->shutdownHandler()
INFO - 2024-06-08 06:25:05 --> Session: Class initialized using 'CodeIgniter\Session\Handlers\FileHandler' driver.
INFO - 2024-06-08 06:25:17 --> Session: Class initialized using 'CodeIgniter\Session\Handlers\FileHandler' driver.
CRITICAL - 2024-06-08 06:25:18 --> Cannot modify header information - headers already sent
in SYSTEMPATH\HTTP\ResponseTrait.php on line 774.
 1 [internal function]: CodeIgniter\Debug\Exceptions->errorHandler(2, 'Cannot modify header information - headers already sent', 'C:\\xampp\\htdocs\\HMS_RegexByte\\system\\HTTP\\ResponseTrait.php', 774)
 2 SYSTEMPATH\HTTP\ResponseTrait.php(774): setcookie('ci_session', 'q2gj0jl4akt7v653cu8146he9p4v2rt4', [...])
 3 SYSTEMPATH\HTTP\ResponseTrait.php(750): CodeIgniter\HTTP\Response->doSetCookie('ci_session', 'q2gj0jl4akt7v653cu8146he9p4v2rt4', [...])
 4 SYSTEMPATH\HTTP\ResponseTrait.php(730): CodeIgniter\HTTP\Response->dispatchCookies()
 5 SYSTEMPATH\HTTP\ResponseTrait.php(447): CodeIgniter\HTTP\Response->sendCookies()
 6 SYSTEMPATH\CodeIgniter.php(1112): CodeIgniter\HTTP\Response->send()
 7 SYSTEMPATH\CodeIgniter.php(381): CodeIgniter\CodeIgniter->sendResponse()
 8 FCPATH\index.php(79): CodeIgniter\CodeIgniter->run()
CRITICAL - 2024-06-08 06:25:18 --> Uncaught ErrorException: Cannot modify header information - headers already sent in C:\xampp\htdocs\HMS_RegexByte\system\HTTP\ResponseTrait.php:774
Stack trace:
#0 [internal function]: CodeIgniter\Debug\Exceptions->errorHandler(2, 'Cannot modify h...', 'C:\\xampp\\htdocs...', 774)
#1 C:\xampp\htdocs\HMS_RegexByte\system\HTTP\ResponseTrait.php(774): setcookie('ci_session', 'q2gj0jl4akt7v65...', Array)
#2 C:\xampp\htdocs\HMS_RegexByte\system\HTTP\ResponseTrait.php(750): CodeIgniter\HTTP\Response->doSetCookie('ci_session', 'q2gj0jl4akt7v65...', Array)
#3 C:\xampp\htdocs\HMS_RegexByte\system\HTTP\ResponseTrait.php(730): CodeIgniter\HTTP\Response->dispatchCookies()
#4 C:\xampp\htdocs\HMS_RegexByte\system\HTTP\ResponseTrait.php(447): CodeIgniter\HTTP\Response->sendCookies()
#5 C:\xampp\htdocs\HMS_RegexByte\system\Debug\ExceptionHandler.php(81): CodeIgniter\HTTP\Response->send()
#6 C:\xampp\htdocs\HMS_RegexByte\system\Debug\Exceptions.php(148): CodeIgniter\Debug\ExceptionHandler->handle(Object(ErrorException), Object(CodeIgniter\HTTP\IncomingRequest), Object(CodeIgniter\HTTP\Response), 500, 1)
#7 [internal function]: CodeIgniter\Debug\Exceptions->exceptionHandler(Object(ErrorException))
#8 {main}
  thrown
【Previous Exception】
ErrorException
Cannot modify header information - headers already sent
#0 [internal function]: CodeIgniter\Debug\Exceptions->errorHandler(2, 'Cannot modify h...', 'C:\\xampp\\htdocs...', 774)
#1 C:\xampp\htdocs\HMS_RegexByte\system\HTTP\ResponseTrait.php(774): setcookie('ci_session', 'q2gj0jl4akt7v65...', Array)
#2 C:\xampp\htdocs\HMS_RegexByte\system\HTTP\ResponseTrait.php(750): CodeIgniter\HTTP\Response->doSetCookie('ci_session', 'q2gj0jl4akt7v65...', Array)
#3 C:\xampp\htdocs\HMS_RegexByte\system\HTTP\ResponseTrait.php(730): CodeIgniter\HTTP\Response->dispatchCookies()
#4 C:\xampp\htdocs\HMS_RegexByte\system\HTTP\ResponseTrait.php(447): CodeIgniter\HTTP\Response->sendCookies()
#5 C:\xampp\htdocs\HMS_RegexByte\system\CodeIgniter.php(1112): CodeIgniter\HTTP\Response->send()
#6 C:\xampp\htdocs\HMS_RegexByte\system\CodeIgniter.php(381): CodeIgniter\CodeIgniter->sendResponse()
#7 C:\xampp\htdocs\HMS_RegexByte\index.php(79): CodeIgniter\CodeIgniter->run()
#8 {main}
in SYSTEMPATH\HTTP\ResponseTrait.php on line 774.
 1 [internal function]: CodeIgniter\Debug\Exceptions->shutdownHandler()
INFO - 2024-06-08 06:25:24 --> Session: Class initialized using 'CodeIgniter\Session\Handlers\FileHandler' driver.
INFO - 2024-06-08 06:29:15 --> Session: Class initialized using 'CodeIgniter\Session\Handlers\FileHandler' driver.
INFO - 2024-06-08 06:29:27 --> Session: Class initialized using 'CodeIgniter\Session\Handlers\FileHandler' driver.
CRITICAL - 2024-06-08 06:29:28 --> Cannot modify header information - headers already sent
in SYSTEMPATH\HTTP\ResponseTrait.php on line 774.
 1 [internal function]: CodeIgniter\Debug\Exceptions->errorHandler(2, 'Cannot modify header information - headers already sent', 'C:\\xampp\\htdocs\\HMS_RegexByte\\system\\HTTP\\ResponseTrait.php', 774)
 2 SYSTEMPATH\HTTP\ResponseTrait.php(774): setcookie('ci_session', 'q2gj0jl4akt7v653cu8146he9p4v2rt4', [...])
 3 SYSTEMPATH\HTTP\ResponseTrait.php(750): CodeIgniter\HTTP\Response->doSetCookie('ci_session', 'q2gj0jl4akt7v653cu8146he9p4v2rt4', [...])
 4 SYSTEMPATH\HTTP\ResponseTrait.php(730): CodeIgniter\HTTP\Response->dispatchCookies()
 5 SYSTEMPATH\HTTP\ResponseTrait.php(447): CodeIgniter\HTTP\Response->sendCookies()
 6 SYSTEMPATH\CodeIgniter.php(1112): CodeIgniter\HTTP\Response->send()
 7 SYSTEMPATH\CodeIgniter.php(381): CodeIgniter\CodeIgniter->sendResponse()
 8 FCPATH\index.php(79): CodeIgniter\CodeIgniter->run()
CRITICAL - 2024-06-08 06:29:28 --> Uncaught ErrorException: Cannot modify header information - headers already sent in C:\xampp\htdocs\HMS_RegexByte\system\HTTP\ResponseTrait.php:774
Stack trace:
#0 [internal function]: CodeIgniter\Debug\Exceptions->errorHandler(2, 'Cannot modify h...', 'C:\\xampp\\htdocs...', 774)
#1 C:\xampp\htdocs\HMS_RegexByte\system\HTTP\ResponseTrait.php(774): setcookie('ci_session', 'q2gj0jl4akt7v65...', Array)
#2 C:\xampp\htdocs\HMS_RegexByte\system\HTTP\ResponseTrait.php(750): CodeIgniter\HTTP\Response->doSetCookie('ci_session', 'q2gj0jl4akt7v65...', Array)
#3 C:\xampp\htdocs\HMS_RegexByte\system\HTTP\ResponseTrait.php(730): CodeIgniter\HTTP\Response->dispatchCookies()
#4 C:\xampp\htdocs\HMS_RegexByte\system\HTTP\ResponseTrait.php(447): CodeIgniter\HTTP\Response->sendCookies()
#5 C:\xampp\htdocs\HMS_RegexByte\system\Debug\ExceptionHandler.php(81): CodeIgniter\HTTP\Response->send()
#6 C:\xampp\htdocs\HMS_RegexByte\system\Debug\Exceptions.php(148): CodeIgniter\Debug\ExceptionHandler->handle(Object(ErrorException), Object(CodeIgniter\HTTP\IncomingRequest), Object(CodeIgniter\HTTP\Response), 500, 1)
#7 [internal function]: CodeIgniter\Debug\Exceptions->exceptionHandler(Object(ErrorException))
#8 {main}
  thrown
【Previous Exception】
ErrorException
Cannot modify header information - headers already sent
#0 [internal function]: CodeIgniter\Debug\Exceptions->errorHandler(2, 'Cannot modify h...', 'C:\\xampp\\htdocs...', 774)
#1 C:\xampp\htdocs\HMS_RegexByte\system\HTTP\ResponseTrait.php(774): setcookie('ci_session', 'q2gj0jl4akt7v65...', Array)
#2 C:\xampp\htdocs\HMS_RegexByte\system\HTTP\ResponseTrait.php(750): CodeIgniter\HTTP\Response->doSetCookie('ci_session', 'q2gj0jl4akt7v65...', Array)
#3 C:\xampp\htdocs\HMS_RegexByte\system\HTTP\ResponseTrait.php(730): CodeIgniter\HTTP\Response->dispatchCookies()
#4 C:\xampp\htdocs\HMS_RegexByte\system\HTTP\ResponseTrait.php(447): CodeIgniter\HTTP\Response->sendCookies()
#5 C:\xampp\htdocs\HMS_RegexByte\system\CodeIgniter.php(1112): CodeIgniter\HTTP\Response->send()
#6 C:\xampp\htdocs\HMS_RegexByte\system\CodeIgniter.php(381): CodeIgniter\CodeIgniter->sendResponse()
#7 C:\xampp\htdocs\HMS_RegexByte\index.php(79): CodeIgniter\CodeIgniter->run()
#8 {main}
in SYSTEMPATH\HTTP\ResponseTrait.php on line 774.
 1 [internal function]: CodeIgniter\Debug\Exceptions->shutdownHandler()
INFO - 2024-06-08 06:29:47 --> Session: Class initialized using 'CodeIgniter\Session\Handlers\FileHandler' driver.
INFO - 2024-06-08 06:30:00 --> Session: Class initialized using 'CodeIgniter\Session\Handlers\FileHandler' driver.
CRITICAL - 2024-06-08 06:30:01 --> Cannot modify header information - headers already sent
in SYSTEMPATH\HTTP\ResponseTrait.php on line 774.
 1 [internal function]: CodeIgniter\Debug\Exceptions->errorHandler(2, 'Cannot modify header information - headers already sent', 'C:\\xampp\\htdocs\\HMS_RegexByte\\system\\HTTP\\ResponseTrait.php', 774)
 2 SYSTEMPATH\HTTP\ResponseTrait.php(774): setcookie('ci_session', 'p65abd0nrddm91d96n52tu9ksncdkudp', [...])
 3 SYSTEMPATH\HTTP\ResponseTrait.php(750): CodeIgniter\HTTP\Response->doSetCookie('ci_session', 'p65abd0nrddm91d96n52tu9ksncdkudp', [...])
 4 SYSTEMPATH\HTTP\ResponseTrait.php(730): CodeIgniter\HTTP\Response->dispatchCookies()
 5 SYSTEMPATH\HTTP\ResponseTrait.php(447): CodeIgniter\HTTP\Response->sendCookies()
 6 SYSTEMPATH\CodeIgniter.php(1112): CodeIgniter\HTTP\Response->send()
 7 SYSTEMPATH\CodeIgniter.php(381): CodeIgniter\CodeIgniter->sendResponse()
 8 FCPATH\index.php(79): CodeIgniter\CodeIgniter->run()
CRITICAL - 2024-06-08 06:30:02 --> Uncaught ErrorException: Cannot modify header information - headers already sent in C:\xampp\htdocs\HMS_RegexByte\system\HTTP\ResponseTrait.php:774
Stack trace:
#0 [internal function]: CodeIgniter\Debug\Exceptions->errorHandler(2, 'Cannot modify h...', 'C:\\xampp\\htdocs...', 774)
#1 C:\xampp\htdocs\HMS_RegexByte\system\HTTP\ResponseTrait.php(774): setcookie('ci_session', 'p65abd0nrddm91d...', Array)
#2 C:\xampp\htdocs\HMS_RegexByte\system\HTTP\ResponseTrait.php(750): CodeIgniter\HTTP\Response->doSetCookie('ci_session', 'p65abd0nrddm91d...', Array)
#3 C:\xampp\htdocs\HMS_RegexByte\system\HTTP\ResponseTrait.php(730): CodeIgniter\HTTP\Response->dispatchCookies()
#4 C:\xampp\htdocs\HMS_RegexByte\system\HTTP\ResponseTrait.php(447): CodeIgniter\HTTP\Response->sendCookies()
#5 C:\xampp\htdocs\HMS_RegexByte\system\Debug\ExceptionHandler.php(81): CodeIgniter\HTTP\Response->send()
#6 C:\xampp\htdocs\HMS_RegexByte\system\Debug\Exceptions.php(148): CodeIgniter\Debug\ExceptionHandler->handle(Object(ErrorException), Object(CodeIgniter\HTTP\IncomingRequest), Object(CodeIgniter\HTTP\Response), 500, 1)
#7 [internal function]: CodeIgniter\Debug\Exceptions->exceptionHandler(Object(ErrorException))
#8 {main}
  thrown
【Previous Exception】
ErrorException
Cannot modify header information - headers already sent
#0 [internal function]: CodeIgniter\Debug\Exceptions->errorHandler(2, 'Cannot modify h...', 'C:\\xampp\\htdocs...', 774)
#1 C:\xampp\htdocs\HMS_RegexByte\system\HTTP\ResponseTrait.php(774): setcookie('ci_session', 'p65abd0nrddm91d...', Array)
#2 C:\xampp\htdocs\HMS_RegexByte\system\HTTP\ResponseTrait.php(750): CodeIgniter\HTTP\Response->doSetCookie('ci_session', 'p65abd0nrddm91d...', Array)
#3 C:\xampp\htdocs\HMS_RegexByte\system\HTTP\ResponseTrait.php(730): CodeIgniter\HTTP\Response->dispatchCookies()
#4 C:\xampp\htdocs\HMS_RegexByte\system\HTTP\ResponseTrait.php(447): CodeIgniter\HTTP\Response->sendCookies()
#5 C:\xampp\htdocs\HMS_RegexByte\system\CodeIgniter.php(1112): CodeIgniter\HTTP\Response->send()
#6 C:\xampp\htdocs\HMS_RegexByte\system\CodeIgniter.php(381): CodeIgniter\CodeIgniter->sendResponse()
#7 C:\xampp\htdocs\HMS_RegexByte\index.php(79): CodeIgniter\CodeIgniter->run()
#8 {main}
in SYSTEMPATH\HTTP\ResponseTrait.php on line 774.
 1 [internal function]: CodeIgniter\Debug\Exceptions->shutdownHandler()
INFO - 2024-06-08 06:41:10 --> Session: Class initialized using 'CodeIgniter\Session\Handlers\FileHandler' driver.
INFO - 2024-06-08 06:41:26 --> Session: Class initialized using 'CodeIgniter\Session\Handlers\FileHandler' driver.
CRITICAL - 2024-06-08 06:41:27 --> Cannot modify header information - headers already sent
in SYSTEMPATH\HTTP\ResponseTrait.php on line 774.
 1 [internal function]: CodeIgniter\Debug\Exceptions->errorHandler(2, 'Cannot modify header information - headers already sent', 'C:\\xampp\\htdocs\\HMS_RegexByte\\system\\HTTP\\ResponseTrait.php', 774)
 2 SYSTEMPATH\HTTP\ResponseTrait.php(774): setcookie('ci_session', '82199v55bgpijsqhong1apjgfbfdbq93', [...])
 3 SYSTEMPATH\HTTP\ResponseTrait.php(750): CodeIgniter\HTTP\Response->doSetCookie('ci_session', '82199v55bgpijsqhong1apjgfbfdbq93', [...])
 4 SYSTEMPATH\HTTP\ResponseTrait.php(730): CodeIgniter\HTTP\Response->dispatchCookies()
 5 SYSTEMPATH\HTTP\ResponseTrait.php(447): CodeIgniter\HTTP\Response->sendCookies()
 6 SYSTEMPATH\CodeIgniter.php(1112): CodeIgniter\HTTP\Response->send()
 7 SYSTEMPATH\CodeIgniter.php(381): CodeIgniter\CodeIgniter->sendResponse()
 8 FCPATH\index.php(79): CodeIgniter\CodeIgniter->run()
CRITICAL - 2024-06-08 06:41:27 --> Uncaught ErrorException: Cannot modify header information - headers already sent in C:\xampp\htdocs\HMS_RegexByte\system\HTTP\ResponseTrait.php:774
Stack trace:
#0 [internal function]: CodeIgniter\Debug\Exceptions->errorHandler(2, 'Cannot modify h...', 'C:\\xampp\\htdocs...', 774)
#1 C:\xampp\htdocs\HMS_RegexByte\system\HTTP\ResponseTrait.php(774): setcookie('ci_session', '82199v55bgpijsq...', Array)
#2 C:\xampp\htdocs\HMS_RegexByte\system\HTTP\ResponseTrait.php(750): CodeIgniter\HTTP\Response->doSetCookie('ci_session', '82199v55bgpijsq...', Array)
#3 C:\xampp\htdocs\HMS_RegexByte\system\HTTP\ResponseTrait.php(730): CodeIgniter\HTTP\Response->dispatchCookies()
#4 C:\xampp\htdocs\HMS_RegexByte\system\HTTP\ResponseTrait.php(447): CodeIgniter\HTTP\Response->sendCookies()
#5 C:\xampp\htdocs\HMS_RegexByte\system\Debug\ExceptionHandler.php(81): CodeIgniter\HTTP\Response->send()
#6 C:\xampp\htdocs\HMS_RegexByte\system\Debug\Exceptions.php(148): CodeIgniter\Debug\ExceptionHandler->handle(Object(ErrorException), Object(CodeIgniter\HTTP\IncomingRequest), Object(CodeIgniter\HTTP\Response), 500, 1)
#7 [internal function]: CodeIgniter\Debug\Exceptions->exceptionHandler(Object(ErrorException))
#8 {main}
  thrown
【Previous Exception】
ErrorException
Cannot modify header information - headers already sent
#0 [internal function]: CodeIgniter\Debug\Exceptions->errorHandler(2, 'Cannot modify h...', 'C:\\xampp\\htdocs...', 774)
#1 C:\xampp\htdocs\HMS_RegexByte\system\HTTP\ResponseTrait.php(774): setcookie('ci_session', '82199v55bgpijsq...', Array)
#2 C:\xampp\htdocs\HMS_RegexByte\system\HTTP\ResponseTrait.php(750): CodeIgniter\HTTP\Response->doSetCookie('ci_session', '82199v55bgpijsq...', Array)
#3 C:\xampp\htdocs\HMS_RegexByte\system\HTTP\ResponseTrait.php(730): CodeIgniter\HTTP\Response->dispatchCookies()
#4 C:\xampp\htdocs\HMS_RegexByte\system\HTTP\ResponseTrait.php(447): CodeIgniter\HTTP\Response->sendCookies()
#5 C:\xampp\htdocs\HMS_RegexByte\system\CodeIgniter.php(1112): CodeIgniter\HTTP\Response->send()
#6 C:\xampp\htdocs\HMS_RegexByte\system\CodeIgniter.php(381): CodeIgniter\CodeIgniter->sendResponse()
#7 C:\xampp\htdocs\HMS_RegexByte\index.php(79): CodeIgniter\CodeIgniter->run()
#8 {main}
in SYSTEMPATH\HTTP\ResponseTrait.php on line 774.
 1 [internal function]: CodeIgniter\Debug\Exceptions->shutdownHandler()
INFO - 2024-06-08 06:41:43 --> Session: Class initialized using 'CodeIgniter\Session\Handlers\FileHandler' driver.
INFO - 2024-06-08 06:42:19 --> Session: Class initialized using 'CodeIgniter\Session\Handlers\FileHandler' driver.
CRITICAL - 2024-06-08 06:42:20 --> Cannot modify header information - headers already sent
in SYSTEMPATH\HTTP\ResponseTrait.php on line 774.
 1 [internal function]: CodeIgniter\Debug\Exceptions->errorHandler(2, 'Cannot modify header information - headers already sent', 'C:\\xampp\\htdocs\\HMS_RegexByte\\system\\HTTP\\ResponseTrait.php', 774)
 2 SYSTEMPATH\HTTP\ResponseTrait.php(774): setcookie('ci_session', '82199v55bgpijsqhong1apjgfbfdbq93', [...])
 3 SYSTEMPATH\HTTP\ResponseTrait.php(750): CodeIgniter\HTTP\Response->doSetCookie('ci_session', '82199v55bgpijsqhong1apjgfbfdbq93', [...])
 4 SYSTEMPATH\HTTP\ResponseTrait.php(730): CodeIgniter\HTTP\Response->dispatchCookies()
 5 SYSTEMPATH\HTTP\ResponseTrait.php(447): CodeIgniter\HTTP\Response->sendCookies()
 6 SYSTEMPATH\CodeIgniter.php(1112): CodeIgniter\HTTP\Response->send()
 7 SYSTEMPATH\CodeIgniter.php(381): CodeIgniter\CodeIgniter->sendResponse()
 8 FCPATH\index.php(79): CodeIgniter\CodeIgniter->run()
CRITICAL - 2024-06-08 06:42:20 --> Uncaught ErrorException: Cannot modify header information - headers already sent in C:\xampp\htdocs\HMS_RegexByte\system\HTTP\ResponseTrait.php:774
Stack trace:
#0 [internal function]: CodeIgniter\Debug\Exceptions->errorHandler(2, 'Cannot modify h...', 'C:\\xampp\\htdocs...', 774)
#1 C:\xampp\htdocs\HMS_RegexByte\system\HTTP\ResponseTrait.php(774): setcookie('ci_session', '82199v55bgpijsq...', Array)
#2 C:\xampp\htdocs\HMS_RegexByte\system\HTTP\ResponseTrait.php(750): CodeIgniter\HTTP\Response->doSetCookie('ci_session', '82199v55bgpijsq...', Array)
#3 C:\xampp\htdocs\HMS_RegexByte\system\HTTP\ResponseTrait.php(730): CodeIgniter\HTTP\Response->dispatchCookies()
#4 C:\xampp\htdocs\HMS_RegexByte\system\HTTP\ResponseTrait.php(447): CodeIgniter\HTTP\Response->sendCookies()
#5 C:\xampp\htdocs\HMS_RegexByte\system\Debug\ExceptionHandler.php(81): CodeIgniter\HTTP\Response->send()
#6 C:\xampp\htdocs\HMS_RegexByte\system\Debug\Exceptions.php(148): CodeIgniter\Debug\ExceptionHandler->handle(Object(ErrorException), Object(CodeIgniter\HTTP\IncomingRequest), Object(CodeIgniter\HTTP\Response), 500, 1)
#7 [internal function]: CodeIgniter\Debug\Exceptions->exceptionHandler(Object(ErrorException))
#8 {main}
  thrown
【Previous Exception】
ErrorException
Cannot modify header information - headers already sent
#0 [internal function]: CodeIgniter\Debug\Exceptions->errorHandler(2, 'Cannot modify h...', 'C:\\xampp\\htdocs...', 774)
#1 C:\xampp\htdocs\HMS_RegexByte\system\HTTP\ResponseTrait.php(774): setcookie('ci_session', '82199v55bgpijsq...', Array)
#2 C:\xampp\htdocs\HMS_RegexByte\system\HTTP\ResponseTrait.php(750): CodeIgniter\HTTP\Response->doSetCookie('ci_session', '82199v55bgpijsq...', Array)
#3 C:\xampp\htdocs\HMS_RegexByte\system\HTTP\ResponseTrait.php(730): CodeIgniter\HTTP\Response->dispatchCookies()
#4 C:\xampp\htdocs\HMS_RegexByte\system\HTTP\ResponseTrait.php(447): CodeIgniter\HTTP\Response->sendCookies()
#5 C:\xampp\htdocs\HMS_RegexByte\system\CodeIgniter.php(1112): CodeIgniter\HTTP\Response->send()
#6 C:\xampp\htdocs\HMS_RegexByte\system\CodeIgniter.php(381): CodeIgniter\CodeIgniter->sendResponse()
#7 C:\xampp\htdocs\HMS_RegexByte\index.php(79): CodeIgniter\CodeIgniter->run()
#8 {main}
in SYSTEMPATH\HTTP\ResponseTrait.php on line 774.
 1 [internal function]: CodeIgniter\Debug\Exceptions->shutdownHandler()
INFO - 2024-06-08 06:42:30 --> Session: Class initialized using 'CodeIgniter\Session\Handlers\FileHandler' driver.
INFO - 2024-06-08 06:49:11 --> Session: Class initialized using 'CodeIgniter\Session\Handlers\FileHandler' driver.
INFO - 2024-06-08 06:49:25 --> Session: Class initialized using 'CodeIgniter\Session\Handlers\FileHandler' driver.
INFO - 2024-06-08 06:49:54 --> Session: Class initialized using 'CodeIgniter\Session\Handlers\FileHandler' driver.
INFO - 2024-06-08 06:51:11 --> Session: Class initialized using 'CodeIgniter\Session\Handlers\FileHandler' driver.
INFO - 2024-06-08 06:52:24 --> Session: Class initialized using 'CodeIgniter\Session\Handlers\FileHandler' driver.
INFO - 2024-06-08 06:52:41 --> Session: Class initialized using 'CodeIgniter\Session\Handlers\FileHandler' driver.
INFO - 2024-06-08 06:55:20 --> Session: Class initialized using 'CodeIgniter\Session\Handlers\FileHandler' driver.
INFO - 2024-06-08 06:55:35 --> Session: Class initialized using 'CodeIgniter\Session\Handlers\FileHandler' driver.
CRITICAL - 2024-06-08 06:55:36 --> Cannot modify header information - headers already sent
in SYSTEMPATH\HTTP\ResponseTrait.php on line 774.
 1 [internal function]: CodeIgniter\Debug\Exceptions->errorHandler(2, 'Cannot modify header information - headers already sent', 'C:\\xampp\\htdocs\\HMS_RegexByte\\system\\HTTP\\ResponseTrait.php', 774)
 2 SYSTEMPATH\HTTP\ResponseTrait.php(774): setcookie('ci_session', '9n2nrmsarr6fbcatrc7qtlqmq8tm4c95', [...])
 3 SYSTEMPATH\HTTP\ResponseTrait.php(750): CodeIgniter\HTTP\Response->doSetCookie('ci_session', '9n2nrmsarr6fbcatrc7qtlqmq8tm4c95', [...])
 4 SYSTEMPATH\HTTP\ResponseTrait.php(730): CodeIgniter\HTTP\Response->dispatchCookies()
 5 SYSTEMPATH\HTTP\ResponseTrait.php(447): CodeIgniter\HTTP\Response->sendCookies()
 6 SYSTEMPATH\CodeIgniter.php(1112): CodeIgniter\HTTP\Response->send()
 7 SYSTEMPATH\CodeIgniter.php(381): CodeIgniter\CodeIgniter->sendResponse()
 8 FCPATH\index.php(79): CodeIgniter\CodeIgniter->run()
CRITICAL - 2024-06-08 06:55:36 --> Uncaught ErrorException: Cannot modify header information - headers already sent in C:\xampp\htdocs\HMS_RegexByte\system\HTTP\ResponseTrait.php:774
Stack trace:
#0 [internal function]: CodeIgniter\Debug\Exceptions->errorHandler(2, 'Cannot modify h...', 'C:\\xampp\\htdocs...', 774)
#1 C:\xampp\htdocs\HMS_RegexByte\system\HTTP\ResponseTrait.php(774): setcookie('ci_session', '9n2nrmsarr6fbca...', Array)
#2 C:\xampp\htdocs\HMS_RegexByte\system\HTTP\ResponseTrait.php(750): CodeIgniter\HTTP\Response->doSetCookie('ci_session', '9n2nrmsarr6fbca...', Array)
#3 C:\xampp\htdocs\HMS_RegexByte\system\HTTP\ResponseTrait.php(730): CodeIgniter\HTTP\Response->dispatchCookies()
#4 C:\xampp\htdocs\HMS_RegexByte\system\HTTP\ResponseTrait.php(447): CodeIgniter\HTTP\Response->sendCookies()
#5 C:\xampp\htdocs\HMS_RegexByte\system\Debug\ExceptionHandler.php(81): CodeIgniter\HTTP\Response->send()
#6 C:\xampp\htdocs\HMS_RegexByte\system\Debug\Exceptions.php(148): CodeIgniter\Debug\ExceptionHandler->handle(Object(ErrorException), Object(CodeIgniter\HTTP\IncomingRequest), Object(CodeIgniter\HTTP\Response), 500, 1)
#7 [internal function]: CodeIgniter\Debug\Exceptions->exceptionHandler(Object(ErrorException))
#8 {main}
  thrown
【Previous Exception】
ErrorException
Cannot modify header information - headers already sent
#0 [internal function]: CodeIgniter\Debug\Exceptions->errorHandler(2, 'Cannot modify h...', 'C:\\xampp\\htdocs...', 774)
#1 C:\xampp\htdocs\HMS_RegexByte\system\HTTP\ResponseTrait.php(774): setcookie('ci_session', '9n2nrmsarr6fbca...', Array)
#2 C:\xampp\htdocs\HMS_RegexByte\system\HTTP\ResponseTrait.php(750): CodeIgniter\HTTP\Response->doSetCookie('ci_session', '9n2nrmsarr6fbca...', Array)
#3 C:\xampp\htdocs\HMS_RegexByte\system\HTTP\ResponseTrait.php(730): CodeIgniter\HTTP\Response->dispatchCookies()
#4 C:\xampp\htdocs\HMS_RegexByte\system\HTTP\ResponseTrait.php(447): CodeIgniter\HTTP\Response->sendCookies()
#5 C:\xampp\htdocs\HMS_RegexByte\system\CodeIgniter.php(1112): CodeIgniter\HTTP\Response->send()
#6 C:\xampp\htdocs\HMS_RegexByte\system\CodeIgniter.php(381): CodeIgniter\CodeIgniter->sendResponse()
#7 C:\xampp\htdocs\HMS_RegexByte\index.php(79): CodeIgniter\CodeIgniter->run()
#8 {main}
in SYSTEMPATH\HTTP\ResponseTrait.php on line 774.
 1 [internal function]: CodeIgniter\Debug\Exceptions->shutdownHandler()
INFO - 2024-06-08 07:04:37 --> Session: Class initialized using 'CodeIgniter\Session\Handlers\FileHandler' driver.
INFO - 2024-06-08 07:04:59 --> Session: Class initialized using 'CodeIgniter\Session\Handlers\FileHandler' driver.
CRITICAL - 2024-06-08 07:04:59 --> Cannot modify header information - headers already sent
in SYSTEMPATH\HTTP\ResponseTrait.php on line 774.
 1 [internal function]: CodeIgniter\Debug\Exceptions->errorHandler(2, 'Cannot modify header information - headers already sent', 'C:\\xampp\\htdocs\\HMS_RegexByte\\system\\HTTP\\ResponseTrait.php', 774)
 2 SYSTEMPATH\HTTP\ResponseTrait.php(774): setcookie('ci_session', '56me6f6sh6v2eq3fujr2ukj5bnprvb0m', [...])
 3 SYSTEMPATH\HTTP\ResponseTrait.php(750): CodeIgniter\HTTP\Response->doSetCookie('ci_session', '56me6f6sh6v2eq3fujr2ukj5bnprvb0m', [...])
 4 SYSTEMPATH\HTTP\ResponseTrait.php(730): CodeIgniter\HTTP\Response->dispatchCookies()
 5 SYSTEMPATH\HTTP\ResponseTrait.php(447): CodeIgniter\HTTP\Response->sendCookies()
 6 SYSTEMPATH\CodeIgniter.php(1112): CodeIgniter\HTTP\Response->send()
 7 SYSTEMPATH\CodeIgniter.php(381): CodeIgniter\CodeIgniter->sendResponse()
 8 FCPATH\index.php(79): CodeIgniter\CodeIgniter->run()
CRITICAL - 2024-06-08 07:05:00 --> Uncaught ErrorException: Cannot modify header information - headers already sent in C:\xampp\htdocs\HMS_RegexByte\system\HTTP\ResponseTrait.php:774
Stack trace:
#0 [internal function]: CodeIgniter\Debug\Exceptions->errorHandler(2, 'Cannot modify h...', 'C:\\xampp\\htdocs...', 774)
#1 C:\xampp\htdocs\HMS_RegexByte\system\HTTP\ResponseTrait.php(774): setcookie('ci_session', '56me6f6sh6v2eq3...', Array)
#2 C:\xampp\htdocs\HMS_RegexByte\system\HTTP\ResponseTrait.php(750): CodeIgniter\HTTP\Response->doSetCookie('ci_session', '56me6f6sh6v2eq3...', Array)
#3 C:\xampp\htdocs\HMS_RegexByte\system\HTTP\ResponseTrait.php(730): CodeIgniter\HTTP\Response->dispatchCookies()
#4 C:\xampp\htdocs\HMS_RegexByte\system\HTTP\ResponseTrait.php(447): CodeIgniter\HTTP\Response->sendCookies()
#5 C:\xampp\htdocs\HMS_RegexByte\system\Debug\ExceptionHandler.php(81): CodeIgniter\HTTP\Response->send()
#6 C:\xampp\htdocs\HMS_RegexByte\system\Debug\Exceptions.php(148): CodeIgniter\Debug\ExceptionHandler->handle(Object(ErrorException), Object(CodeIgniter\HTTP\IncomingRequest), Object(CodeIgniter\HTTP\Response), 500, 1)
#7 [internal function]: CodeIgniter\Debug\Exceptions->exceptionHandler(Object(ErrorException))
#8 {main}
  thrown
【Previous Exception】
ErrorException
Cannot modify header information - headers already sent
#0 [internal function]: CodeIgniter\Debug\Exceptions->errorHandler(2, 'Cannot modify h...', 'C:\\xampp\\htdocs...', 774)
#1 C:\xampp\htdocs\HMS_RegexByte\system\HTTP\ResponseTrait.php(774): setcookie('ci_session', '56me6f6sh6v2eq3...', Array)
#2 C:\xampp\htdocs\HMS_RegexByte\system\HTTP\ResponseTrait.php(750): CodeIgniter\HTTP\Response->doSetCookie('ci_session', '56me6f6sh6v2eq3...', Array)
#3 C:\xampp\htdocs\HMS_RegexByte\system\HTTP\ResponseTrait.php(730): CodeIgniter\HTTP\Response->dispatchCookies()
#4 C:\xampp\htdocs\HMS_RegexByte\system\HTTP\ResponseTrait.php(447): CodeIgniter\HTTP\Response->sendCookies()
#5 C:\xampp\htdocs\HMS_RegexByte\system\CodeIgniter.php(1112): CodeIgniter\HTTP\Response->send()
#6 C:\xampp\htdocs\HMS_RegexByte\system\CodeIgniter.php(381): CodeIgniter\CodeIgniter->sendResponse()
#7 C:\xampp\htdocs\HMS_RegexByte\index.php(79): CodeIgniter\CodeIgniter->run()
#8 {main}
in SYSTEMPATH\HTTP\ResponseTrait.php on line 774.
 1 [internal function]: CodeIgniter\Debug\Exceptions->shutdownHandler()
INFO - 2024-06-08 07:07:40 --> Session: Class initialized using 'CodeIgniter\Session\Handlers\FileHandler' driver.
INFO - 2024-06-08 07:07:58 --> Session: Class initialized using 'CodeIgniter\Session\Handlers\FileHandler' driver.
CRITICAL - 2024-06-08 07:07:58 --> Cannot modify header information - headers already sent
in SYSTEMPATH\HTTP\ResponseTrait.php on line 774.
 1 [internal function]: CodeIgniter\Debug\Exceptions->errorHandler(2, 'Cannot modify header information - headers already sent', 'C:\\xampp\\htdocs\\HMS_RegexByte\\system\\HTTP\\ResponseTrait.php', 774)
 2 SYSTEMPATH\HTTP\ResponseTrait.php(774): setcookie('ci_session', '56me6f6sh6v2eq3fujr2ukj5bnprvb0m', [...])
 3 SYSTEMPATH\HTTP\ResponseTrait.php(750): CodeIgniter\HTTP\Response->doSetCookie('ci_session', '56me6f6sh6v2eq3fujr2ukj5bnprvb0m', [...])
 4 SYSTEMPATH\HTTP\ResponseTrait.php(730): CodeIgniter\HTTP\Response->dispatchCookies()
 5 SYSTEMPATH\HTTP\ResponseTrait.php(447): CodeIgniter\HTTP\Response->sendCookies()
 6 SYSTEMPATH\CodeIgniter.php(1112): CodeIgniter\HTTP\Response->send()
 7 SYSTEMPATH\CodeIgniter.php(381): CodeIgniter\CodeIgniter->sendResponse()
 8 FCPATH\index.php(79): CodeIgniter\CodeIgniter->run()
CRITICAL - 2024-06-08 07:07:59 --> Uncaught ErrorException: Cannot modify header information - headers already sent in C:\xampp\htdocs\HMS_RegexByte\system\HTTP\ResponseTrait.php:774
Stack trace:
#0 [internal function]: CodeIgniter\Debug\Exceptions->errorHandler(2, 'Cannot modify h...', 'C:\\xampp\\htdocs...', 774)
#1 C:\xampp\htdocs\HMS_RegexByte\system\HTTP\ResponseTrait.php(774): setcookie('ci_session', '56me6f6sh6v2eq3...', Array)
#2 C:\xampp\htdocs\HMS_RegexByte\system\HTTP\ResponseTrait.php(750): CodeIgniter\HTTP\Response->doSetCookie('ci_session', '56me6f6sh6v2eq3...', Array)
#3 C:\xampp\htdocs\HMS_RegexByte\system\HTTP\ResponseTrait.php(730): CodeIgniter\HTTP\Response->dispatchCookies()
#4 C:\xampp\htdocs\HMS_RegexByte\system\HTTP\ResponseTrait.php(447): CodeIgniter\HTTP\Response->sendCookies()
#5 C:\xampp\htdocs\HMS_RegexByte\system\Debug\ExceptionHandler.php(81): CodeIgniter\HTTP\Response->send()
#6 C:\xampp\htdocs\HMS_RegexByte\system\Debug\Exceptions.php(148): CodeIgniter\Debug\ExceptionHandler->handle(Object(ErrorException), Object(CodeIgniter\HTTP\IncomingRequest), Object(CodeIgniter\HTTP\Response), 500, 1)
#7 [internal function]: CodeIgniter\Debug\Exceptions->exceptionHandler(Object(ErrorException))
#8 {main}
  thrown
【Previous Exception】
ErrorException
Cannot modify header information - headers already sent
#0 [internal function]: CodeIgniter\Debug\Exceptions->errorHandler(2, 'Cannot modify h...', 'C:\\xampp\\htdocs...', 774)
#1 C:\xampp\htdocs\HMS_RegexByte\system\HTTP\ResponseTrait.php(774): setcookie('ci_session', '56me6f6sh6v2eq3...', Array)
#2 C:\xampp\htdocs\HMS_RegexByte\system\HTTP\ResponseTrait.php(750): CodeIgniter\HTTP\Response->doSetCookie('ci_session', '56me6f6sh6v2eq3...', Array)
#3 C:\xampp\htdocs\HMS_RegexByte\system\HTTP\ResponseTrait.php(730): CodeIgniter\HTTP\Response->dispatchCookies()
#4 C:\xampp\htdocs\HMS_RegexByte\system\HTTP\ResponseTrait.php(447): CodeIgniter\HTTP\Response->sendCookies()
#5 C:\xampp\htdocs\HMS_RegexByte\system\CodeIgniter.php(1112): CodeIgniter\HTTP\Response->send()
#6 C:\xampp\htdocs\HMS_RegexByte\system\CodeIgniter.php(381): CodeIgniter\CodeIgniter->sendResponse()
#7 C:\xampp\htdocs\HMS_RegexByte\index.php(79): CodeIgniter\CodeIgniter->run()
#8 {main}
in SYSTEMPATH\HTTP\ResponseTrait.php on line 774.
 1 [internal function]: CodeIgniter\Debug\Exceptions->shutdownHandler()
INFO - 2024-06-08 07:10:15 --> Session: Class initialized using 'CodeIgniter\Session\Handlers\FileHandler' driver.
INFO - 2024-06-08 07:10:35 --> Session: Class initialized using 'CodeIgniter\Session\Handlers\FileHandler' driver.
CRITICAL - 2024-06-08 07:10:35 --> Cannot modify header information - headers already sent
in SYSTEMPATH\HTTP\ResponseTrait.php on line 774.
 1 [internal function]: CodeIgniter\Debug\Exceptions->errorHandler(2, 'Cannot modify header information - headers already sent', 'C:\\xampp\\htdocs\\HMS_RegexByte\\system\\HTTP\\ResponseTrait.php', 774)
 2 SYSTEMPATH\HTTP\ResponseTrait.php(774): setcookie('ci_session', '66998k0s8skpt92fr5ll75p57pj1mibn', [...])
 3 SYSTEMPATH\HTTP\ResponseTrait.php(750): CodeIgniter\HTTP\Response->doSetCookie('ci_session', '66998k0s8skpt92fr5ll75p57pj1mibn', [...])
 4 SYSTEMPATH\HTTP\ResponseTrait.php(730): CodeIgniter\HTTP\Response->dispatchCookies()
 5 SYSTEMPATH\HTTP\ResponseTrait.php(447): CodeIgniter\HTTP\Response->sendCookies()
 6 SYSTEMPATH\CodeIgniter.php(1112): CodeIgniter\HTTP\Response->send()
 7 SYSTEMPATH\CodeIgniter.php(381): CodeIgniter\CodeIgniter->sendResponse()
 8 FCPATH\index.php(79): CodeIgniter\CodeIgniter->run()
CRITICAL - 2024-06-08 07:10:36 --> Uncaught ErrorException: Cannot modify header information - headers already sent in C:\xampp\htdocs\HMS_RegexByte\system\HTTP\ResponseTrait.php:774
Stack trace:
#0 [internal function]: CodeIgniter\Debug\Exceptions->errorHandler(2, 'Cannot modify h...', 'C:\\xampp\\htdocs...', 774)
#1 C:\xampp\htdocs\HMS_RegexByte\system\HTTP\ResponseTrait.php(774): setcookie('ci_session', '66998k0s8skpt92...', Array)
#2 C:\xampp\htdocs\HMS_RegexByte\system\HTTP\ResponseTrait.php(750): CodeIgniter\HTTP\Response->doSetCookie('ci_session', '66998k0s8skpt92...', Array)
#3 C:\xampp\htdocs\HMS_RegexByte\system\HTTP\ResponseTrait.php(730): CodeIgniter\HTTP\Response->dispatchCookies()
#4 C:\xampp\htdocs\HMS_RegexByte\system\HTTP\ResponseTrait.php(447): CodeIgniter\HTTP\Response->sendCookies()
#5 C:\xampp\htdocs\HMS_RegexByte\system\Debug\ExceptionHandler.php(81): CodeIgniter\HTTP\Response->send()
#6 C:\xampp\htdocs\HMS_RegexByte\system\Debug\Exceptions.php(148): CodeIgniter\Debug\ExceptionHandler->handle(Object(ErrorException), Object(CodeIgniter\HTTP\IncomingRequest), Object(CodeIgniter\HTTP\Response), 500, 1)
#7 [internal function]: CodeIgniter\Debug\Exceptions->exceptionHandler(Object(ErrorException))
#8 {main}
  thrown
【Previous Exception】
ErrorException
Cannot modify header information - headers already sent
#0 [internal function]: CodeIgniter\Debug\Exceptions->errorHandler(2, 'Cannot modify h...', 'C:\\xampp\\htdocs...', 774)
#1 C:\xampp\htdocs\HMS_RegexByte\system\HTTP\ResponseTrait.php(774): setcookie('ci_session', '66998k0s8skpt92...', Array)
#2 C:\xampp\htdocs\HMS_RegexByte\system\HTTP\ResponseTrait.php(750): CodeIgniter\HTTP\Response->doSetCookie('ci_session', '66998k0s8skpt92...', Array)
#3 C:\xampp\htdocs\HMS_RegexByte\system\HTTP\ResponseTrait.php(730): CodeIgniter\HTTP\Response->dispatchCookies()
#4 C:\xampp\htdocs\HMS_RegexByte\system\HTTP\ResponseTrait.php(447): CodeIgniter\HTTP\Response->sendCookies()
#5 C:\xampp\htdocs\HMS_RegexByte\system\CodeIgniter.php(1112): CodeIgniter\HTTP\Response->send()
#6 C:\xampp\htdocs\HMS_RegexByte\system\CodeIgniter.php(381): CodeIgniter\CodeIgniter->sendResponse()
#7 C:\xampp\htdocs\HMS_RegexByte\index.php(79): CodeIgniter\CodeIgniter->run()
#8 {main}
in SYSTEMPATH\HTTP\ResponseTrait.php on line 774.
 1 [internal function]: CodeIgniter\Debug\Exceptions->shutdownHandler()
INFO - 2024-06-08 07:13:29 --> Session: Class initialized using 'CodeIgniter\Session\Handlers\FileHandler' driver.
INFO - 2024-06-08 07:13:43 --> Session: Class initialized using 'CodeIgniter\Session\Handlers\FileHandler' driver.
INFO - 2024-06-08 07:15:35 --> Session: Class initialized using 'CodeIgniter\Session\Handlers\FileHandler' driver.
INFO - 2024-06-08 07:15:45 --> Session: Class initialized using 'CodeIgniter\Session\Handlers\FileHandler' driver.
INFO - 2024-06-08 07:16:59 --> Session: Class initialized using 'CodeIgniter\Session\Handlers\FileHandler' driver.
INFO - 2024-06-08 07:19:14 --> Session: Class initialized using 'CodeIgniter\Session\Handlers\FileHandler' driver.
INFO - 2024-06-08 07:21:45 --> Session: Class initialized using 'CodeIgniter\Session\Handlers\FileHandler' driver.
DEBUG - 2024-06-08 07:21:46 --> Updating inventory for item: 3046 with quantity: 1
DEBUG - 2024-06-08 07:21:46 --> Updating inventory for item: 3047 with quantity: 2
ERROR - 2024-06-08 07:21:46 --> mysqli_sql_exception: Unknown column 'idReceipt' in 'field list' in C:\xampp\htdocs\HMS_RegexByte\system\Database\MySQLi\Connection.php:306
Stack trace:
#0 C:\xampp\htdocs\HMS_RegexByte\system\Database\MySQLi\Connection.php(306): mysqli->query('INSERT INTO `in...', 0)
#1 C:\xampp\htdocs\HMS_RegexByte\system\Database\BaseConnection.php(693): CodeIgniter\Database\MySQLi\Connection->execute('INSERT INTO `in...')
#2 C:\xampp\htdocs\HMS_RegexByte\system\Database\BaseConnection.php(607): CodeIgniter\Database\BaseConnection->simpleQuery('INSERT INTO `in...')
#3 C:\xampp\htdocs\HMS_RegexByte\system\Database\BaseBuilder.php(2308): CodeIgniter\Database\BaseConnection->query('INSERT INTO `in...', Array, false)
#4 C:\xampp\htdocs\HMS_RegexByte\system\Model.php(319): CodeIgniter\Database\BaseBuilder->insert()
#5 C:\xampp\htdocs\HMS_RegexByte\system\BaseModel.php(788): CodeIgniter\Model->doInsert(Array)
#6 C:\xampp\htdocs\HMS_RegexByte\system\Model.php(715): CodeIgniter\BaseModel->insert(Array, true)
#7 C:\xampp\htdocs\HMS_RegexByte\app\Models\InvoiceDetailsModel.php(20): CodeIgniter\Model->insert(Array)
#8 C:\xampp\htdocs\HMS_RegexByte\app\Controllers\SalesController.php(400): App\Models\InvoiceDetailsModel->insertInvoicePayment(Array)
#9 C:\xampp\htdocs\HMS_RegexByte\system\CodeIgniter.php(942): App\Controllers\SalesController->submitServices()
#10 C:\xampp\htdocs\HMS_RegexByte\system\CodeIgniter.php(502): CodeIgniter\CodeIgniter->runController(Object(App\Controllers\SalesController))
#11 C:\xampp\htdocs\HMS_RegexByte\system\CodeIgniter.php(361): CodeIgniter\CodeIgniter->handleRequest(NULL, Object(Config\Cache), false)
#12 C:\xampp\htdocs\HMS_RegexByte\index.php(79): CodeIgniter\CodeIgniter->run()
#13 {main}
INFO - 2024-06-08 07:24:54 --> Session: Class initialized using 'CodeIgniter\Session\Handlers\FileHandler' driver.
INFO - 2024-06-08 07:26:47 --> Session: Class initialized using 'CodeIgniter\Session\Handlers\FileHandler' driver.
DEBUG - 2024-06-08 07:26:47 --> Updating inventory for item: 3046 with quantity: 2
DEBUG - 2024-06-08 07:26:47 --> Updating inventory for item: 3047 with quantity: 3
ERROR - 2024-06-08 07:26:47 --> mysqli_sql_exception: Unknown column 'idReceipt' in 'field list' in C:\xampp\htdocs\HMS_RegexByte\system\Database\MySQLi\Connection.php:306
Stack trace:
#0 C:\xampp\htdocs\HMS_RegexByte\system\Database\MySQLi\Connection.php(306): mysqli->query('INSERT INTO `in...', 0)
#1 C:\xampp\htdocs\HMS_RegexByte\system\Database\BaseConnection.php(693): CodeIgniter\Database\MySQLi\Connection->execute('INSERT INTO `in...')
#2 C:\xampp\htdocs\HMS_RegexByte\system\Database\BaseConnection.php(607): CodeIgniter\Database\BaseConnection->simpleQuery('INSERT INTO `in...')
#3 C:\xampp\htdocs\HMS_RegexByte\system\Database\BaseBuilder.php(2308): CodeIgniter\Database\BaseConnection->query('INSERT INTO `in...', Array, false)
#4 C:\xampp\htdocs\HMS_RegexByte\system\Model.php(319): CodeIgniter\Database\BaseBuilder->insert()
#5 C:\xampp\htdocs\HMS_RegexByte\system\BaseModel.php(788): CodeIgniter\Model->doInsert(Array)
#6 C:\xampp\htdocs\HMS_RegexByte\system\Model.php(715): CodeIgniter\BaseModel->insert(Array, true)
#7 C:\xampp\htdocs\HMS_RegexByte\app\Models\InvoiceDetailsModel.php(20): CodeIgniter\Model->insert(Array)
#8 C:\xampp\htdocs\HMS_RegexByte\app\Controllers\SalesController.php(400): App\Models\InvoiceDetailsModel->insertInvoicePayment(Array)
#9 C:\xampp\htdocs\HMS_RegexByte\system\CodeIgniter.php(942): App\Controllers\SalesController->submitServices()
#10 C:\xampp\htdocs\HMS_RegexByte\system\CodeIgniter.php(502): CodeIgniter\CodeIgniter->runController(Object(App\Controllers\SalesController))
#11 C:\xampp\htdocs\HMS_RegexByte\system\CodeIgniter.php(361): CodeIgniter\CodeIgniter->handleRequest(NULL, Object(Config\Cache), false)
#12 C:\xampp\htdocs\HMS_RegexByte\index.php(79): CodeIgniter\CodeIgniter->run()
#13 {main}
INFO - 2024-06-08 07:35:28 --> Session: Class initialized using 'CodeIgniter\Session\Handlers\FileHandler' driver.
INFO - 2024-06-08 07:36:13 --> Session: Class initialized using 'CodeIgniter\Session\Handlers\FileHandler' driver.
DEBUG - 2024-06-08 07:36:13 --> Updating inventory for item: 3046 with quantity: 2
DEBUG - 2024-06-08 07:36:13 --> Updating inventory for item: 3047 with quantity: 3
ERROR - 2024-06-08 07:36:13 --> mysqli_sql_exception: Unknown column 'idReceipt' in 'field list' in C:\xampp\htdocs\HMS_RegexByte\system\Database\MySQLi\Connection.php:306
Stack trace:
#0 C:\xampp\htdocs\HMS_RegexByte\system\Database\MySQLi\Connection.php(306): mysqli->query('INSERT INTO `in...', 0)
#1 C:\xampp\htdocs\HMS_RegexByte\system\Database\BaseConnection.php(693): CodeIgniter\Database\MySQLi\Connection->execute('INSERT INTO `in...')
#2 C:\xampp\htdocs\HMS_RegexByte\system\Database\BaseConnection.php(607): CodeIgniter\Database\BaseConnection->simpleQuery('INSERT INTO `in...')
#3 C:\xampp\htdocs\HMS_RegexByte\system\Database\BaseBuilder.php(2308): CodeIgniter\Database\BaseConnection->query('INSERT INTO `in...', Array, false)
#4 C:\xampp\htdocs\HMS_RegexByte\system\Model.php(319): CodeIgniter\Database\BaseBuilder->insert()
#5 C:\xampp\htdocs\HMS_RegexByte\system\BaseModel.php(788): CodeIgniter\Model->doInsert(Array)
#6 C:\xampp\htdocs\HMS_RegexByte\system\Model.php(715): CodeIgniter\BaseModel->insert(Array, true)
#7 C:\xampp\htdocs\HMS_RegexByte\app\Models\InvoiceDetailsModel.php(20): CodeIgniter\Model->insert(Array)
#8 C:\xampp\htdocs\HMS_RegexByte\app\Controllers\SalesController.php(400): App\Models\InvoiceDetailsModel->insertInvoicePayment(Array)
#9 C:\xampp\htdocs\HMS_RegexByte\system\CodeIgniter.php(942): App\Controllers\SalesController->submitServices()
#10 C:\xampp\htdocs\HMS_RegexByte\system\CodeIgniter.php(502): CodeIgniter\CodeIgniter->runController(Object(App\Controllers\SalesController))
#11 C:\xampp\htdocs\HMS_RegexByte\system\CodeIgniter.php(361): CodeIgniter\CodeIgniter->handleRequest(NULL, Object(Config\Cache), false)
#12 C:\xampp\htdocs\HMS_RegexByte\index.php(79): CodeIgniter\CodeIgniter->run()
#13 {main}
INFO - 2024-06-08 07:40:04 --> Session: Class initialized using 'CodeIgniter\Session\Handlers\FileHandler' driver.
INFO - 2024-06-08 07:40:35 --> Session: Class initialized using 'CodeIgniter\Session\Handlers\FileHandler' driver.
DEBUG - 2024-06-08 07:40:35 --> Updating inventory for item: 3046 with quantity: 2
DEBUG - 2024-06-08 07:40:35 --> Updating inventory for item: 3047 with quantity: 3
ERROR - 2024-06-08 07:40:35 --> mysqli_sql_exception: Unknown column 'idReceipt' in 'field list' in C:\xampp\htdocs\HMS_RegexByte\system\Database\MySQLi\Connection.php:306
Stack trace:
#0 C:\xampp\htdocs\HMS_RegexByte\system\Database\MySQLi\Connection.php(306): mysqli->query('INSERT INTO `in...', 0)
#1 C:\xampp\htdocs\HMS_RegexByte\system\Database\BaseConnection.php(693): CodeIgniter\Database\MySQLi\Connection->execute('INSERT INTO `in...')
#2 C:\xampp\htdocs\HMS_RegexByte\system\Database\BaseConnection.php(607): CodeIgniter\Database\BaseConnection->simpleQuery('INSERT INTO `in...')
#3 C:\xampp\htdocs\HMS_RegexByte\system\Database\BaseBuilder.php(2308): CodeIgniter\Database\BaseConnection->query('INSERT INTO `in...', Array, false)
#4 C:\xampp\htdocs\HMS_RegexByte\system\Model.php(319): CodeIgniter\Database\BaseBuilder->insert()
#5 C:\xampp\htdocs\HMS_RegexByte\system\BaseModel.php(788): CodeIgniter\Model->doInsert(Array)
#6 C:\xampp\htdocs\HMS_RegexByte\system\Model.php(715): CodeIgniter\BaseModel->insert(Array, true)
#7 C:\xampp\htdocs\HMS_RegexByte\app\Models\InvoiceDetailsModel.php(20): CodeIgniter\Model->insert(Array)
#8 C:\xampp\htdocs\HMS_RegexByte\app\Controllers\SalesController.php(400): App\Models\InvoiceDetailsModel->insertInvoicePayment(Array)
#9 C:\xampp\htdocs\HMS_RegexByte\system\CodeIgniter.php(942): App\Controllers\SalesController->submitServices()
#10 C:\xampp\htdocs\HMS_RegexByte\system\CodeIgniter.php(502): CodeIgniter\CodeIgniter->runController(Object(App\Controllers\SalesController))
#11 C:\xampp\htdocs\HMS_RegexByte\system\CodeIgniter.php(361): CodeIgniter\CodeIgniter->handleRequest(NULL, Object(Config\Cache), false)
#12 C:\xampp\htdocs\HMS_RegexByte\index.php(79): CodeIgniter\CodeIgniter->run()
#13 {main}
